INFO: [SIM 2] *************** CSIM start ***************
INFO: [SIM 4] CSIM will launch GCC as the compiler.
   Compiling(apcc) ../../../../axi_interfaces_test.c in debug mode
INFO: [HLS 200-10] Running 'E:/xilinx/xilinx/Vitis_HLS/2022.1/bin/unwrapped/win64.o/apcc.exe'
INFO: [HLS 200-10] For user '?ô≥Êèö?ì?' on host 'desktop-gfc63dk' (Windows NT_amd64 version 6.2) on Sun Mar 12 03:00:31 +0800 2023
INFO: [HLS 200-10] In directory 'E:/HLS/Interface_Synthesis/lab4/axi_interfaces_prj/solution1/csim/build'
INFO: [APCC 202-3] Tmp directory is apcc_db
INFO: [APCC 202-1] APCC is done.
INFO: [HLS 200-112] Total CPU user time: 1 seconds. Total CPU system time: 1 seconds. Total elapsed time: 6.923 seconds; peak allocated memory: 1.156 MB.
   Compiling(apcc) ../../../../axi_interfaces.c in debug mode
INFO: [HLS 200-10] Running 'E:/xilinx/xilinx/Vitis_HLS/2022.1/bin/unwrapped/win64.o/apcc.exe'
INFO: [HLS 200-10] For user '?ô≥Êèö?ì?' on host 'desktop-gfc63dk' (Windows NT_amd64 version 6.2) on Sun Mar 12 03:00:40 +0800 2023
INFO: [HLS 200-10] In directory 'E:/HLS/Interface_Synthesis/lab4/axi_interfaces_prj/solution1/csim/build'
INFO: [APCC 202-3] Tmp directory is apcc_db
INFO: [APCC 202-1] APCC is done.
INFO: [HLS 200-112] Total CPU user time: 1 seconds. Total CPU system time: 1 seconds. Total elapsed time: 6.32 seconds; peak allocated memory: 1.395 MB.
   Generating csim.exe
Test passed !
INFO: [SIM 1] CSim done with 0 errors.
INFO: [SIM 3] *************** CSIM finish ***************
