

================================================================
== Vitis HLS Report for 'dct'
================================================================
* Date:           Mon Mar  6 13:37:04 2023

* Version:        2022.1 (Build 3526262 on Mon Apr 18 15:48:16 MDT 2022)
* Project:        dct_prj
* Solution:       solution4 (Vivado IP Flow Target)
* Product family: zynq
* Target device:  xc7z020-clg400-1


================================================================
== Performance Estimates
================================================================
+ Timing: 
    * Summary: 
    +--------+----------+----------+------------+
    |  Clock |  Target  | Estimated| Uncertainty|
    +--------+----------+----------+------------+
    |ap_clk  |  10.00 ns|  6.508 ns|     2.70 ns|
    +--------+----------+----------+------------+

+ Latency: 
    * Summary: 
    +---------+---------+----------+----------+-----+-----+---------+
    |  Latency (cycles) |  Latency (absolute) |  Interval | Pipeline|
    |   min   |   max   |    min   |    max   | min | max |   Type  |
    +---------+---------+----------+----------+-----+-----+---------+
    |      578|      578|  5.780 us|  5.780 us|  579|  579|       no|
    +---------+---------+----------+----------+-----+-----+---------+

    + Detail: 
        * Instance: 
        N/A

        * Loop: 
        +----------------+---------+---------+----------+-----------+-----------+------+----------+
        |                |  Latency (cycles) | Iteration|  Initiation Interval  | Trip |          |
        |    Loop Name   |   min   |   max   |  Latency |  achieved |   target  | Count| Pipelined|
        +----------------+---------+---------+----------+-----------+-----------+------+----------+
        |- Row_DCT_Loop  |      152|      152|        19|          -|          -|     8|        no|
        |- Col_DCT_Loop  |      152|      152|        19|          -|          -|     8|        no|
        +----------------+---------+---------+----------+-----------+-----------+------+----------+

============================================================
+ Verbose Summary: Synthesis Manager
============================================================
InlineROM: 1
ExposeGlobal: 0
============================================================
+ Verbose Summary: CDFG Model
============================================================
IsTopModel: 1
ResetActiveHigh: 1
IsCombinational: 0
IsDatapathOnly: 0
HasWiredReturn: 1
HasMFsm: 0
HasVarLatency: 1
IsPipeline: 0
IsRtlPipelined: 0
IsInstanceOverlapped: 0
IsDontTouch: 0
HasImplIP: 0
IsGatedGlobalClock: 0


============================================================
+ Verbose Summary: Schedule
============================================================
* Number of FSM states : 12
* Pipeline : 0
* Dataflow Pipeline: 0

* FSM state transitions: 
1 --> 2 
2 --> 3 
3 --> 4 6 
4 --> 5 
5 --> 3 
6 --> 7 
7 --> 8 10 
8 --> 9 
9 --> 7 
10 --> 11 
11 --> 12 
12 --> 

* FSM state operations: 

State 1 <SV = 0> <Delay = 1.58>
ST_1 : Operation 13 [1/1] (0.00ns)   --->   "%i = alloca i32 1"   --->   Operation 13 'alloca' 'i' <Predicate = true> <Delay = 0.00>
ST_1 : Operation 14 [1/1] (0.00ns)   --->   "%row_outbuf_i = alloca i64 1"   --->   Operation 14 'alloca' 'row_outbuf_i' <Predicate = true> <Delay = 0.00>
ST_1 : Operation 15 [1/1] (0.00ns)   --->   "%col_outbuf_i = alloca i64 1"   --->   Operation 15 'alloca' 'col_outbuf_i' <Predicate = true> <Delay = 0.00>
ST_1 : Operation 16 [1/1] (0.00ns)   --->   "%col_inbuf = alloca i64 1" [dct.cpp:33]   --->   Operation 16 'alloca' 'col_inbuf' <Predicate = true> <Delay = 0.00> <CoreInst = "RAM">   --->   Core 82 'RAM' <Latency = 1> <II = 1> <Delay = 2.32> <Storage> <Opcode : 'load' 'store'> <Ports = 2> <Width = 16> <Depth = 8> <RAM>
ST_1 : Operation 17 [1/1] (0.00ns)   --->   "%col_inbuf_1 = alloca i64 1" [dct.cpp:33]   --->   Operation 17 'alloca' 'col_inbuf_1' <Predicate = true> <Delay = 0.00> <CoreInst = "RAM">   --->   Core 82 'RAM' <Latency = 1> <II = 1> <Delay = 2.32> <Storage> <Opcode : 'load' 'store'> <Ports = 2> <Width = 16> <Depth = 8> <RAM>
ST_1 : Operation 18 [1/1] (0.00ns)   --->   "%col_inbuf_2 = alloca i64 1" [dct.cpp:33]   --->   Operation 18 'alloca' 'col_inbuf_2' <Predicate = true> <Delay = 0.00> <CoreInst = "RAM">   --->   Core 82 'RAM' <Latency = 1> <II = 1> <Delay = 2.32> <Storage> <Opcode : 'load' 'store'> <Ports = 2> <Width = 16> <Depth = 8> <RAM>
ST_1 : Operation 19 [1/1] (0.00ns)   --->   "%col_inbuf_3 = alloca i64 1" [dct.cpp:33]   --->   Operation 19 'alloca' 'col_inbuf_3' <Predicate = true> <Delay = 0.00> <CoreInst = "RAM">   --->   Core 82 'RAM' <Latency = 1> <II = 1> <Delay = 2.32> <Storage> <Opcode : 'load' 'store'> <Ports = 2> <Width = 16> <Depth = 8> <RAM>
ST_1 : Operation 20 [1/1] (0.00ns)   --->   "%col_inbuf_4 = alloca i64 1" [dct.cpp:33]   --->   Operation 20 'alloca' 'col_inbuf_4' <Predicate = true> <Delay = 0.00> <CoreInst = "RAM">   --->   Core 82 'RAM' <Latency = 1> <II = 1> <Delay = 2.32> <Storage> <Opcode : 'load' 'store'> <Ports = 2> <Width = 16> <Depth = 8> <RAM>
ST_1 : Operation 21 [1/1] (0.00ns)   --->   "%col_inbuf_5 = alloca i64 1" [dct.cpp:33]   --->   Operation 21 'alloca' 'col_inbuf_5' <Predicate = true> <Delay = 0.00> <CoreInst = "RAM">   --->   Core 82 'RAM' <Latency = 1> <II = 1> <Delay = 2.32> <Storage> <Opcode : 'load' 'store'> <Ports = 2> <Width = 16> <Depth = 8> <RAM>
ST_1 : Operation 22 [1/1] (0.00ns)   --->   "%col_inbuf_6 = alloca i64 1" [dct.cpp:33]   --->   Operation 22 'alloca' 'col_inbuf_6' <Predicate = true> <Delay = 0.00> <CoreInst = "RAM">   --->   Core 82 'RAM' <Latency = 1> <II = 1> <Delay = 2.32> <Storage> <Opcode : 'load' 'store'> <Ports = 2> <Width = 16> <Depth = 8> <RAM>
ST_1 : Operation 23 [1/1] (0.00ns)   --->   "%col_inbuf_7 = alloca i64 1" [dct.cpp:33]   --->   Operation 23 'alloca' 'col_inbuf_7' <Predicate = true> <Delay = 0.00> <CoreInst = "RAM">   --->   Core 82 'RAM' <Latency = 1> <II = 1> <Delay = 2.32> <Storage> <Opcode : 'load' 'store'> <Ports = 2> <Width = 16> <Depth = 8> <RAM>
ST_1 : Operation 24 [1/1] (0.00ns)   --->   "%buf_2d_in = alloca i64 1" [dct.cpp:105]   --->   Operation 24 'alloca' 'buf_2d_in' <Predicate = true> <Delay = 0.00> <CoreInst = "RAM">   --->   Core 82 'RAM' <Latency = 1> <II = 1> <Delay = 2.32> <Storage> <Opcode : 'load' 'store'> <Ports = 2> <Width = 16> <Depth = 8> <RAM>
ST_1 : Operation 25 [1/1] (0.00ns)   --->   "%buf_2d_in_1 = alloca i64 1" [dct.cpp:105]   --->   Operation 25 'alloca' 'buf_2d_in_1' <Predicate = true> <Delay = 0.00> <CoreInst = "RAM">   --->   Core 82 'RAM' <Latency = 1> <II = 1> <Delay = 2.32> <Storage> <Opcode : 'load' 'store'> <Ports = 2> <Width = 16> <Depth = 8> <RAM>
ST_1 : Operation 26 [1/1] (0.00ns)   --->   "%buf_2d_in_2 = alloca i64 1" [dct.cpp:105]   --->   Operation 26 'alloca' 'buf_2d_in_2' <Predicate = true> <Delay = 0.00> <CoreInst = "RAM">   --->   Core 82 'RAM' <Latency = 1> <II = 1> <Delay = 2.32> <Storage> <Opcode : 'load' 'store'> <Ports = 2> <Width = 16> <Depth = 8> <RAM>
ST_1 : Operation 27 [1/1] (0.00ns)   --->   "%buf_2d_in_3 = alloca i64 1" [dct.cpp:105]   --->   Operation 27 'alloca' 'buf_2d_in_3' <Predicate = true> <Delay = 0.00> <CoreInst = "RAM">   --->   Core 82 'RAM' <Latency = 1> <II = 1> <Delay = 2.32> <Storage> <Opcode : 'load' 'store'> <Ports = 2> <Width = 16> <Depth = 8> <RAM>
ST_1 : Operation 28 [1/1] (0.00ns)   --->   "%buf_2d_in_4 = alloca i64 1" [dct.cpp:105]   --->   Operation 28 'alloca' 'buf_2d_in_4' <Predicate = true> <Delay = 0.00> <CoreInst = "RAM">   --->   Core 82 'RAM' <Latency = 1> <II = 1> <Delay = 2.32> <Storage> <Opcode : 'load' 'store'> <Ports = 2> <Width = 16> <Depth = 8> <RAM>
ST_1 : Operation 29 [1/1] (0.00ns)   --->   "%buf_2d_in_5 = alloca i64 1" [dct.cpp:105]   --->   Operation 29 'alloca' 'buf_2d_in_5' <Predicate = true> <Delay = 0.00> <CoreInst = "RAM">   --->   Core 82 'RAM' <Latency = 1> <II = 1> <Delay = 2.32> <Storage> <Opcode : 'load' 'store'> <Ports = 2> <Width = 16> <Depth = 8> <RAM>
ST_1 : Operation 30 [1/1] (0.00ns)   --->   "%buf_2d_in_6 = alloca i64 1" [dct.cpp:105]   --->   Operation 30 'alloca' 'buf_2d_in_6' <Predicate = true> <Delay = 0.00> <CoreInst = "RAM">   --->   Core 82 'RAM' <Latency = 1> <II = 1> <Delay = 2.32> <Storage> <Opcode : 'load' 'store'> <Ports = 2> <Width = 16> <Depth = 8> <RAM>
ST_1 : Operation 31 [1/1] (0.00ns)   --->   "%buf_2d_in_7 = alloca i64 1" [dct.cpp:105]   --->   Operation 31 'alloca' 'buf_2d_in_7' <Predicate = true> <Delay = 0.00> <CoreInst = "RAM">   --->   Core 82 'RAM' <Latency = 1> <II = 1> <Delay = 2.32> <Storage> <Opcode : 'load' 'store'> <Ports = 2> <Width = 16> <Depth = 8> <RAM>
ST_1 : Operation 32 [1/1] (0.00ns)   --->   "%buf_2d_out = alloca i64 1" [dct.cpp:106]   --->   Operation 32 'alloca' 'buf_2d_out' <Predicate = true> <Delay = 0.00>
ST_1 : Operation 33 [2/2] (0.00ns)   --->   "%call_ln0 = call void @dct_Pipeline_RD_Loop_Row_RD_Loop_Col, i16 %buf_2d_in, i16 %input_r, i16 %buf_2d_in_1, i16 %buf_2d_in_2, i16 %buf_2d_in_3, i16 %buf_2d_in_4, i16 %buf_2d_in_5, i16 %buf_2d_in_6, i16 %buf_2d_in_7"   --->   Operation 33 'call' 'call_ln0' <Predicate = true> <Delay = 0.00> <CoreType = "Generic">   --->   Core 0 '' <Latency = 0> <II = 1> <Delay = 1.00> <Generic> <Opcode : >
ST_1 : Operation 34 [1/1] (1.58ns)   --->   "%store_ln39 = store i4 0, i4 %i" [dct.cpp:39]   --->   Operation 34 'store' 'store_ln39' <Predicate = true> <Delay = 1.58>

State 2 <SV = 1> <Delay = 0.00>
ST_2 : Operation 35 [1/1] (0.00ns)   --->   "%spectopmodule_ln103 = spectopmodule void @_ssdm_op_SpecTopModule, void @empty_1" [dct.cpp:103]   --->   Operation 35 'spectopmodule' 'spectopmodule_ln103' <Predicate = true> <Delay = 0.00>
ST_2 : Operation 36 [1/1] (0.00ns)   --->   "%specinterface_ln0 = specinterface void @_ssdm_op_SpecInterface, i16 %input_r, void @empty, i32 0, i32 0, void @empty_0, i32 4294967295, i32 0, void @empty_0, void @empty_0, void @empty_0, i32 0, i32 0, i32 0, i32 0, void @empty_0, void @empty_0, i32 4294967295, i32 0"   --->   Operation 36 'specinterface' 'specinterface_ln0' <Predicate = true> <Delay = 0.00>
ST_2 : Operation 37 [1/1] (0.00ns)   --->   "%specbitsmap_ln0 = specbitsmap void @_ssdm_op_SpecBitsMap, i16 %input_r"   --->   Operation 37 'specbitsmap' 'specbitsmap_ln0' <Predicate = true> <Delay = 0.00>
ST_2 : Operation 38 [1/1] (0.00ns)   --->   "%specinterface_ln0 = specinterface void @_ssdm_op_SpecInterface, i16 %output_r, void @empty, i32 0, i32 0, void @empty_0, i32 4294967295, i32 0, void @empty_0, void @empty_0, void @empty_0, i32 0, i32 0, i32 0, i32 0, void @empty_0, void @empty_0, i32 4294967295, i32 0"   --->   Operation 38 'specinterface' 'specinterface_ln0' <Predicate = true> <Delay = 0.00>
ST_2 : Operation 39 [1/1] (0.00ns)   --->   "%specbitsmap_ln0 = specbitsmap void @_ssdm_op_SpecBitsMap, i16 %output_r"   --->   Operation 39 'specbitsmap' 'specbitsmap_ln0' <Predicate = true> <Delay = 0.00>
ST_2 : Operation 40 [1/2] (0.00ns)   --->   "%call_ln0 = call void @dct_Pipeline_RD_Loop_Row_RD_Loop_Col, i16 %buf_2d_in, i16 %input_r, i16 %buf_2d_in_1, i16 %buf_2d_in_2, i16 %buf_2d_in_3, i16 %buf_2d_in_4, i16 %buf_2d_in_5, i16 %buf_2d_in_6, i16 %buf_2d_in_7"   --->   Operation 40 'call' 'call_ln0' <Predicate = true> <Delay = 0.00> <CoreType = "Generic">   --->   Core 0 '' <Latency = 0> <II = 1> <Delay = 1.00> <Generic> <Opcode : >
ST_2 : Operation 41 [1/1] (0.00ns)   --->   "%br_ln39 = br void %for.inc.i4" [dct.cpp:39]   --->   Operation 41 'br' 'br_ln39' <Predicate = true> <Delay = 0.00>

State 3 <SV = 2> <Delay = 3.32>
ST_3 : Operation 42 [1/1] (0.00ns)   --->   "%i_2 = load i4 %i" [dct.cpp:39]   --->   Operation 42 'load' 'i_2' <Predicate = true> <Delay = 0.00>
ST_3 : Operation 43 [1/1] (0.00ns)   --->   "%zext_ln39 = zext i4 %i_2" [dct.cpp:39]   --->   Operation 43 'zext' 'zext_ln39' <Predicate = true> <Delay = 0.00>
ST_3 : Operation 44 [1/1] (0.00ns)   --->   "%trunc_ln39 = trunc i4 %i_2" [dct.cpp:39]   --->   Operation 44 'trunc' 'trunc_ln39' <Predicate = true> <Delay = 0.00>
ST_3 : Operation 45 [1/1] (1.30ns)   --->   "%icmp_ln39 = icmp_eq  i4 %i_2, i4 8" [dct.cpp:39]   --->   Operation 45 'icmp' 'icmp_ln39' <Predicate = true> <Delay = 1.30> <CoreInst = "Cmp">   --->   Core 9 'Cmp' <Latency = 0> <II = 1> <Delay = 1.30> <FuncUnit> <Opcode : 'icmp'> <InPorts = 2> <OutPorts = 1>
ST_3 : Operation 46 [1/1] (0.00ns)   --->   "%empty = speclooptripcount i32 @_ssdm_op_SpecLoopTripCount, i64 8, i64 8, i64 8"   --->   Operation 46 'speclooptripcount' 'empty' <Predicate = true> <Delay = 0.00>
ST_3 : Operation 47 [1/1] (1.73ns)   --->   "%add_ln39 = add i4 %i_2, i4 1" [dct.cpp:39]   --->   Operation 47 'add' 'add_ln39' <Predicate = true> <Delay = 1.73> <CoreInst = "Adder">   --->   Core 1 'Adder' <Latency = 0> <II = 1> <Delay = 1.73> <FuncUnit> <Opcode : 'add' 'sub'> <InPorts = 2> <OutPorts = 1>
ST_3 : Operation 48 [1/1] (0.00ns)   --->   "%br_ln39 = br i1 %icmp_ln39, void %for.inc.i4.split, void %for.inc18.i.preheader" [dct.cpp:39]   --->   Operation 48 'br' 'br_ln39' <Predicate = true> <Delay = 0.00>
ST_3 : Operation 49 [1/1] (0.00ns)   --->   "%buf_2d_in_addr = getelementptr i16 %buf_2d_in, i64 0, i64 %zext_ln39" [dct.cpp:40]   --->   Operation 49 'getelementptr' 'buf_2d_in_addr' <Predicate = (!icmp_ln39)> <Delay = 0.00>
ST_3 : Operation 50 [1/1] (0.00ns)   --->   "%buf_2d_in_1_addr = getelementptr i16 %buf_2d_in_1, i64 0, i64 %zext_ln39" [dct.cpp:40]   --->   Operation 50 'getelementptr' 'buf_2d_in_1_addr' <Predicate = (!icmp_ln39)> <Delay = 0.00>
ST_3 : Operation 51 [1/1] (0.00ns)   --->   "%buf_2d_in_2_addr = getelementptr i16 %buf_2d_in_2, i64 0, i64 %zext_ln39" [dct.cpp:40]   --->   Operation 51 'getelementptr' 'buf_2d_in_2_addr' <Predicate = (!icmp_ln39)> <Delay = 0.00>
ST_3 : Operation 52 [1/1] (0.00ns)   --->   "%buf_2d_in_3_addr = getelementptr i16 %buf_2d_in_3, i64 0, i64 %zext_ln39" [dct.cpp:40]   --->   Operation 52 'getelementptr' 'buf_2d_in_3_addr' <Predicate = (!icmp_ln39)> <Delay = 0.00>
ST_3 : Operation 53 [1/1] (0.00ns)   --->   "%buf_2d_in_4_addr = getelementptr i16 %buf_2d_in_4, i64 0, i64 %zext_ln39" [dct.cpp:40]   --->   Operation 53 'getelementptr' 'buf_2d_in_4_addr' <Predicate = (!icmp_ln39)> <Delay = 0.00>
ST_3 : Operation 54 [1/1] (0.00ns)   --->   "%buf_2d_in_5_addr = getelementptr i16 %buf_2d_in_5, i64 0, i64 %zext_ln39" [dct.cpp:40]   --->   Operation 54 'getelementptr' 'buf_2d_in_5_addr' <Predicate = (!icmp_ln39)> <Delay = 0.00>
ST_3 : Operation 55 [1/1] (0.00ns)   --->   "%buf_2d_in_6_addr = getelementptr i16 %buf_2d_in_6, i64 0, i64 %zext_ln39" [dct.cpp:40]   --->   Operation 55 'getelementptr' 'buf_2d_in_6_addr' <Predicate = (!icmp_ln39)> <Delay = 0.00>
ST_3 : Operation 56 [1/1] (0.00ns)   --->   "%buf_2d_in_7_addr = getelementptr i16 %buf_2d_in_7, i64 0, i64 %zext_ln39" [dct.cpp:40]   --->   Operation 56 'getelementptr' 'buf_2d_in_7_addr' <Predicate = (!icmp_ln39)> <Delay = 0.00>
ST_3 : Operation 57 [2/2] (2.32ns)   --->   "%buf_2d_in_load = load i3 %buf_2d_in_addr" [dct.cpp:40]   --->   Operation 57 'load' 'buf_2d_in_load' <Predicate = (!icmp_ln39)> <Delay = 2.32> <CoreInst = "RAM">   --->   Core 82 'RAM' <Latency = 1> <II = 1> <Delay = 2.32> <Storage> <Opcode : 'load' 'store'> <Ports = 2> <Width = 16> <Depth = 8> <RAM>
ST_3 : Operation 58 [2/2] (2.32ns)   --->   "%buf_2d_in_1_load = load i3 %buf_2d_in_1_addr" [dct.cpp:40]   --->   Operation 58 'load' 'buf_2d_in_1_load' <Predicate = (!icmp_ln39)> <Delay = 2.32> <CoreInst = "RAM">   --->   Core 82 'RAM' <Latency = 1> <II = 1> <Delay = 2.32> <Storage> <Opcode : 'load' 'store'> <Ports = 2> <Width = 16> <Depth = 8> <RAM>
ST_3 : Operation 59 [2/2] (2.32ns)   --->   "%buf_2d_in_2_load = load i3 %buf_2d_in_2_addr" [dct.cpp:40]   --->   Operation 59 'load' 'buf_2d_in_2_load' <Predicate = (!icmp_ln39)> <Delay = 2.32> <CoreInst = "RAM">   --->   Core 82 'RAM' <Latency = 1> <II = 1> <Delay = 2.32> <Storage> <Opcode : 'load' 'store'> <Ports = 2> <Width = 16> <Depth = 8> <RAM>
ST_3 : Operation 60 [2/2] (2.32ns)   --->   "%buf_2d_in_3_load = load i3 %buf_2d_in_3_addr" [dct.cpp:40]   --->   Operation 60 'load' 'buf_2d_in_3_load' <Predicate = (!icmp_ln39)> <Delay = 2.32> <CoreInst = "RAM">   --->   Core 82 'RAM' <Latency = 1> <II = 1> <Delay = 2.32> <Storage> <Opcode : 'load' 'store'> <Ports = 2> <Width = 16> <Depth = 8> <RAM>
ST_3 : Operation 61 [2/2] (2.32ns)   --->   "%buf_2d_in_4_load = load i3 %buf_2d_in_4_addr" [dct.cpp:40]   --->   Operation 61 'load' 'buf_2d_in_4_load' <Predicate = (!icmp_ln39)> <Delay = 2.32> <CoreInst = "RAM">   --->   Core 82 'RAM' <Latency = 1> <II = 1> <Delay = 2.32> <Storage> <Opcode : 'load' 'store'> <Ports = 2> <Width = 16> <Depth = 8> <RAM>
ST_3 : Operation 62 [2/2] (2.32ns)   --->   "%buf_2d_in_5_load = load i3 %buf_2d_in_5_addr" [dct.cpp:40]   --->   Operation 62 'load' 'buf_2d_in_5_load' <Predicate = (!icmp_ln39)> <Delay = 2.32> <CoreInst = "RAM">   --->   Core 82 'RAM' <Latency = 1> <II = 1> <Delay = 2.32> <Storage> <Opcode : 'load' 'store'> <Ports = 2> <Width = 16> <Depth = 8> <RAM>
ST_3 : Operation 63 [2/2] (2.32ns)   --->   "%buf_2d_in_6_load = load i3 %buf_2d_in_6_addr" [dct.cpp:40]   --->   Operation 63 'load' 'buf_2d_in_6_load' <Predicate = (!icmp_ln39)> <Delay = 2.32> <CoreInst = "RAM">   --->   Core 82 'RAM' <Latency = 1> <II = 1> <Delay = 2.32> <Storage> <Opcode : 'load' 'store'> <Ports = 2> <Width = 16> <Depth = 8> <RAM>
ST_3 : Operation 64 [2/2] (2.32ns)   --->   "%buf_2d_in_7_load = load i3 %buf_2d_in_7_addr" [dct.cpp:40]   --->   Operation 64 'load' 'buf_2d_in_7_load' <Predicate = (!icmp_ln39)> <Delay = 2.32> <CoreInst = "RAM">   --->   Core 82 'RAM' <Latency = 1> <II = 1> <Delay = 2.32> <Storage> <Opcode : 'load' 'store'> <Ports = 2> <Width = 16> <Depth = 8> <RAM>
ST_3 : Operation 65 [1/1] (1.58ns)   --->   "%store_ln39 = store i4 %add_ln39, i4 %i" [dct.cpp:39]   --->   Operation 65 'store' 'store_ln39' <Predicate = (!icmp_ln39)> <Delay = 1.58>
ST_3 : Operation 66 [1/1] (0.00ns)   --->   "%i_1 = alloca i32 1"   --->   Operation 66 'alloca' 'i_1' <Predicate = (icmp_ln39)> <Delay = 0.00>
ST_3 : Operation 67 [2/2] (0.00ns)   --->   "%call_ln0 = call void @dct_Pipeline_Xpose_Row_Outer_Loop_Xpose_Row_Inner_Loop, i16 %col_inbuf, i16 %row_outbuf_i, i16 %col_inbuf_1, i16 %col_inbuf_2, i16 %col_inbuf_3, i16 %col_inbuf_4, i16 %col_inbuf_5, i16 %col_inbuf_6, i16 %col_inbuf_7"   --->   Operation 67 'call' 'call_ln0' <Predicate = (icmp_ln39)> <Delay = 0.00> <CoreType = "Generic">   --->   Core 0 '' <Latency = 0> <II = 1> <Delay = 1.00> <Generic> <Opcode : >
ST_3 : Operation 68 [1/1] (1.58ns)   --->   "%store_ln54 = store i4 0, i4 %i_1" [dct.cpp:54]   --->   Operation 68 'store' 'store_ln54' <Predicate = (icmp_ln39)> <Delay = 1.58>

State 4 <SV = 3> <Delay = 2.32>
ST_4 : Operation 69 [1/2] (2.32ns)   --->   "%buf_2d_in_load = load i3 %buf_2d_in_addr" [dct.cpp:40]   --->   Operation 69 'load' 'buf_2d_in_load' <Predicate = true> <Delay = 2.32> <CoreInst = "RAM">   --->   Core 82 'RAM' <Latency = 1> <II = 1> <Delay = 2.32> <Storage> <Opcode : 'load' 'store'> <Ports = 2> <Width = 16> <Depth = 8> <RAM>
ST_4 : Operation 70 [1/2] (2.32ns)   --->   "%buf_2d_in_1_load = load i3 %buf_2d_in_1_addr" [dct.cpp:40]   --->   Operation 70 'load' 'buf_2d_in_1_load' <Predicate = true> <Delay = 2.32> <CoreInst = "RAM">   --->   Core 82 'RAM' <Latency = 1> <II = 1> <Delay = 2.32> <Storage> <Opcode : 'load' 'store'> <Ports = 2> <Width = 16> <Depth = 8> <RAM>
ST_4 : Operation 71 [1/2] (2.32ns)   --->   "%buf_2d_in_2_load = load i3 %buf_2d_in_2_addr" [dct.cpp:40]   --->   Operation 71 'load' 'buf_2d_in_2_load' <Predicate = true> <Delay = 2.32> <CoreInst = "RAM">   --->   Core 82 'RAM' <Latency = 1> <II = 1> <Delay = 2.32> <Storage> <Opcode : 'load' 'store'> <Ports = 2> <Width = 16> <Depth = 8> <RAM>
ST_4 : Operation 72 [1/2] (2.32ns)   --->   "%buf_2d_in_3_load = load i3 %buf_2d_in_3_addr" [dct.cpp:40]   --->   Operation 72 'load' 'buf_2d_in_3_load' <Predicate = true> <Delay = 2.32> <CoreInst = "RAM">   --->   Core 82 'RAM' <Latency = 1> <II = 1> <Delay = 2.32> <Storage> <Opcode : 'load' 'store'> <Ports = 2> <Width = 16> <Depth = 8> <RAM>
ST_4 : Operation 73 [1/2] (2.32ns)   --->   "%buf_2d_in_4_load = load i3 %buf_2d_in_4_addr" [dct.cpp:40]   --->   Operation 73 'load' 'buf_2d_in_4_load' <Predicate = true> <Delay = 2.32> <CoreInst = "RAM">   --->   Core 82 'RAM' <Latency = 1> <II = 1> <Delay = 2.32> <Storage> <Opcode : 'load' 'store'> <Ports = 2> <Width = 16> <Depth = 8> <RAM>
ST_4 : Operation 74 [1/2] (2.32ns)   --->   "%buf_2d_in_5_load = load i3 %buf_2d_in_5_addr" [dct.cpp:40]   --->   Operation 74 'load' 'buf_2d_in_5_load' <Predicate = true> <Delay = 2.32> <CoreInst = "RAM">   --->   Core 82 'RAM' <Latency = 1> <II = 1> <Delay = 2.32> <Storage> <Opcode : 'load' 'store'> <Ports = 2> <Width = 16> <Depth = 8> <RAM>
ST_4 : Operation 75 [1/2] (2.32ns)   --->   "%buf_2d_in_6_load = load i3 %buf_2d_in_6_addr" [dct.cpp:40]   --->   Operation 75 'load' 'buf_2d_in_6_load' <Predicate = true> <Delay = 2.32> <CoreInst = "RAM">   --->   Core 82 'RAM' <Latency = 1> <II = 1> <Delay = 2.32> <Storage> <Opcode : 'load' 'store'> <Ports = 2> <Width = 16> <Depth = 8> <RAM>
ST_4 : Operation 76 [1/2] (2.32ns)   --->   "%buf_2d_in_7_load = load i3 %buf_2d_in_7_addr" [dct.cpp:40]   --->   Operation 76 'load' 'buf_2d_in_7_load' <Predicate = true> <Delay = 2.32> <CoreInst = "RAM">   --->   Core 82 'RAM' <Latency = 1> <II = 1> <Delay = 2.32> <Storage> <Opcode : 'load' 'store'> <Ports = 2> <Width = 16> <Depth = 8> <RAM>
ST_4 : Operation 77 [2/2] (0.00ns)   --->   "%call_ln40 = call void @dct_1d, i16 %buf_2d_in_load, i16 %buf_2d_in_1_load, i16 %buf_2d_in_2_load, i16 %buf_2d_in_3_load, i16 %buf_2d_in_4_load, i16 %buf_2d_in_5_load, i16 %buf_2d_in_6_load, i16 %buf_2d_in_7_load, i16 %row_outbuf_i, i3 %trunc_ln39, i14 %dct_1d_short_short_dct_coeff_table, i15 %dct_1d_short_short_dct_coeff_table_1, i15 %dct_1d_short_short_dct_coeff_table_2, i15 %dct_1d_short_short_dct_coeff_table_3, i15 %dct_1d_short_short_dct_coeff_table_4, i15 %dct_1d_short_short_dct_coeff_table_5, i15 %dct_1d_short_short_dct_coeff_table_6, i15 %dct_1d_short_short_dct_coeff_table_7" [dct.cpp:40]   --->   Operation 77 'call' 'call_ln40' <Predicate = true> <Delay = 0.00> <CoreType = "Generic">   --->   Core 0 '' <Latency = 0> <II = 1> <Delay = 1.00> <Generic> <Opcode : >

State 5 <SV = 4> <Delay = 0.00>
ST_5 : Operation 78 [1/1] (0.00ns)   --->   "%specloopname_ln34 = specloopname void @_ssdm_op_SpecLoopName, void @empty_6" [dct.cpp:34]   --->   Operation 78 'specloopname' 'specloopname_ln34' <Predicate = true> <Delay = 0.00>
ST_5 : Operation 79 [1/2] (0.00ns)   --->   "%call_ln40 = call void @dct_1d, i16 %buf_2d_in_load, i16 %buf_2d_in_1_load, i16 %buf_2d_in_2_load, i16 %buf_2d_in_3_load, i16 %buf_2d_in_4_load, i16 %buf_2d_in_5_load, i16 %buf_2d_in_6_load, i16 %buf_2d_in_7_load, i16 %row_outbuf_i, i3 %trunc_ln39, i14 %dct_1d_short_short_dct_coeff_table, i15 %dct_1d_short_short_dct_coeff_table_1, i15 %dct_1d_short_short_dct_coeff_table_2, i15 %dct_1d_short_short_dct_coeff_table_3, i15 %dct_1d_short_short_dct_coeff_table_4, i15 %dct_1d_short_short_dct_coeff_table_5, i15 %dct_1d_short_short_dct_coeff_table_6, i15 %dct_1d_short_short_dct_coeff_table_7" [dct.cpp:40]   --->   Operation 79 'call' 'call_ln40' <Predicate = true> <Delay = 0.00> <CoreType = "Generic">   --->   Core 0 '' <Latency = 0> <II = 1> <Delay = 1.00> <Generic> <Opcode : >
ST_5 : Operation 80 [1/1] (0.00ns)   --->   "%br_ln39 = br void %for.inc.i4" [dct.cpp:39]   --->   Operation 80 'br' 'br_ln39' <Predicate = true> <Delay = 0.00>

State 6 <SV = 3> <Delay = 0.00>
ST_6 : Operation 81 [1/2] (0.00ns)   --->   "%call_ln0 = call void @dct_Pipeline_Xpose_Row_Outer_Loop_Xpose_Row_Inner_Loop, i16 %col_inbuf, i16 %row_outbuf_i, i16 %col_inbuf_1, i16 %col_inbuf_2, i16 %col_inbuf_3, i16 %col_inbuf_4, i16 %col_inbuf_5, i16 %col_inbuf_6, i16 %col_inbuf_7"   --->   Operation 81 'call' 'call_ln0' <Predicate = true> <Delay = 0.00> <CoreType = "Generic">   --->   Core 0 '' <Latency = 0> <II = 1> <Delay = 1.00> <Generic> <Opcode : >
ST_6 : Operation 82 [1/1] (0.00ns)   --->   "%br_ln54 = br void %for.inc33.i" [dct.cpp:54]   --->   Operation 82 'br' 'br_ln54' <Predicate = true> <Delay = 0.00>

State 7 <SV = 4> <Delay = 3.32>
ST_7 : Operation 83 [1/1] (0.00ns)   --->   "%i_3 = load i4 %i_1" [dct.cpp:54]   --->   Operation 83 'load' 'i_3' <Predicate = true> <Delay = 0.00>
ST_7 : Operation 84 [1/1] (0.00ns)   --->   "%zext_ln54 = zext i4 %i_3" [dct.cpp:54]   --->   Operation 84 'zext' 'zext_ln54' <Predicate = true> <Delay = 0.00>
ST_7 : Operation 85 [1/1] (0.00ns)   --->   "%trunc_ln54 = trunc i4 %i_3" [dct.cpp:54]   --->   Operation 85 'trunc' 'trunc_ln54' <Predicate = true> <Delay = 0.00>
ST_7 : Operation 86 [1/1] (1.30ns)   --->   "%icmp_ln54 = icmp_eq  i4 %i_3, i4 8" [dct.cpp:54]   --->   Operation 86 'icmp' 'icmp_ln54' <Predicate = true> <Delay = 1.30> <CoreInst = "Cmp">   --->   Core 9 'Cmp' <Latency = 0> <II = 1> <Delay = 1.30> <FuncUnit> <Opcode : 'icmp'> <InPorts = 2> <OutPorts = 1>
ST_7 : Operation 87 [1/1] (0.00ns)   --->   "%empty_14 = speclooptripcount i32 @_ssdm_op_SpecLoopTripCount, i64 8, i64 8, i64 8"   --->   Operation 87 'speclooptripcount' 'empty_14' <Predicate = true> <Delay = 0.00>
ST_7 : Operation 88 [1/1] (1.73ns)   --->   "%add_ln54 = add i4 %i_3, i4 1" [dct.cpp:54]   --->   Operation 88 'add' 'add_ln54' <Predicate = true> <Delay = 1.73> <CoreInst = "Adder">   --->   Core 1 'Adder' <Latency = 0> <II = 1> <Delay = 1.73> <FuncUnit> <Opcode : 'add' 'sub'> <InPorts = 2> <OutPorts = 1>
ST_7 : Operation 89 [1/1] (0.00ns)   --->   "%br_ln54 = br i1 %icmp_ln54, void %for.inc33.i.split, void %for.inc50.i.preheader" [dct.cpp:54]   --->   Operation 89 'br' 'br_ln54' <Predicate = true> <Delay = 0.00>
ST_7 : Operation 90 [1/1] (0.00ns)   --->   "%col_inbuf_addr = getelementptr i16 %col_inbuf, i64 0, i64 %zext_ln54" [dct.cpp:55]   --->   Operation 90 'getelementptr' 'col_inbuf_addr' <Predicate = (!icmp_ln54)> <Delay = 0.00>
ST_7 : Operation 91 [1/1] (0.00ns)   --->   "%col_inbuf_1_addr = getelementptr i16 %col_inbuf_1, i64 0, i64 %zext_ln54" [dct.cpp:55]   --->   Operation 91 'getelementptr' 'col_inbuf_1_addr' <Predicate = (!icmp_ln54)> <Delay = 0.00>
ST_7 : Operation 92 [1/1] (0.00ns)   --->   "%col_inbuf_2_addr = getelementptr i16 %col_inbuf_2, i64 0, i64 %zext_ln54" [dct.cpp:55]   --->   Operation 92 'getelementptr' 'col_inbuf_2_addr' <Predicate = (!icmp_ln54)> <Delay = 0.00>
ST_7 : Operation 93 [1/1] (0.00ns)   --->   "%col_inbuf_3_addr = getelementptr i16 %col_inbuf_3, i64 0, i64 %zext_ln54" [dct.cpp:55]   --->   Operation 93 'getelementptr' 'col_inbuf_3_addr' <Predicate = (!icmp_ln54)> <Delay = 0.00>
ST_7 : Operation 94 [1/1] (0.00ns)   --->   "%col_inbuf_4_addr = getelementptr i16 %col_inbuf_4, i64 0, i64 %zext_ln54" [dct.cpp:55]   --->   Operation 94 'getelementptr' 'col_inbuf_4_addr' <Predicate = (!icmp_ln54)> <Delay = 0.00>
ST_7 : Operation 95 [1/1] (0.00ns)   --->   "%col_inbuf_5_addr = getelementptr i16 %col_inbuf_5, i64 0, i64 %zext_ln54" [dct.cpp:55]   --->   Operation 95 'getelementptr' 'col_inbuf_5_addr' <Predicate = (!icmp_ln54)> <Delay = 0.00>
ST_7 : Operation 96 [1/1] (0.00ns)   --->   "%col_inbuf_6_addr = getelementptr i16 %col_inbuf_6, i64 0, i64 %zext_ln54" [dct.cpp:55]   --->   Operation 96 'getelementptr' 'col_inbuf_6_addr' <Predicate = (!icmp_ln54)> <Delay = 0.00>
ST_7 : Operation 97 [1/1] (0.00ns)   --->   "%col_inbuf_7_addr = getelementptr i16 %col_inbuf_7, i64 0, i64 %zext_ln54" [dct.cpp:55]   --->   Operation 97 'getelementptr' 'col_inbuf_7_addr' <Predicate = (!icmp_ln54)> <Delay = 0.00>
ST_7 : Operation 98 [2/2] (2.32ns)   --->   "%col_inbuf_load = load i3 %col_inbuf_addr" [dct.cpp:55]   --->   Operation 98 'load' 'col_inbuf_load' <Predicate = (!icmp_ln54)> <Delay = 2.32> <CoreInst = "RAM">   --->   Core 82 'RAM' <Latency = 1> <II = 1> <Delay = 2.32> <Storage> <Opcode : 'load' 'store'> <Ports = 2> <Width = 16> <Depth = 8> <RAM>
ST_7 : Operation 99 [2/2] (2.32ns)   --->   "%col_inbuf_1_load = load i3 %col_inbuf_1_addr" [dct.cpp:55]   --->   Operation 99 'load' 'col_inbuf_1_load' <Predicate = (!icmp_ln54)> <Delay = 2.32> <CoreInst = "RAM">   --->   Core 82 'RAM' <Latency = 1> <II = 1> <Delay = 2.32> <Storage> <Opcode : 'load' 'store'> <Ports = 2> <Width = 16> <Depth = 8> <RAM>
ST_7 : Operation 100 [2/2] (2.32ns)   --->   "%col_inbuf_2_load = load i3 %col_inbuf_2_addr" [dct.cpp:55]   --->   Operation 100 'load' 'col_inbuf_2_load' <Predicate = (!icmp_ln54)> <Delay = 2.32> <CoreInst = "RAM">   --->   Core 82 'RAM' <Latency = 1> <II = 1> <Delay = 2.32> <Storage> <Opcode : 'load' 'store'> <Ports = 2> <Width = 16> <Depth = 8> <RAM>
ST_7 : Operation 101 [2/2] (2.32ns)   --->   "%col_inbuf_3_load = load i3 %col_inbuf_3_addr" [dct.cpp:55]   --->   Operation 101 'load' 'col_inbuf_3_load' <Predicate = (!icmp_ln54)> <Delay = 2.32> <CoreInst = "RAM">   --->   Core 82 'RAM' <Latency = 1> <II = 1> <Delay = 2.32> <Storage> <Opcode : 'load' 'store'> <Ports = 2> <Width = 16> <Depth = 8> <RAM>
ST_7 : Operation 102 [2/2] (2.32ns)   --->   "%col_inbuf_4_load = load i3 %col_inbuf_4_addr" [dct.cpp:55]   --->   Operation 102 'load' 'col_inbuf_4_load' <Predicate = (!icmp_ln54)> <Delay = 2.32> <CoreInst = "RAM">   --->   Core 82 'RAM' <Latency = 1> <II = 1> <Delay = 2.32> <Storage> <Opcode : 'load' 'store'> <Ports = 2> <Width = 16> <Depth = 8> <RAM>
ST_7 : Operation 103 [2/2] (2.32ns)   --->   "%col_inbuf_5_load = load i3 %col_inbuf_5_addr" [dct.cpp:55]   --->   Operation 103 'load' 'col_inbuf_5_load' <Predicate = (!icmp_ln54)> <Delay = 2.32> <CoreInst = "RAM">   --->   Core 82 'RAM' <Latency = 1> <II = 1> <Delay = 2.32> <Storage> <Opcode : 'load' 'store'> <Ports = 2> <Width = 16> <Depth = 8> <RAM>
ST_7 : Operation 104 [2/2] (2.32ns)   --->   "%col_inbuf_6_load = load i3 %col_inbuf_6_addr" [dct.cpp:55]   --->   Operation 104 'load' 'col_inbuf_6_load' <Predicate = (!icmp_ln54)> <Delay = 2.32> <CoreInst = "RAM">   --->   Core 82 'RAM' <Latency = 1> <II = 1> <Delay = 2.32> <Storage> <Opcode : 'load' 'store'> <Ports = 2> <Width = 16> <Depth = 8> <RAM>
ST_7 : Operation 105 [2/2] (2.32ns)   --->   "%col_inbuf_7_load = load i3 %col_inbuf_7_addr" [dct.cpp:55]   --->   Operation 105 'load' 'col_inbuf_7_load' <Predicate = (!icmp_ln54)> <Delay = 2.32> <CoreInst = "RAM">   --->   Core 82 'RAM' <Latency = 1> <II = 1> <Delay = 2.32> <Storage> <Opcode : 'load' 'store'> <Ports = 2> <Width = 16> <Depth = 8> <RAM>
ST_7 : Operation 106 [1/1] (1.58ns)   --->   "%store_ln54 = store i4 %add_ln54, i4 %i_1" [dct.cpp:54]   --->   Operation 106 'store' 'store_ln54' <Predicate = (!icmp_ln54)> <Delay = 1.58>
ST_7 : Operation 107 [2/2] (0.00ns)   --->   "%call_ln0 = call void @dct_Pipeline_Xpose_Col_Outer_Loop_Xpose_Col_Inner_Loop, i16 %col_outbuf_i, i16 %buf_2d_out"   --->   Operation 107 'call' 'call_ln0' <Predicate = (icmp_ln54)> <Delay = 0.00> <CoreType = "Generic">   --->   Core 0 '' <Latency = 0> <II = 1> <Delay = 1.00> <Generic> <Opcode : >

State 8 <SV = 5> <Delay = 2.32>
ST_8 : Operation 108 [1/2] (2.32ns)   --->   "%col_inbuf_load = load i3 %col_inbuf_addr" [dct.cpp:55]   --->   Operation 108 'load' 'col_inbuf_load' <Predicate = true> <Delay = 2.32> <CoreInst = "RAM">   --->   Core 82 'RAM' <Latency = 1> <II = 1> <Delay = 2.32> <Storage> <Opcode : 'load' 'store'> <Ports = 2> <Width = 16> <Depth = 8> <RAM>
ST_8 : Operation 109 [1/2] (2.32ns)   --->   "%col_inbuf_1_load = load i3 %col_inbuf_1_addr" [dct.cpp:55]   --->   Operation 109 'load' 'col_inbuf_1_load' <Predicate = true> <Delay = 2.32> <CoreInst = "RAM">   --->   Core 82 'RAM' <Latency = 1> <II = 1> <Delay = 2.32> <Storage> <Opcode : 'load' 'store'> <Ports = 2> <Width = 16> <Depth = 8> <RAM>
ST_8 : Operation 110 [1/2] (2.32ns)   --->   "%col_inbuf_2_load = load i3 %col_inbuf_2_addr" [dct.cpp:55]   --->   Operation 110 'load' 'col_inbuf_2_load' <Predicate = true> <Delay = 2.32> <CoreInst = "RAM">   --->   Core 82 'RAM' <Latency = 1> <II = 1> <Delay = 2.32> <Storage> <Opcode : 'load' 'store'> <Ports = 2> <Width = 16> <Depth = 8> <RAM>
ST_8 : Operation 111 [1/2] (2.32ns)   --->   "%col_inbuf_3_load = load i3 %col_inbuf_3_addr" [dct.cpp:55]   --->   Operation 111 'load' 'col_inbuf_3_load' <Predicate = true> <Delay = 2.32> <CoreInst = "RAM">   --->   Core 82 'RAM' <Latency = 1> <II = 1> <Delay = 2.32> <Storage> <Opcode : 'load' 'store'> <Ports = 2> <Width = 16> <Depth = 8> <RAM>
ST_8 : Operation 112 [1/2] (2.32ns)   --->   "%col_inbuf_4_load = load i3 %col_inbuf_4_addr" [dct.cpp:55]   --->   Operation 112 'load' 'col_inbuf_4_load' <Predicate = true> <Delay = 2.32> <CoreInst = "RAM">   --->   Core 82 'RAM' <Latency = 1> <II = 1> <Delay = 2.32> <Storage> <Opcode : 'load' 'store'> <Ports = 2> <Width = 16> <Depth = 8> <RAM>
ST_8 : Operation 113 [1/2] (2.32ns)   --->   "%col_inbuf_5_load = load i3 %col_inbuf_5_addr" [dct.cpp:55]   --->   Operation 113 'load' 'col_inbuf_5_load' <Predicate = true> <Delay = 2.32> <CoreInst = "RAM">   --->   Core 82 'RAM' <Latency = 1> <II = 1> <Delay = 2.32> <Storage> <Opcode : 'load' 'store'> <Ports = 2> <Width = 16> <Depth = 8> <RAM>
ST_8 : Operation 114 [1/2] (2.32ns)   --->   "%col_inbuf_6_load = load i3 %col_inbuf_6_addr" [dct.cpp:55]   --->   Operation 114 'load' 'col_inbuf_6_load' <Predicate = true> <Delay = 2.32> <CoreInst = "RAM">   --->   Core 82 'RAM' <Latency = 1> <II = 1> <Delay = 2.32> <Storage> <Opcode : 'load' 'store'> <Ports = 2> <Width = 16> <Depth = 8> <RAM>
ST_8 : Operation 115 [1/2] (2.32ns)   --->   "%col_inbuf_7_load = load i3 %col_inbuf_7_addr" [dct.cpp:55]   --->   Operation 115 'load' 'col_inbuf_7_load' <Predicate = true> <Delay = 2.32> <CoreInst = "RAM">   --->   Core 82 'RAM' <Latency = 1> <II = 1> <Delay = 2.32> <Storage> <Opcode : 'load' 'store'> <Ports = 2> <Width = 16> <Depth = 8> <RAM>
ST_8 : Operation 116 [2/2] (0.00ns)   --->   "%call_ln55 = call void @dct_1d, i16 %col_inbuf_load, i16 %col_inbuf_1_load, i16 %col_inbuf_2_load, i16 %col_inbuf_3_load, i16 %col_inbuf_4_load, i16 %col_inbuf_5_load, i16 %col_inbuf_6_load, i16 %col_inbuf_7_load, i16 %col_outbuf_i, i3 %trunc_ln54, i14 %dct_1d_short_short_dct_coeff_table, i15 %dct_1d_short_short_dct_coeff_table_1, i15 %dct_1d_short_short_dct_coeff_table_2, i15 %dct_1d_short_short_dct_coeff_table_3, i15 %dct_1d_short_short_dct_coeff_table_4, i15 %dct_1d_short_short_dct_coeff_table_5, i15 %dct_1d_short_short_dct_coeff_table_6, i15 %dct_1d_short_short_dct_coeff_table_7" [dct.cpp:55]   --->   Operation 116 'call' 'call_ln55' <Predicate = true> <Delay = 0.00> <CoreType = "Generic">   --->   Core 0 '' <Latency = 0> <II = 1> <Delay = 1.00> <Generic> <Opcode : >

State 9 <SV = 6> <Delay = 0.00>
ST_9 : Operation 117 [1/1] (0.00ns)   --->   "%specloopname_ln34 = specloopname void @_ssdm_op_SpecLoopName, void @empty_4" [dct.cpp:34]   --->   Operation 117 'specloopname' 'specloopname_ln34' <Predicate = true> <Delay = 0.00>
ST_9 : Operation 118 [1/2] (0.00ns)   --->   "%call_ln55 = call void @dct_1d, i16 %col_inbuf_load, i16 %col_inbuf_1_load, i16 %col_inbuf_2_load, i16 %col_inbuf_3_load, i16 %col_inbuf_4_load, i16 %col_inbuf_5_load, i16 %col_inbuf_6_load, i16 %col_inbuf_7_load, i16 %col_outbuf_i, i3 %trunc_ln54, i14 %dct_1d_short_short_dct_coeff_table, i15 %dct_1d_short_short_dct_coeff_table_1, i15 %dct_1d_short_short_dct_coeff_table_2, i15 %dct_1d_short_short_dct_coeff_table_3, i15 %dct_1d_short_short_dct_coeff_table_4, i15 %dct_1d_short_short_dct_coeff_table_5, i15 %dct_1d_short_short_dct_coeff_table_6, i15 %dct_1d_short_short_dct_coeff_table_7" [dct.cpp:55]   --->   Operation 118 'call' 'call_ln55' <Predicate = true> <Delay = 0.00> <CoreType = "Generic">   --->   Core 0 '' <Latency = 0> <II = 1> <Delay = 1.00> <Generic> <Opcode : >
ST_9 : Operation 119 [1/1] (0.00ns)   --->   "%br_ln54 = br void %for.inc33.i" [dct.cpp:54]   --->   Operation 119 'br' 'br_ln54' <Predicate = true> <Delay = 0.00>

State 10 <SV = 5> <Delay = 0.00>
ST_10 : Operation 120 [1/2] (0.00ns)   --->   "%call_ln0 = call void @dct_Pipeline_Xpose_Col_Outer_Loop_Xpose_Col_Inner_Loop, i16 %col_outbuf_i, i16 %buf_2d_out"   --->   Operation 120 'call' 'call_ln0' <Predicate = true> <Delay = 0.00> <CoreType = "Generic">   --->   Core 0 '' <Latency = 0> <II = 1> <Delay = 1.00> <Generic> <Opcode : >

State 11 <SV = 6> <Delay = 0.00>
ST_11 : Operation 121 [2/2] (0.00ns)   --->   "%call_ln0 = call void @dct_Pipeline_WR_Loop_Row_WR_Loop_Col, i16 %buf_2d_out, i16 %output_r"   --->   Operation 121 'call' 'call_ln0' <Predicate = true> <Delay = 0.00> <CoreType = "Generic">   --->   Core 0 '' <Latency = 0> <II = 1> <Delay = 1.00> <Generic> <Opcode : >

State 12 <SV = 7> <Delay = 0.00>
ST_12 : Operation 122 [1/2] (0.00ns)   --->   "%call_ln0 = call void @dct_Pipeline_WR_Loop_Row_WR_Loop_Col, i16 %buf_2d_out, i16 %output_r"   --->   Operation 122 'call' 'call_ln0' <Predicate = true> <Delay = 0.00> <CoreType = "Generic">   --->   Core 0 '' <Latency = 0> <II = 1> <Delay = 1.00> <Generic> <Opcode : >
ST_12 : Operation 123 [1/1] (0.00ns)   --->   "%ret_ln115 = ret" [dct.cpp:115]   --->   Operation 123 'ret' 'ret_ln115' <Predicate = true> <Delay = 0.00>


============================================================
+ Verbose Summary: Timing violations
============================================================
Target clock period: 10ns, clock uncertainty: 2.7ns.

 <State 1>: 1.59ns
The critical path consists of the following:
	'alloca' operation ('i') [11]  (0 ns)
	'store' operation ('store_ln39', dct.cpp:39) of constant 0 on local variable 'i' [37]  (1.59 ns)

 <State 2>: 0ns
The critical path consists of the following:

 <State 3>: 3.32ns
The critical path consists of the following:
	'load' operation ('i', dct.cpp:39) on local variable 'i' [40]  (0 ns)
	'add' operation ('add_ln39', dct.cpp:39) [45]  (1.74 ns)
	'store' operation ('store_ln39', dct.cpp:39) of variable 'add_ln39', dct.cpp:39 on local variable 'i' [66]  (1.59 ns)

 <State 4>: 2.32ns
The critical path consists of the following:
	'load' operation ('buf_2d_in_load', dct.cpp:40) on array 'buf_2d_in', dct.cpp:105 [57]  (2.32 ns)

 <State 5>: 0ns
The critical path consists of the following:

 <State 6>: 0ns
The critical path consists of the following:

 <State 7>: 3.32ns
The critical path consists of the following:
	'load' operation ('i', dct.cpp:54) on local variable 'i' [74]  (0 ns)
	'add' operation ('add_ln54', dct.cpp:54) [79]  (1.74 ns)
	'store' operation ('store_ln54', dct.cpp:54) of variable 'add_ln54', dct.cpp:54 on local variable 'i' [100]  (1.59 ns)

 <State 8>: 2.32ns
The critical path consists of the following:
	'load' operation ('col_inbuf_load', dct.cpp:55) on array 'col_inbuf', dct.cpp:33 [91]  (2.32 ns)

 <State 9>: 0ns
The critical path consists of the following:

 <State 10>: 0ns
The critical path consists of the following:

 <State 11>: 0ns
The critical path consists of the following:

 <State 12>: 0ns
The critical path consists of the following:


============================================================
+ Verbose Summary: Binding
============================================================
N/A
* FSMD analyzer results:
  - Output states:
 - Input state : 
  - Chain level:
	State 1
	State 2
	State 3
	State 4
	State 5
	State 6
	State 7
	State 8
	State 9
	State 10
	State 11
	State 12


============================================================
+ Verbose Summary: Datapath Resource usage 
============================================================
N/A
