==============================================================
Vitis HLS - High-Level Synthesis from C, C++ and OpenCL v2022.1 (64-bit)
Tool Version Limit: 2022.04
Copyright 1986-2022 Xilinx, Inc. All Rights Reserved.
==============================================================
INFO: [HLS 200-1505] Using default flow_target 'vivado'
INFO: [HLS 200-435] Setting 'open_solution -flow_target vivado' configuration: config_interface -m_axi_latency=0
INFO: [HLS 200-1510] Running: set_part xcvu9p-flgb2104-1-e 
INFO: [HLS 200-1611] Setting target device to 'xcvu9p-flgb2104-1-e'
INFO: [HLS 200-1510] Running: create_clock -period 8 
INFO: [SYN 201-201] Setting up clock 'default' with a period of 8ns.
INFO: [HLS 200-1510] Running: csim_design 
INFO: [SIM 211-2] *************** CSIM start ***************
INFO: [SIM 211-4] CSIM will launch GCC as the compiler.
INFO: [SIM 211-1] CSim done with 0 errors.
INFO: [SIM 211-3] *************** CSIM finish ***************
INFO: [HLS 200-111] Finished Command csim_design CPU user time: 0 seconds. CPU system time: 0 seconds. Elapsed time: 4.598 seconds; current allocated memory: 0.000 MB.
INFO: [HLS 200-112] Total CPU user time: 5 seconds. Total CPU system time: 1 seconds. Total elapsed time: 8.87 seconds; peak allocated memory: 1.428 GB.
INFO: [Common 17-206] Exiting vitis_hls at Mon Mar  6 08:02:57 2023...
==============================================================
Vitis HLS - High-Level Synthesis from C, C++ and OpenCL v2022.1 (64-bit)
Tool Version Limit: 2022.04
Copyright 1986-2022 Xilinx, Inc. All Rights Reserved.
==============================================================
INFO: [SYN 201-201] Setting up clock 'default' with a period of 10ns.
INFO: [HLS 200-1611] Setting target device to 'xc7z020-clg400-1'
INFO: [HLS 200-1505] Using flow_target 'vivado'
INFO: [HLS 200-1464] Running solution command: config_interface -m_axi_latency=0
INFO: [HLS 200-1510] Running: set_part xc7z020clg400-1 
INFO: [HLS 200-1510] Running: create_clock -period 10 -name default 
INFO: [HLS 200-1510] Running: config_interface -m_axi_latency 0 
INFO: [HLS 200-1510] Running: csynth_design 
INFO: [HLS 200-111] Finished File checks and directory preparation: CPU user time: 0 seconds. CPU system time: 0 seconds. Elapsed time: 0.048 seconds; current allocated memory: 1.439 GB.
INFO: [HLS 200-10] Analyzing design file 'dct.cpp' ... 
INFO: [HLS 200-111] Finished Source Code Analysis and Preprocessing: CPU user time: 0 seconds. CPU system time: 0 seconds. Elapsed time: 4.955 seconds; current allocated memory: 1.439 GB.
INFO: [HLS 200-777] Using interface defaults for 'Vivado' flow target.
INFO: [HLS 214-178] Inlining function 'dct_1d(short*, short*)' into 'dct_2d(short (*) [8], short (*) [8])' (dct.cpp:31:0)
INFO: [HLS 214-178] Inlining function 'read_data(short*, short (*) [8])' into 'dct(short*, short*)' (dct.cpp:104:0)
INFO: [HLS 214-178] Inlining function 'dct_2d(short (*) [8], short (*) [8])' into 'dct(short*, short*)' (dct.cpp:104:0)
INFO: [HLS 214-178] Inlining function 'write_data(short (*) [8], short*)' into 'dct(short*, short*)' (dct.cpp:104:0)
INFO: [HLS 200-111] Finished Compiling Optimization and Transform: CPU user time: 0 seconds. CPU system time: 0 seconds. Elapsed time: 5.283 seconds; current allocated memory: 1.439 GB.
INFO: [HLS 200-111] Finished Checking Pragmas: CPU user time: 0 seconds. CPU system time: 0 seconds. Elapsed time: 0.004 seconds; current allocated memory: 1.439 GB.
INFO: [HLS 200-10] Starting code transformations ...
INFO: [HLS 200-111] Finished Standard Transforms: CPU user time: 0 seconds. CPU system time: 0 seconds. Elapsed time: 0.198 seconds; current allocated memory: 1.439 GB.
INFO: [HLS 200-10] Checking synthesizability ...
INFO: [HLS 200-111] Finished Checking Synthesizability: CPU user time: 0 seconds. CPU system time: 0 seconds. Elapsed time: 0.126 seconds; current allocated memory: 1.439 GB.
INFO: [XFORM 203-510] Pipelining loop 'RD_Loop_Col' (dct.cpp:76) in function 'dct' automatically.
INFO: [XFORM 203-510] Pipelining loop 'DCT_Outer_Loop' (dct.cpp:7) in function 'dct' automatically.
INFO: [XFORM 203-510] Pipelining loop 'Xpose_Row_Inner_Loop' (dct.cpp:34) in function 'dct' automatically.
INFO: [XFORM 203-510] Pipelining loop 'DCT_Outer_Loop' (dct.cpp:7) in function 'dct' automatically.
INFO: [XFORM 203-510] Pipelining loop 'Xpose_Col_Inner_Loop' (dct.cpp:34) in function 'dct' automatically.
INFO: [XFORM 203-510] Pipelining loop 'WR_Loop_Col' (dct.cpp:91) in function 'dct' automatically.
INFO: [XFORM 203-502] Unrolling all sub-loops inside loop 'DCT_Outer_Loop' (dct.cpp:7) in function 'dct' for pipelining.
INFO: [XFORM 203-502] Unrolling all sub-loops inside loop 'DCT_Outer_Loop' (dct.cpp:7) in function 'dct' for pipelining.
INFO: [HLS 200-489] Unrolling loop 'DCT_Inner_Loop' (dct.cpp:7) in function 'dct' completely with a factor of 8.
INFO: [XFORM 203-102] Partitioning array 'dct_coeff_table' in dimension 2 automatically.
INFO: [XFORM 203-11] Balancing expressions in function 'dct' (dct.cpp:7:7)...16 expression(s) balanced.
INFO: [HLS 200-111] Finished Loop, function and other optimizations: CPU user time: 0 seconds. CPU system time: 0 seconds. Elapsed time: 0.248 seconds; current allocated memory: 1.439 GB.
INFO: [XFORM 203-541] Flattening a loop nest 'RD_Loop_Row' (dct.cpp:76:8) in function 'dct'.
INFO: [XFORM 203-541] Flattening a loop nest 'Row_DCT_Loop' (dct.cpp:34:13) in function 'dct'.
INFO: [XFORM 203-541] Flattening a loop nest 'Xpose_Row_Outer_Loop' (dct.cpp:34:16) in function 'dct'.
INFO: [XFORM 203-541] Flattening a loop nest 'Col_DCT_Loop' (dct.cpp:34:13) in function 'dct'.
INFO: [XFORM 203-541] Flattening a loop nest 'Xpose_Col_Outer_Loop' (dct.cpp:34:16) in function 'dct'.
INFO: [XFORM 203-541] Flattening a loop nest 'WR_Loop_Row' (dct.cpp:91:8) in function 'dct'.
INFO: [HLS 200-472] Inferring partial write operation for 'buf_2d_in' (dct.cpp:82:20)
INFO: [HLS 200-472] Inferring partial write operation for 'row_outbuf' (dct.cpp:22:14)
INFO: [HLS 200-472] Inferring partial write operation for 'col_inbuf' (dct.cpp:49:26)
INFO: [HLS 200-472] Inferring partial write operation for 'buf_2d_out' (dct.cpp:64:26)
INFO: [HLS 200-111] Finished Architecture Synthesis: CPU user time: 0 seconds. CPU system time: 0 seconds. Elapsed time: 0.221 seconds; current allocated memory: 1.439 GB.
INFO: [HLS 200-10] Starting hardware synthesis ...
INFO: [HLS 200-10] Synthesizing 'dct' ...
INFO: [HLS 200-10] ----------------------------------------------------------------
INFO: [HLS 200-42] -- Implementing module 'dct_Pipeline_RD_Loop_Row_RD_Loop_Col' 
INFO: [HLS 200-10] ----------------------------------------------------------------
INFO: [SCHED 204-11] Starting scheduling ...
INFO: [HLS 200-1457] Automatically inferring inferring RAM_1WNR storage type for array 'buf_2d_in'. Use bind_storage pragma to override this type.
INFO: [SCHED 204-61] Pipelining loop 'RD_Loop_Row_RD_Loop_Col'.
INFO: [HLS 200-1470] Pipelining result : Target II = NA, Final II = 1, Depth = 2, loop 'RD_Loop_Row_RD_Loop_Col'
INFO: [SCHED 204-11] Finished scheduling.
INFO: [HLS 200-111] Finished Scheduling: CPU user time: 0 seconds. CPU system time: 1 seconds. Elapsed time: 0.207 seconds; current allocated memory: 1.439 GB.
INFO: [BIND 205-100] Starting micro-architecture generation ...
INFO: [BIND 205-101] Performing variable lifetime analysis.
INFO: [BIND 205-101] Exploring resource sharing.
INFO: [BIND 205-101] Binding ...
INFO: [BIND 205-100] Finished micro-architecture generation.
INFO: [HLS 200-111] Finished Binding: CPU user time: 0 seconds. CPU system time: 0 seconds. Elapsed time: 0.058 seconds; current allocated memory: 1.439 GB.
INFO: [HLS 200-10] ----------------------------------------------------------------
INFO: [HLS 200-42] -- Implementing module 'dct_Pipeline_Row_DCT_Loop_DCT_Outer_Loop' 
INFO: [HLS 200-10] ----------------------------------------------------------------
INFO: [SCHED 204-11] Starting scheduling ...
INFO: [HLS 200-486] Changing DSP latency (root=mul_ln19_6) to 3 in order to utilize available DSP registers.
INFO: [HLS 200-486] Changing DSP latency (root=mul_ln22) to 3 in order to utilize available DSP registers.
INFO: [HLS 200-486] Changing DSP latency (root=mul_ln19_5) to 3 in order to utilize available DSP registers.
INFO: [HLS 200-486] Changing DSP latency (root=mul_ln19_3) to 3 in order to utilize available DSP registers.
INFO: [HLS 200-486] Changing DSP latency (root=mul_ln19) to 3 in order to utilize available DSP registers.
INFO: [HLS 200-486] Changing DSP latency (root=mul_ln19_4) to 3 in order to utilize available DSP registers.
INFO: [HLS 200-486] Changing DSP latency (root=mul_ln19_2) to 3 in order to utilize available DSP registers.
INFO: [HLS 200-486] Changing DSP latency (root=mul_ln19_1) to 3 in order to utilize available DSP registers.
INFO: [HLS 200-1457] Automatically inferring inferring RAM_1WNR storage type for array 'buf_2d_in'. Use bind_storage pragma to override this type.
INFO: [SCHED 204-61] Pipelining loop 'Row_DCT_Loop_DCT_Outer_Loop'.
INFO: [HLS 200-1470] Pipelining result : Target II = NA, Final II = 1, Depth = 8, loop 'Row_DCT_Loop_DCT_Outer_Loop'
INFO: [SCHED 204-11] Finished scheduling.
INFO: [HLS 200-111] Finished Scheduling: CPU user time: 1 seconds. CPU system time: 0 seconds. Elapsed time: 0.188 seconds; current allocated memory: 1.439 GB.
INFO: [BIND 205-100] Starting micro-architecture generation ...
INFO: [BIND 205-101] Performing variable lifetime analysis.
INFO: [BIND 205-101] Exploring resource sharing.
INFO: [BIND 205-101] Binding ...
INFO: [BIND 205-100] Finished micro-architecture generation.
INFO: [HLS 200-111] Finished Binding: CPU user time: 0 seconds. CPU system time: 0 seconds. Elapsed time: 0.118 seconds; current allocated memory: 1.439 GB.
INFO: [HLS 200-10] ----------------------------------------------------------------
INFO: [HLS 200-42] -- Implementing module 'dct_Pipeline_Xpose_Row_Outer_Loop_Xpose_Row_Inner_Loop' 
INFO: [HLS 200-10] ----------------------------------------------------------------
INFO: [SCHED 204-11] Starting scheduling ...
INFO: [HLS 200-1457] Automatically inferring inferring RAM_1WNR storage type for array 'col_inbuf'. Use bind_storage pragma to override this type.
INFO: [SCHED 204-61] Pipelining loop 'Xpose_Row_Outer_Loop_Xpose_Row_Inner_Loop'.
INFO: [HLS 200-1470] Pipelining result : Target II = NA, Final II = 1, Depth = 3, loop 'Xpose_Row_Outer_Loop_Xpose_Row_Inner_Loop'
INFO: [SCHED 204-11] Finished scheduling.
INFO: [HLS 200-111] Finished Scheduling: CPU user time: 0 seconds. CPU system time: 0 seconds. Elapsed time: 0.164 seconds; current allocated memory: 1.439 GB.
INFO: [BIND 205-100] Starting micro-architecture generation ...
INFO: [BIND 205-101] Performing variable lifetime analysis.
INFO: [BIND 205-101] Exploring resource sharing.
INFO: [BIND 205-101] Binding ...
INFO: [BIND 205-100] Finished micro-architecture generation.
INFO: [HLS 200-111] Finished Binding: CPU user time: 0 seconds. CPU system time: 0 seconds. Elapsed time: 0.058 seconds; current allocated memory: 1.439 GB.
INFO: [HLS 200-10] ----------------------------------------------------------------
INFO: [HLS 200-42] -- Implementing module 'dct_Pipeline_Col_DCT_Loop_DCT_Outer_Loop' 
INFO: [HLS 200-10] ----------------------------------------------------------------
INFO: [SCHED 204-11] Starting scheduling ...
INFO: [HLS 200-486] Changing DSP latency (root=mul_ln19_12) to 3 in order to utilize available DSP registers.
INFO: [HLS 200-486] Changing DSP latency (root=mul_ln22) to 3 in order to utilize available DSP registers.
INFO: [HLS 200-486] Changing DSP latency (root=mul_ln19_11) to 3 in order to utilize available DSP registers.
INFO: [HLS 200-486] Changing DSP latency (root=mul_ln19_9) to 3 in order to utilize available DSP registers.
INFO: [HLS 200-486] Changing DSP latency (root=mul_ln19) to 3 in order to utilize available DSP registers.
INFO: [HLS 200-486] Changing DSP latency (root=mul_ln19_10) to 3 in order to utilize available DSP registers.
INFO: [HLS 200-486] Changing DSP latency (root=mul_ln19_8) to 3 in order to utilize available DSP registers.
INFO: [HLS 200-486] Changing DSP latency (root=mul_ln19_7) to 3 in order to utilize available DSP registers.
INFO: [HLS 200-1457] Automatically inferring inferring RAM_1WNR storage type for array 'col_inbuf'. Use bind_storage pragma to override this type.
INFO: [SCHED 204-61] Pipelining loop 'Col_DCT_Loop_DCT_Outer_Loop'.
INFO: [HLS 200-1470] Pipelining result : Target II = NA, Final II = 1, Depth = 8, loop 'Col_DCT_Loop_DCT_Outer_Loop'
INFO: [SCHED 204-11] Finished scheduling.
INFO: [HLS 200-111] Finished Scheduling: CPU user time: 0 seconds. CPU system time: 0 seconds. Elapsed time: 0.209 seconds; current allocated memory: 1.439 GB.
INFO: [BIND 205-100] Starting micro-architecture generation ...
INFO: [BIND 205-101] Performing variable lifetime analysis.
INFO: [BIND 205-101] Exploring resource sharing.
INFO: [BIND 205-101] Binding ...
INFO: [BIND 205-100] Finished micro-architecture generation.
INFO: [HLS 200-111] Finished Binding: CPU user time: 0 seconds. CPU system time: 0 seconds. Elapsed time: 0.115 seconds; current allocated memory: 1.439 GB.
INFO: [HLS 200-10] ----------------------------------------------------------------
INFO: [HLS 200-42] -- Implementing module 'dct_Pipeline_Xpose_Col_Outer_Loop_Xpose_Col_Inner_Loop' 
INFO: [HLS 200-10] ----------------------------------------------------------------
INFO: [SCHED 204-11] Starting scheduling ...
INFO: [SCHED 204-61] Pipelining loop 'Xpose_Col_Outer_Loop_Xpose_Col_Inner_Loop'.
INFO: [HLS 200-1470] Pipelining result : Target II = NA, Final II = 1, Depth = 3, loop 'Xpose_Col_Outer_Loop_Xpose_Col_Inner_Loop'
INFO: [SCHED 204-11] Finished scheduling.
INFO: [HLS 200-111] Finished Scheduling: CPU user time: 0 seconds. CPU system time: 0 seconds. Elapsed time: 0.168 seconds; current allocated memory: 1.439 GB.
INFO: [BIND 205-100] Starting micro-architecture generation ...
INFO: [BIND 205-101] Performing variable lifetime analysis.
INFO: [BIND 205-101] Exploring resource sharing.
INFO: [BIND 205-101] Binding ...
INFO: [BIND 205-100] Finished micro-architecture generation.
INFO: [HLS 200-111] Finished Binding: CPU user time: 0 seconds. CPU system time: 0 seconds. Elapsed time: 0.066 seconds; current allocated memory: 1.439 GB.
INFO: [HLS 200-10] ----------------------------------------------------------------
INFO: [HLS 200-42] -- Implementing module 'dct_Pipeline_WR_Loop_Row_WR_Loop_Col' 
INFO: [HLS 200-10] ----------------------------------------------------------------
INFO: [SCHED 204-11] Starting scheduling ...
INFO: [SCHED 204-61] Pipelining loop 'WR_Loop_Row_WR_Loop_Col'.
INFO: [HLS 200-1470] Pipelining result : Target II = NA, Final II = 1, Depth = 3, loop 'WR_Loop_Row_WR_Loop_Col'
INFO: [SCHED 204-11] Finished scheduling.
INFO: [HLS 200-111] Finished Scheduling: CPU user time: 0 seconds. CPU system time: 0 seconds. Elapsed time: 0.105 seconds; current allocated memory: 1.439 GB.
INFO: [BIND 205-100] Starting micro-architecture generation ...
INFO: [BIND 205-101] Performing variable lifetime analysis.
INFO: [BIND 205-101] Exploring resource sharing.
INFO: [BIND 205-101] Binding ...
INFO: [BIND 205-100] Finished micro-architecture generation.
INFO: [HLS 200-111] Finished Binding: CPU user time: 0 seconds. CPU system time: 0 seconds. Elapsed time: 0.063 seconds; current allocated memory: 1.439 GB.
INFO: [HLS 200-10] ----------------------------------------------------------------
INFO: [HLS 200-42] -- Implementing module 'dct' 
INFO: [HLS 200-10] ----------------------------------------------------------------
INFO: [SCHED 204-11] Starting scheduling ...
INFO: [SCHED 204-11] Finished scheduling.
INFO: [HLS 200-111] Finished Scheduling: CPU user time: 0 seconds. CPU system time: 0 seconds. Elapsed time: 0.089 seconds; current allocated memory: 1.439 GB.
INFO: [BIND 205-100] Starting micro-architecture generation ...
INFO: [BIND 205-101] Performing variable lifetime analysis.
INFO: [BIND 205-101] Exploring resource sharing.
INFO: [BIND 205-101] Binding ...
INFO: [BIND 205-100] Finished micro-architecture generation.
INFO: [HLS 200-111] Finished Binding: CPU user time: 1 seconds. CPU system time: 0 seconds. Elapsed time: 0.147 seconds; current allocated memory: 1.439 GB.
INFO: [HLS 200-10] ----------------------------------------------------------------
INFO: [HLS 200-10] -- Generating RTL for module 'dct_Pipeline_RD_Loop_Row_RD_Loop_Col' 
INFO: [HLS 200-10] ----------------------------------------------------------------
INFO: [HLS 200-1030] Apply Unified Pipeline Control on module 'dct_Pipeline_RD_Loop_Row_RD_Loop_Col' pipeline 'RD_Loop_Row_RD_Loop_Col' pipeline type 'loop pipeline'
INFO: [RTGEN 206-100] Finished creating RTL model for 'dct_Pipeline_RD_Loop_Row_RD_Loop_Col'.
INFO: [HLS 200-111] Finished Creating RTL model: CPU user time: 0 seconds. CPU system time: 0 seconds. Elapsed time: 0.261 seconds; current allocated memory: 1.439 GB.
INFO: [HLS 200-10] ----------------------------------------------------------------
INFO: [HLS 200-10] -- Generating RTL for module 'dct_Pipeline_Row_DCT_Loop_DCT_Outer_Loop' 
INFO: [HLS 200-10] ----------------------------------------------------------------
INFO: [HLS 200-1030] Apply Unified Pipeline Control on module 'dct_Pipeline_Row_DCT_Loop_DCT_Outer_Loop' pipeline 'Row_DCT_Loop_DCT_Outer_Loop' pipeline type 'loop pipeline'
INFO: [RTGEN 206-100] Generating core module 'mac_muladd_16s_14ns_29s_29_4_1': 1 instance(s).
INFO: [RTGEN 206-100] Generating core module 'mac_muladd_16s_15s_13ns_29_4_1': 1 instance(s).
INFO: [RTGEN 206-100] Generating core module 'mac_muladd_16s_15s_29ns_29_4_1': 1 instance(s).
INFO: [RTGEN 206-100] Generating core module 'mac_muladd_16s_15s_29s_29_4_1': 2 instance(s).
INFO: [RTGEN 206-100] Generating core module 'mul_mul_16s_15s_29_4_1': 3 instance(s).
INFO: [RTGEN 206-100] Finished creating RTL model for 'dct_Pipeline_Row_DCT_Loop_DCT_Outer_Loop'.
INFO: [HLS 200-111] Finished Creating RTL model: CPU user time: 0 seconds. CPU system time: 0 seconds. Elapsed time: 0.255 seconds; current allocated memory: 1.439 GB.
INFO: [HLS 200-10] ----------------------------------------------------------------
INFO: [HLS 200-10] -- Generating RTL for module 'dct_Pipeline_Xpose_Row_Outer_Loop_Xpose_Row_Inner_Loop' 
INFO: [HLS 200-10] ----------------------------------------------------------------
INFO: [HLS 200-1030] Apply Unified Pipeline Control on module 'dct_Pipeline_Xpose_Row_Outer_Loop_Xpose_Row_Inner_Loop' pipeline 'Xpose_Row_Outer_Loop_Xpose_Row_Inner_Loop' pipeline type 'loop pipeline'
INFO: [RTGEN 206-100] Finished creating RTL model for 'dct_Pipeline_Xpose_Row_Outer_Loop_Xpose_Row_Inner_Loop'.
INFO: [HLS 200-111] Finished Creating RTL model: CPU user time: 0 seconds. CPU system time: 0 seconds. Elapsed time: 0.484 seconds; current allocated memory: 1.439 GB.
INFO: [HLS 200-10] ----------------------------------------------------------------
INFO: [HLS 200-10] -- Generating RTL for module 'dct_Pipeline_Col_DCT_Loop_DCT_Outer_Loop' 
INFO: [HLS 200-10] ----------------------------------------------------------------
INFO: [HLS 200-1030] Apply Unified Pipeline Control on module 'dct_Pipeline_Col_DCT_Loop_DCT_Outer_Loop' pipeline 'Col_DCT_Loop_DCT_Outer_Loop' pipeline type 'loop pipeline'
INFO: [RTGEN 206-100] Generating core module 'mac_muladd_16s_14ns_29s_29_4_1': 1 instance(s).
INFO: [RTGEN 206-100] Generating core module 'mac_muladd_16s_15s_13ns_29_4_1': 1 instance(s).
INFO: [RTGEN 206-100] Generating core module 'mac_muladd_16s_15s_29ns_29_4_1': 1 instance(s).
INFO: [RTGEN 206-100] Generating core module 'mac_muladd_16s_15s_29s_29_4_1': 2 instance(s).
INFO: [RTGEN 206-100] Generating core module 'mul_mul_16s_15s_29_4_1': 3 instance(s).
INFO: [RTGEN 206-100] Finished creating RTL model for 'dct_Pipeline_Col_DCT_Loop_DCT_Outer_Loop'.
INFO: [HLS 200-111] Finished Creating RTL model: CPU user time: 0 seconds. CPU system time: 0 seconds. Elapsed time: 0.247 seconds; current allocated memory: 1.439 GB.
INFO: [HLS 200-10] ----------------------------------------------------------------
INFO: [HLS 200-10] -- Generating RTL for module 'dct_Pipeline_Xpose_Col_Outer_Loop_Xpose_Col_Inner_Loop' 
INFO: [HLS 200-10] ----------------------------------------------------------------
INFO: [HLS 200-1030] Apply Unified Pipeline Control on module 'dct_Pipeline_Xpose_Col_Outer_Loop_Xpose_Col_Inner_Loop' pipeline 'Xpose_Col_Outer_Loop_Xpose_Col_Inner_Loop' pipeline type 'loop pipeline'
INFO: [RTGEN 206-100] Finished creating RTL model for 'dct_Pipeline_Xpose_Col_Outer_Loop_Xpose_Col_Inner_Loop'.
INFO: [HLS 200-111] Finished Creating RTL model: CPU user time: 1 seconds. CPU system time: 0 seconds. Elapsed time: 0.484 seconds; current allocated memory: 1.439 GB.
INFO: [HLS 200-10] ----------------------------------------------------------------
INFO: [HLS 200-10] -- Generating RTL for module 'dct_Pipeline_WR_Loop_Row_WR_Loop_Col' 
INFO: [HLS 200-10] ----------------------------------------------------------------
INFO: [HLS 200-1030] Apply Unified Pipeline Control on module 'dct_Pipeline_WR_Loop_Row_WR_Loop_Col' pipeline 'WR_Loop_Row_WR_Loop_Col' pipeline type 'loop pipeline'
INFO: [RTGEN 206-100] Finished creating RTL model for 'dct_Pipeline_WR_Loop_Row_WR_Loop_Col'.
INFO: [HLS 200-111] Finished Creating RTL model: CPU user time: 0 seconds. CPU system time: 0 seconds. Elapsed time: 0.204 seconds; current allocated memory: 1.439 GB.
INFO: [HLS 200-10] ----------------------------------------------------------------
INFO: [HLS 200-10] -- Generating RTL for module 'dct' 
INFO: [HLS 200-10] ----------------------------------------------------------------
INFO: [RTGEN 206-500] Setting interface mode on port 'dct/input_r' to 'ap_memory'.
INFO: [RTGEN 206-500] Setting interface mode on port 'dct/output_r' to 'ap_memory'.
INFO: [RTGEN 206-500] Setting interface mode on function 'dct' to 'ap_ctrl_hs'.
INFO: [RTGEN 206-100] Finished creating RTL model for 'dct'.
INFO: [HLS 200-111] Finished Creating RTL model: CPU user time: 0 seconds. CPU system time: 0 seconds. Elapsed time: 0.217 seconds; current allocated memory: 1.439 GB.
INFO: [RTMG 210-279] Implementing memory 'dct_dct_coeff_table_0_ROM_AUTO_1R' using auto ROMs.
INFO: [RTMG 210-279] Implementing memory 'dct_dct_coeff_table_1_ROM_AUTO_1R' using auto ROMs.
INFO: [RTMG 210-279] Implementing memory 'dct_dct_coeff_table_2_ROM_AUTO_1R' using auto ROMs.
INFO: [RTMG 210-279] Implementing memory 'dct_dct_coeff_table_3_ROM_AUTO_1R' using auto ROMs.
INFO: [RTMG 210-279] Implementing memory 'dct_dct_coeff_table_4_ROM_AUTO_1R' using auto ROMs.
INFO: [RTMG 210-279] Implementing memory 'dct_dct_coeff_table_5_ROM_AUTO_1R' using auto ROMs.
INFO: [RTMG 210-279] Implementing memory 'dct_dct_coeff_table_6_ROM_AUTO_1R' using auto ROMs.
INFO: [RTMG 210-279] Implementing memory 'dct_dct_coeff_table_7_ROM_AUTO_1R' using auto ROMs.
INFO: [RTMG 210-278] Implementing memory 'dct_row_outbuf_RAM_AUTO_1R1W_ram (RAM)' using auto RAMs.
INFO: [RTMG 210-278] Implementing memory 'dct_col_inbuf_RAM_1WNR_AUTO_1R1W_ram (RAM_1WnR)' using auto RAMs.
INFO: [HLS 200-111] Finished Generating all RTL models: CPU user time: 1 seconds. CPU system time: 1 seconds. Elapsed time: 2.043 seconds; current allocated memory: 1.439 GB.
INFO: [HLS 200-111] Finished Updating report files: CPU user time: 1 seconds. CPU system time: 0 seconds. Elapsed time: 0.599 seconds; current allocated memory: 1.439 GB.
INFO: [VHDL 208-304] Generating VHDL RTL for dct.
INFO: [VLOG 209-307] Generating Verilog RTL for dct.
INFO: [HLS 200-790] **** Loop Constraint Status: All loop constraints were satisfied.
INFO: [HLS 200-789] **** Estimated Fmax: 153.66 MHz
INFO: [HLS 200-111] Finished Command csynth_design CPU user time: 5 seconds. CPU system time: 2 seconds. Elapsed time: 17.784 seconds; current allocated memory: 0.000 MB.
INFO: [HLS 200-112] Total CPU user time: 10 seconds. Total CPU system time: 3 seconds. Total elapsed time: 21.123 seconds; peak allocated memory: 1.439 GB.
==============================================================
Vitis HLS - High-Level Synthesis from C, C++ and OpenCL v2022.1 (64-bit)
Tool Version Limit: 2022.04
Copyright 1986-2022 Xilinx, Inc. All Rights Reserved.
==============================================================
INFO: [SYN 201-201] Setting up clock 'default' with a period of 10ns.
INFO: [HLS 200-1611] Setting target device to 'xc7z020-clg400-1'
INFO: [HLS 200-1505] Using flow_target 'vivado'
INFO: [HLS 200-1464] Running solution command: config_interface -m_axi_latency=0
INFO: [HLS 200-1510] Running: set_part xc7z020-clg400-1 
INFO: [HLS 200-1510] Running: create_clock -period 10 -name default 
INFO: [HLS 200-1510] Running: config_interface -m_axi_latency 0 
INFO: [HLS 200-1510] Running: source ./dct_prj/solution1/directives.tcl
INFO: [HLS 200-1510] Running: csynth_design 
INFO: [HLS 200-111] Finished File checks and directory preparation: CPU user time: 0 seconds. CPU system time: 0 seconds. Elapsed time: 0.048 seconds; current allocated memory: 1.419 GB.
INFO: [HLS 200-10] Analyzing design file 'dct.cpp' ... 
WARNING: [HLS 207-1017] unknown pragma ignored (dct.cpp:19:9)
WARNING: [HLS 207-1017] unknown pragma ignored (dct.cpp:22:9)
WARNING: [HLS 207-1017] unknown pragma ignored (dct.cpp:45:9)
WARNING: [HLS 207-1017] unknown pragma ignored (dct.cpp:53:9)
WARNING: [HLS 207-1017] unknown pragma ignored (dct.cpp:56:9)
WARNING: [HLS 207-1017] unknown pragma ignored (dct.cpp:63:9)
WARNING: [HLS 207-1017] unknown pragma ignored (dct.cpp:71:9)
WARNING: [HLS 207-1017] unknown pragma ignored (dct.cpp:74:9)
WARNING: [HLS 207-1017] unknown pragma ignored (dct.cpp:91:9)
WARNING: [HLS 207-1017] unknown pragma ignored (dct.cpp:94:9)
WARNING: [HLS 207-1017] unknown pragma ignored (dct.cpp:108:9)
WARNING: [HLS 207-1017] unknown pragma ignored (dct.cpp:111:9)
INFO: [HLS 200-111] Finished Source Code Analysis and Preprocessing: CPU user time: 0 seconds. CPU system time: 0 seconds. Elapsed time: 2.84 seconds; current allocated memory: 1.419 GB.
INFO: [HLS 200-777] Using interface defaults for 'Vivado' flow target.
INFO: [HLS 214-178] Inlining function 'dct_1d(short*, short*)' into 'dct_2d(short (*) [8], short (*) [8])' (dct.cpp:36:0)
INFO: [HLS 214-178] Inlining function 'read_data(short*, short (*) [8])' into 'dct(short*, short*)' (dct.cpp:119:0)
INFO: [HLS 214-178] Inlining function 'dct_2d(short (*) [8], short (*) [8])' into 'dct(short*, short*)' (dct.cpp:119:0)
INFO: [HLS 214-178] Inlining function 'write_data(short (*) [8], short*)' into 'dct(short*, short*)' (dct.cpp:119:0)
INFO: [HLS 200-111] Finished Compiling Optimization and Transform: CPU user time: 0 seconds. CPU system time: 1 seconds. Elapsed time: 4.364 seconds; current allocated memory: 1.419 GB.
INFO: [HLS 200-111] Finished Checking Pragmas: CPU user time: 0 seconds. CPU system time: 0 seconds. Elapsed time: 0.004 seconds; current allocated memory: 1.419 GB.
INFO: [HLS 200-10] Starting code transformations ...
INFO: [HLS 200-111] Finished Standard Transforms: CPU user time: 0 seconds. CPU system time: 0 seconds. Elapsed time: 0.071 seconds; current allocated memory: 1.419 GB.
INFO: [HLS 200-10] Checking synthesizability ...
INFO: [HLS 200-111] Finished Checking Synthesizability: CPU user time: 0 seconds. CPU system time: 0 seconds. Elapsed time: 0.064 seconds; current allocated memory: 1.419 GB.
INFO: [XFORM 203-510] Pipelining loop 'RD_Loop_Col' (dct.cpp:87) in function 'dct' automatically.
INFO: [XFORM 203-510] Pipelining loop 'DCT_Outer_Loop' (dct.cpp:9) in function 'dct' automatically.
INFO: [XFORM 203-510] Pipelining loop 'Xpose_Row_Inner_Loop' (dct.cpp:39) in function 'dct' automatically.
INFO: [XFORM 203-510] Pipelining loop 'DCT_Outer_Loop' (dct.cpp:9) in function 'dct' automatically.
INFO: [XFORM 203-510] Pipelining loop 'Xpose_Col_Inner_Loop' (dct.cpp:39) in function 'dct' automatically.
INFO: [XFORM 203-510] Pipelining loop 'WR_Loop_Col' (dct.cpp:104) in function 'dct' automatically.
INFO: [XFORM 203-502] Unrolling all sub-loops inside loop 'DCT_Outer_Loop' (dct.cpp:9) in function 'dct' for pipelining.
INFO: [XFORM 203-502] Unrolling all sub-loops inside loop 'DCT_Outer_Loop' (dct.cpp:9) in function 'dct' for pipelining.
INFO: [HLS 200-489] Unrolling loop 'DCT_Inner_Loop' (dct.cpp:9) in function 'dct' completely with a factor of 8.
INFO: [XFORM 203-102] Partitioning array 'dct_coeff_table' in dimension 2 automatically.
INFO: [XFORM 203-11] Balancing expressions in function 'dct' (dct.cpp:9:7)...16 expression(s) balanced.
INFO: [HLS 200-111] Finished Loop, function and other optimizations: CPU user time: 0 seconds. CPU system time: 0 seconds. Elapsed time: 0.184 seconds; current allocated memory: 1.419 GB.
INFO: [XFORM 203-541] Flattening a loop nest 'RD_Loop_Row' (dct.cpp:87:8) in function 'dct'.
INFO: [XFORM 203-541] Flattening a loop nest 'Row_DCT_Loop' (dct.cpp:39:13) in function 'dct'.
INFO: [XFORM 203-541] Flattening a loop nest 'Xpose_Row_Outer_Loop' (dct.cpp:39:16) in function 'dct'.
INFO: [XFORM 203-541] Flattening a loop nest 'Col_DCT_Loop' (dct.cpp:39:13) in function 'dct'.
INFO: [XFORM 203-541] Flattening a loop nest 'Xpose_Col_Outer_Loop' (dct.cpp:39:16) in function 'dct'.
INFO: [XFORM 203-541] Flattening a loop nest 'WR_Loop_Row' (dct.cpp:104:8) in function 'dct'.
INFO: [HLS 200-472] Inferring partial write operation for 'buf_2d_in' (dct.cpp:95:12)
INFO: [HLS 200-472] Inferring partial write operation for 'row_outbuf' (dct.cpp:26:14)
INFO: [HLS 200-472] Inferring partial write operation for 'col_inbuf' (dct.cpp:57:18)
INFO: [HLS 200-472] Inferring partial write operation for 'buf_2d_out' (dct.cpp:75:18)
INFO: [HLS 200-111] Finished Architecture Synthesis: CPU user time: 0 seconds. CPU system time: 0 seconds. Elapsed time: 0.172 seconds; current allocated memory: 1.419 GB.
INFO: [HLS 200-10] Starting hardware synthesis ...
INFO: [HLS 200-10] Synthesizing 'dct' ...
INFO: [HLS 200-10] ----------------------------------------------------------------
INFO: [HLS 200-42] -- Implementing module 'dct_Pipeline_RD_Loop_Row_RD_Loop_Col' 
INFO: [HLS 200-10] ----------------------------------------------------------------
INFO: [SCHED 204-11] Starting scheduling ...
INFO: [HLS 200-1457] Automatically inferring inferring RAM_1WNR storage type for array 'buf_2d_in'. Use bind_storage pragma to override this type.
INFO: [SCHED 204-61] Pipelining loop 'RD_Loop_Row_RD_Loop_Col'.
INFO: [HLS 200-1470] Pipelining result : Target II = NA, Final II = 1, Depth = 2, loop 'RD_Loop_Row_RD_Loop_Col'
INFO: [SCHED 204-11] Finished scheduling.
INFO: [HLS 200-111] Finished Scheduling: CPU user time: 0 seconds. CPU system time: 0 seconds. Elapsed time: 0.15 seconds; current allocated memory: 1.419 GB.
INFO: [BIND 205-100] Starting micro-architecture generation ...
INFO: [BIND 205-101] Performing variable lifetime analysis.
INFO: [BIND 205-101] Exploring resource sharing.
INFO: [BIND 205-101] Binding ...
INFO: [BIND 205-100] Finished micro-architecture generation.
INFO: [HLS 200-111] Finished Binding: CPU user time: 0 seconds. CPU system time: 0 seconds. Elapsed time: 0.049 seconds; current allocated memory: 1.419 GB.
INFO: [HLS 200-10] ----------------------------------------------------------------
INFO: [HLS 200-42] -- Implementing module 'dct_Pipeline_Row_DCT_Loop_DCT_Outer_Loop' 
INFO: [HLS 200-10] ----------------------------------------------------------------
INFO: [SCHED 204-11] Starting scheduling ...
INFO: [HLS 200-486] Changing DSP latency (root=mul_ln23_6) to 3 in order to utilize available DSP registers.
INFO: [HLS 200-486] Changing DSP latency (root=mul_ln26) to 3 in order to utilize available DSP registers.
INFO: [HLS 200-486] Changing DSP latency (root=mul_ln23_5) to 3 in order to utilize available DSP registers.
INFO: [HLS 200-486] Changing DSP latency (root=mul_ln23_3) to 3 in order to utilize available DSP registers.
INFO: [HLS 200-486] Changing DSP latency (root=mul_ln23) to 3 in order to utilize available DSP registers.
INFO: [HLS 200-486] Changing DSP latency (root=mul_ln23_4) to 3 in order to utilize available DSP registers.
INFO: [HLS 200-486] Changing DSP latency (root=mul_ln23_2) to 3 in order to utilize available DSP registers.
INFO: [HLS 200-486] Changing DSP latency (root=mul_ln23_1) to 3 in order to utilize available DSP registers.
INFO: [HLS 200-1457] Automatically inferring inferring RAM_1WNR storage type for array 'buf_2d_in'. Use bind_storage pragma to override this type.
INFO: [SCHED 204-61] Pipelining loop 'Row_DCT_Loop_DCT_Outer_Loop'.
INFO: [HLS 200-1470] Pipelining result : Target II = NA, Final II = 1, Depth = 8, loop 'Row_DCT_Loop_DCT_Outer_Loop'
INFO: [SCHED 204-11] Finished scheduling.
INFO: [HLS 200-111] Finished Scheduling: CPU user time: 1 seconds. CPU system time: 0 seconds. Elapsed time: 0.179 seconds; current allocated memory: 1.419 GB.
INFO: [BIND 205-100] Starting micro-architecture generation ...
INFO: [BIND 205-101] Performing variable lifetime analysis.
INFO: [BIND 205-101] Exploring resource sharing.
INFO: [BIND 205-101] Binding ...
INFO: [BIND 205-100] Finished micro-architecture generation.
INFO: [HLS 200-111] Finished Binding: CPU user time: 0 seconds. CPU system time: 0 seconds. Elapsed time: 0.113 seconds; current allocated memory: 1.419 GB.
INFO: [HLS 200-10] ----------------------------------------------------------------
INFO: [HLS 200-42] -- Implementing module 'dct_Pipeline_Xpose_Row_Outer_Loop_Xpose_Row_Inner_Loop' 
INFO: [HLS 200-10] ----------------------------------------------------------------
INFO: [SCHED 204-11] Starting scheduling ...
INFO: [HLS 200-1457] Automatically inferring inferring RAM_1WNR storage type for array 'col_inbuf'. Use bind_storage pragma to override this type.
INFO: [SCHED 204-61] Pipelining loop 'Xpose_Row_Outer_Loop_Xpose_Row_Inner_Loop'.
INFO: [HLS 200-1470] Pipelining result : Target II = NA, Final II = 1, Depth = 3, loop 'Xpose_Row_Outer_Loop_Xpose_Row_Inner_Loop'
INFO: [SCHED 204-11] Finished scheduling.
INFO: [HLS 200-111] Finished Scheduling: CPU user time: 0 seconds. CPU system time: 0 seconds. Elapsed time: 0.16 seconds; current allocated memory: 1.419 GB.
INFO: [BIND 205-100] Starting micro-architecture generation ...
INFO: [BIND 205-101] Performing variable lifetime analysis.
INFO: [BIND 205-101] Exploring resource sharing.
INFO: [BIND 205-101] Binding ...
INFO: [BIND 205-100] Finished micro-architecture generation.
INFO: [HLS 200-111] Finished Binding: CPU user time: 0 seconds. CPU system time: 0 seconds. Elapsed time: 0.057 seconds; current allocated memory: 1.419 GB.
INFO: [HLS 200-10] ----------------------------------------------------------------
INFO: [HLS 200-42] -- Implementing module 'dct_Pipeline_Col_DCT_Loop_DCT_Outer_Loop' 
INFO: [HLS 200-10] ----------------------------------------------------------------
INFO: [SCHED 204-11] Starting scheduling ...
INFO: [HLS 200-486] Changing DSP latency (root=mul_ln23_12) to 3 in order to utilize available DSP registers.
INFO: [HLS 200-486] Changing DSP latency (root=mul_ln26) to 3 in order to utilize available DSP registers.
INFO: [HLS 200-486] Changing DSP latency (root=mul_ln23_11) to 3 in order to utilize available DSP registers.
INFO: [HLS 200-486] Changing DSP latency (root=mul_ln23_9) to 3 in order to utilize available DSP registers.
INFO: [HLS 200-486] Changing DSP latency (root=mul_ln23) to 3 in order to utilize available DSP registers.
INFO: [HLS 200-486] Changing DSP latency (root=mul_ln23_10) to 3 in order to utilize available DSP registers.
INFO: [HLS 200-486] Changing DSP latency (root=mul_ln23_8) to 3 in order to utilize available DSP registers.
INFO: [HLS 200-486] Changing DSP latency (root=mul_ln23_7) to 3 in order to utilize available DSP registers.
INFO: [HLS 200-1457] Automatically inferring inferring RAM_1WNR storage type for array 'col_inbuf'. Use bind_storage pragma to override this type.
INFO: [SCHED 204-61] Pipelining loop 'Col_DCT_Loop_DCT_Outer_Loop'.
INFO: [HLS 200-1470] Pipelining result : Target II = NA, Final II = 1, Depth = 8, loop 'Col_DCT_Loop_DCT_Outer_Loop'
INFO: [SCHED 204-11] Finished scheduling.
INFO: [HLS 200-111] Finished Scheduling: CPU user time: 0 seconds. CPU system time: 0 seconds. Elapsed time: 0.188 seconds; current allocated memory: 1.419 GB.
INFO: [BIND 205-100] Starting micro-architecture generation ...
INFO: [BIND 205-101] Performing variable lifetime analysis.
INFO: [BIND 205-101] Exploring resource sharing.
INFO: [BIND 205-101] Binding ...
INFO: [BIND 205-100] Finished micro-architecture generation.
INFO: [HLS 200-111] Finished Binding: CPU user time: 0 seconds. CPU system time: 0 seconds. Elapsed time: 0.116 seconds; current allocated memory: 1.419 GB.
INFO: [HLS 200-10] ----------------------------------------------------------------
INFO: [HLS 200-42] -- Implementing module 'dct_Pipeline_Xpose_Col_Outer_Loop_Xpose_Col_Inner_Loop' 
INFO: [HLS 200-10] ----------------------------------------------------------------
INFO: [SCHED 204-11] Starting scheduling ...
INFO: [SCHED 204-61] Pipelining loop 'Xpose_Col_Outer_Loop_Xpose_Col_Inner_Loop'.
INFO: [HLS 200-1470] Pipelining result : Target II = NA, Final II = 1, Depth = 3, loop 'Xpose_Col_Outer_Loop_Xpose_Col_Inner_Loop'
INFO: [SCHED 204-11] Finished scheduling.
INFO: [HLS 200-111] Finished Scheduling: CPU user time: 0 seconds. CPU system time: 0 seconds. Elapsed time: 0.159 seconds; current allocated memory: 1.419 GB.
INFO: [BIND 205-100] Starting micro-architecture generation ...
INFO: [BIND 205-101] Performing variable lifetime analysis.
INFO: [BIND 205-101] Exploring resource sharing.
INFO: [BIND 205-101] Binding ...
INFO: [BIND 205-100] Finished micro-architecture generation.
INFO: [HLS 200-111] Finished Binding: CPU user time: 0 seconds. CPU system time: 0 seconds. Elapsed time: 0.061 seconds; current allocated memory: 1.419 GB.
INFO: [HLS 200-10] ----------------------------------------------------------------
INFO: [HLS 200-42] -- Implementing module 'dct_Pipeline_WR_Loop_Row_WR_Loop_Col' 
INFO: [HLS 200-10] ----------------------------------------------------------------
INFO: [SCHED 204-11] Starting scheduling ...
INFO: [SCHED 204-61] Pipelining loop 'WR_Loop_Row_WR_Loop_Col'.
INFO: [HLS 200-1470] Pipelining result : Target II = NA, Final II = 1, Depth = 3, loop 'WR_Loop_Row_WR_Loop_Col'
INFO: [SCHED 204-11] Finished scheduling.
INFO: [HLS 200-111] Finished Scheduling: CPU user time: 0 seconds. CPU system time: 0 seconds. Elapsed time: 0.102 seconds; current allocated memory: 1.419 GB.
INFO: [BIND 205-100] Starting micro-architecture generation ...
INFO: [BIND 205-101] Performing variable lifetime analysis.
INFO: [BIND 205-101] Exploring resource sharing.
INFO: [BIND 205-101] Binding ...
INFO: [BIND 205-100] Finished micro-architecture generation.
INFO: [HLS 200-111] Finished Binding: CPU user time: 0 seconds. CPU system time: 0 seconds. Elapsed time: 0.06 seconds; current allocated memory: 1.419 GB.
INFO: [HLS 200-10] ----------------------------------------------------------------
INFO: [HLS 200-42] -- Implementing module 'dct' 
INFO: [HLS 200-10] ----------------------------------------------------------------
INFO: [SCHED 204-11] Starting scheduling ...
INFO: [SCHED 204-11] Finished scheduling.
INFO: [HLS 200-111] Finished Scheduling: CPU user time: 1 seconds. CPU system time: 0 seconds. Elapsed time: 0.086 seconds; current allocated memory: 1.419 GB.
INFO: [BIND 205-100] Starting micro-architecture generation ...
INFO: [BIND 205-101] Performing variable lifetime analysis.
INFO: [BIND 205-101] Exploring resource sharing.
INFO: [BIND 205-101] Binding ...
INFO: [BIND 205-100] Finished micro-architecture generation.
INFO: [HLS 200-111] Finished Binding: CPU user time: 0 seconds. CPU system time: 0 seconds. Elapsed time: 0.143 seconds; current allocated memory: 1.419 GB.
INFO: [HLS 200-10] ----------------------------------------------------------------
INFO: [HLS 200-10] -- Generating RTL for module 'dct_Pipeline_RD_Loop_Row_RD_Loop_Col' 
INFO: [HLS 200-10] ----------------------------------------------------------------
INFO: [HLS 200-1030] Apply Unified Pipeline Control on module 'dct_Pipeline_RD_Loop_Row_RD_Loop_Col' pipeline 'RD_Loop_Row_RD_Loop_Col' pipeline type 'loop pipeline'
INFO: [RTGEN 206-100] Finished creating RTL model for 'dct_Pipeline_RD_Loop_Row_RD_Loop_Col'.
INFO: [HLS 200-111] Finished Creating RTL model: CPU user time: 0 seconds. CPU system time: 0 seconds. Elapsed time: 0.242 seconds; current allocated memory: 1.419 GB.
INFO: [HLS 200-10] ----------------------------------------------------------------
INFO: [HLS 200-10] -- Generating RTL for module 'dct_Pipeline_Row_DCT_Loop_DCT_Outer_Loop' 
INFO: [HLS 200-10] ----------------------------------------------------------------
INFO: [HLS 200-1030] Apply Unified Pipeline Control on module 'dct_Pipeline_Row_DCT_Loop_DCT_Outer_Loop' pipeline 'Row_DCT_Loop_DCT_Outer_Loop' pipeline type 'loop pipeline'
INFO: [RTGEN 206-100] Generating core module 'mac_muladd_16s_14ns_29s_29_4_1': 1 instance(s).
INFO: [RTGEN 206-100] Generating core module 'mac_muladd_16s_15s_13ns_29_4_1': 1 instance(s).
INFO: [RTGEN 206-100] Generating core module 'mac_muladd_16s_15s_29ns_29_4_1': 1 instance(s).
INFO: [RTGEN 206-100] Generating core module 'mac_muladd_16s_15s_29s_29_4_1': 2 instance(s).
INFO: [RTGEN 206-100] Generating core module 'mul_mul_16s_15s_29_4_1': 3 instance(s).
INFO: [RTGEN 206-100] Finished creating RTL model for 'dct_Pipeline_Row_DCT_Loop_DCT_Outer_Loop'.
INFO: [HLS 200-111] Finished Creating RTL model: CPU user time: 0 seconds. CPU system time: 0 seconds. Elapsed time: 0.229 seconds; current allocated memory: 1.419 GB.
INFO: [HLS 200-10] ----------------------------------------------------------------
INFO: [HLS 200-10] -- Generating RTL for module 'dct_Pipeline_Xpose_Row_Outer_Loop_Xpose_Row_Inner_Loop' 
INFO: [HLS 200-10] ----------------------------------------------------------------
INFO: [HLS 200-1030] Apply Unified Pipeline Control on module 'dct_Pipeline_Xpose_Row_Outer_Loop_Xpose_Row_Inner_Loop' pipeline 'Xpose_Row_Outer_Loop_Xpose_Row_Inner_Loop' pipeline type 'loop pipeline'
INFO: [RTGEN 206-100] Finished creating RTL model for 'dct_Pipeline_Xpose_Row_Outer_Loop_Xpose_Row_Inner_Loop'.
INFO: [HLS 200-111] Finished Creating RTL model: CPU user time: 0 seconds. CPU system time: 0 seconds. Elapsed time: 0.478 seconds; current allocated memory: 1.419 GB.
INFO: [HLS 200-10] ----------------------------------------------------------------
INFO: [HLS 200-10] -- Generating RTL for module 'dct_Pipeline_Col_DCT_Loop_DCT_Outer_Loop' 
INFO: [HLS 200-10] ----------------------------------------------------------------
INFO: [HLS 200-1030] Apply Unified Pipeline Control on module 'dct_Pipeline_Col_DCT_Loop_DCT_Outer_Loop' pipeline 'Col_DCT_Loop_DCT_Outer_Loop' pipeline type 'loop pipeline'
INFO: [RTGEN 206-100] Generating core module 'mac_muladd_16s_14ns_29s_29_4_1': 1 instance(s).
INFO: [RTGEN 206-100] Generating core module 'mac_muladd_16s_15s_13ns_29_4_1': 1 instance(s).
INFO: [RTGEN 206-100] Generating core module 'mac_muladd_16s_15s_29ns_29_4_1': 1 instance(s).
INFO: [RTGEN 206-100] Generating core module 'mac_muladd_16s_15s_29s_29_4_1': 2 instance(s).
INFO: [RTGEN 206-100] Generating core module 'mul_mul_16s_15s_29_4_1': 3 instance(s).
INFO: [RTGEN 206-100] Finished creating RTL model for 'dct_Pipeline_Col_DCT_Loop_DCT_Outer_Loop'.
INFO: [HLS 200-111] Finished Creating RTL model: CPU user time: 0 seconds. CPU system time: 0 seconds. Elapsed time: 0.249 seconds; current allocated memory: 1.419 GB.
INFO: [HLS 200-10] ----------------------------------------------------------------
INFO: [HLS 200-10] -- Generating RTL for module 'dct_Pipeline_Xpose_Col_Outer_Loop_Xpose_Col_Inner_Loop' 
INFO: [HLS 200-10] ----------------------------------------------------------------
INFO: [HLS 200-1030] Apply Unified Pipeline Control on module 'dct_Pipeline_Xpose_Col_Outer_Loop_Xpose_Col_Inner_Loop' pipeline 'Xpose_Col_Outer_Loop_Xpose_Col_Inner_Loop' pipeline type 'loop pipeline'
INFO: [RTGEN 206-100] Finished creating RTL model for 'dct_Pipeline_Xpose_Col_Outer_Loop_Xpose_Col_Inner_Loop'.
INFO: [HLS 200-111] Finished Creating RTL model: CPU user time: 1 seconds. CPU system time: 0 seconds. Elapsed time: 0.492 seconds; current allocated memory: 1.419 GB.
INFO: [HLS 200-10] ----------------------------------------------------------------
INFO: [HLS 200-10] -- Generating RTL for module 'dct_Pipeline_WR_Loop_Row_WR_Loop_Col' 
INFO: [HLS 200-10] ----------------------------------------------------------------
INFO: [HLS 200-1030] Apply Unified Pipeline Control on module 'dct_Pipeline_WR_Loop_Row_WR_Loop_Col' pipeline 'WR_Loop_Row_WR_Loop_Col' pipeline type 'loop pipeline'
INFO: [RTGEN 206-100] Finished creating RTL model for 'dct_Pipeline_WR_Loop_Row_WR_Loop_Col'.
INFO: [HLS 200-111] Finished Creating RTL model: CPU user time: 0 seconds. CPU system time: 0 seconds. Elapsed time: 0.188 seconds; current allocated memory: 1.419 GB.
INFO: [HLS 200-10] ----------------------------------------------------------------
INFO: [HLS 200-10] -- Generating RTL for module 'dct' 
INFO: [HLS 200-10] ----------------------------------------------------------------
INFO: [RTGEN 206-500] Setting interface mode on port 'dct/input_r' to 'ap_memory'.
INFO: [RTGEN 206-500] Setting interface mode on port 'dct/output_r' to 'ap_memory'.
INFO: [RTGEN 206-500] Setting interface mode on function 'dct' to 'ap_ctrl_hs'.
INFO: [RTGEN 206-100] Finished creating RTL model for 'dct'.
INFO: [HLS 200-111] Finished Creating RTL model: CPU user time: 0 seconds. CPU system time: 0 seconds. Elapsed time: 0.219 seconds; current allocated memory: 1.419 GB.
INFO: [RTMG 210-279] Implementing memory 'dct_dct_coeff_table_0_ROM_AUTO_1R' using auto ROMs.
INFO: [RTMG 210-279] Implementing memory 'dct_dct_coeff_table_1_ROM_AUTO_1R' using auto ROMs.
INFO: [RTMG 210-279] Implementing memory 'dct_dct_coeff_table_2_ROM_AUTO_1R' using auto ROMs.
INFO: [RTMG 210-279] Implementing memory 'dct_dct_coeff_table_3_ROM_AUTO_1R' using auto ROMs.
INFO: [RTMG 210-279] Implementing memory 'dct_dct_coeff_table_4_ROM_AUTO_1R' using auto ROMs.
INFO: [RTMG 210-279] Implementing memory 'dct_dct_coeff_table_5_ROM_AUTO_1R' using auto ROMs.
INFO: [RTMG 210-279] Implementing memory 'dct_dct_coeff_table_6_ROM_AUTO_1R' using auto ROMs.
INFO: [RTMG 210-279] Implementing memory 'dct_dct_coeff_table_7_ROM_AUTO_1R' using auto ROMs.
INFO: [RTMG 210-278] Implementing memory 'dct_row_outbuf_RAM_AUTO_1R1W_ram (RAM)' using auto RAMs.
INFO: [RTMG 210-278] Implementing memory 'dct_col_inbuf_RAM_1WNR_AUTO_1R1W_ram (RAM_1WnR)' using auto RAMs.
INFO: [HLS 200-111] Finished Generating all RTL models: CPU user time: 2 seconds. CPU system time: 1 seconds. Elapsed time: 1.952 seconds; current allocated memory: 1.419 GB.
INFO: [HLS 200-111] Finished Updating report files: CPU user time: 0 seconds. CPU system time: 0 seconds. Elapsed time: 0.603 seconds; current allocated memory: 1.419 GB.
INFO: [VHDL 208-304] Generating VHDL RTL for dct.
INFO: [VLOG 209-307] Generating Verilog RTL for dct.
INFO: [HLS 200-790] **** Loop Constraint Status: All loop constraints were satisfied.
INFO: [HLS 200-789] **** Estimated Fmax: 153.66 MHz
INFO: [HLS 200-111] Finished Command csynth_design CPU user time: 5 seconds. CPU system time: 2 seconds. Elapsed time: 14.176 seconds; current allocated memory: 0.000 MB.
INFO: [HLS 200-112] Total CPU user time: 10 seconds. Total CPU system time: 3 seconds. Total elapsed time: 17.626 seconds; peak allocated memory: 1.419 GB.
==============================================================
Vitis HLS - High-Level Synthesis from C, C++ and OpenCL v2022.1 (64-bit)
Tool Version Limit: 2022.04
Copyright 1986-2022 Xilinx, Inc. All Rights Reserved.
==============================================================
INFO: [SYN 201-201] Setting up clock 'default' with a period of 10ns.
INFO: [HLS 200-1611] Setting target device to 'xc7z020-clg400-1'
INFO: [HLS 200-1505] Using flow_target 'vivado'
INFO: [HLS 200-1464] Running solution command: config_interface -m_axi_latency=0
INFO: [HLS 200-1510] Running: set_part xc7z020-clg400-1 
INFO: [HLS 200-1510] Running: create_clock -period 10 -name default 
INFO: [HLS 200-1510] Running: config_interface -m_axi_latency 0 
INFO: [HLS 200-1510] Running: source ./dct_prj/solution1/directives.tcl
INFO: [HLS 200-1510] Running: set_directive_top -name dct dct 
INFO: [HLS 200-1510] Running: set_directive_inline -off dct_2d 
INFO: [HLS 200-1510] Running: set_directive_inline -off read_data 
INFO: [HLS 200-1510] Running: set_directive_inline -off write_data 
INFO: [HLS 200-1510] Running: csynth_design 
INFO: [HLS 200-111] Finished File checks and directory preparation: CPU user time: 0 seconds. CPU system time: 1 seconds. Elapsed time: 0.061 seconds; current allocated memory: 1.390 GB.
INFO: [HLS 200-10] Analyzing design file 'dct.cpp' ... 
INFO: [HLS 200-111] Finished Source Code Analysis and Preprocessing: CPU user time: 0 seconds. CPU system time: 0 seconds. Elapsed time: 2.749 seconds; current allocated memory: 1.390 GB.
INFO: [HLS 200-777] Using interface defaults for 'Vivado' flow target.
INFO: [HLS 214-178] Inlining function 'dct_1d(short*, short*)' into 'dct_2d(short (*) [8], short (*) [8])' (dct.cpp:34:0)
INFO: [HLS 200-111] Finished Compiling Optimization and Transform: CPU user time: 0 seconds. CPU system time: 0 seconds. Elapsed time: 4.286 seconds; current allocated memory: 1.390 GB.
INFO: [HLS 200-111] Finished Checking Pragmas: CPU user time: 0 seconds. CPU system time: 0 seconds. Elapsed time: 0.004 seconds; current allocated memory: 1.390 GB.
INFO: [HLS 200-10] Starting code transformations ...
INFO: [HLS 200-111] Finished Standard Transforms: CPU user time: 0 seconds. CPU system time: 0 seconds. Elapsed time: 0.066 seconds; current allocated memory: 1.390 GB.
INFO: [HLS 200-10] Checking synthesizability ...
INFO: [HLS 200-111] Finished Checking Synthesizability: CPU user time: 0 seconds. CPU system time: 0 seconds. Elapsed time: 0.058 seconds; current allocated memory: 1.390 GB.
INFO: [XFORM 203-510] Pipelining loop 'WR_Loop_Col' (dct.cpp:94) in function 'write_data' automatically.
INFO: [XFORM 203-510] Pipelining loop 'RD_Loop_Col' (dct.cpp:79) in function 'read_data' automatically.
INFO: [XFORM 203-510] Pipelining loop 'DCT_Outer_Loop' (dct.cpp:9) in function 'dct_2d' automatically.
INFO: [XFORM 203-510] Pipelining loop 'Xpose_Row_Inner_Loop' (dct.cpp:37) in function 'dct_2d' automatically.
INFO: [XFORM 203-510] Pipelining loop 'DCT_Outer_Loop' (dct.cpp:9) in function 'dct_2d' automatically.
INFO: [XFORM 203-510] Pipelining loop 'Xpose_Col_Inner_Loop' (dct.cpp:37) in function 'dct_2d' automatically.
INFO: [XFORM 203-502] Unrolling all sub-loops inside loop 'DCT_Outer_Loop' (dct.cpp:9) in function 'dct_2d' for pipelining.
INFO: [XFORM 203-502] Unrolling all sub-loops inside loop 'DCT_Outer_Loop' (dct.cpp:9) in function 'dct_2d' for pipelining.
INFO: [HLS 200-489] Unrolling loop 'DCT_Inner_Loop' (dct.cpp:9) in function 'dct_2d' completely with a factor of 8.
INFO: [XFORM 203-102] Partitioning array 'dct_coeff_table' in dimension 2 automatically.
INFO: [XFORM 203-11] Balancing expressions in function 'dct_2d' (dct.cpp:9:7)...16 expression(s) balanced.
INFO: [HLS 200-111] Finished Loop, function and other optimizations: CPU user time: 0 seconds. CPU system time: 0 seconds. Elapsed time: 0.199 seconds; current allocated memory: 1.390 GB.
INFO: [XFORM 203-541] Flattening a loop nest 'WR_Loop_Row' (dct.cpp:94:8) in function 'write_data'.
INFO: [XFORM 203-541] Flattening a loop nest 'RD_Loop_Row' (dct.cpp:79:8) in function 'read_data'.
INFO: [XFORM 203-541] Flattening a loop nest 'Row_DCT_Loop' (dct.cpp:37:13) in function 'dct_2d'.
INFO: [XFORM 203-541] Flattening a loop nest 'Xpose_Row_Outer_Loop' (dct.cpp:37:16) in function 'dct_2d'.
INFO: [XFORM 203-541] Flattening a loop nest 'Col_DCT_Loop' (dct.cpp:37:13) in function 'dct_2d'.
INFO: [XFORM 203-541] Flattening a loop nest 'Xpose_Col_Outer_Loop' (dct.cpp:37:16) in function 'dct_2d'.
INFO: [HLS 200-472] Inferring partial write operation for 'buf' (dct.cpp:85:20)
INFO: [HLS 200-472] Inferring partial write operation for 'row_outbuf' (dct.cpp:24:14)
INFO: [HLS 200-472] Inferring partial write operation for 'col_inbuf' (dct.cpp:52:26)
INFO: [HLS 200-472] Inferring partial write operation for 'out_block' (dct.cpp:67:26)
INFO: [HLS 200-111] Finished Architecture Synthesis: CPU user time: 1 seconds. CPU system time: 0 seconds. Elapsed time: 0.176 seconds; current allocated memory: 1.390 GB.
INFO: [HLS 200-10] Starting hardware synthesis ...
INFO: [HLS 200-10] Synthesizing 'dct' ...
INFO: [HLS 200-10] ----------------------------------------------------------------
INFO: [HLS 200-42] -- Implementing module 'read_data' 
INFO: [HLS 200-10] ----------------------------------------------------------------
INFO: [SCHED 204-11] Starting scheduling ...
INFO: [HLS 200-1457] Automatically inferring inferring RAM_1WNR storage type for array 'buf_r'. Use bind_storage pragma to override this type.
INFO: [SCHED 204-61] Pipelining loop 'RD_Loop_Row_RD_Loop_Col'.
INFO: [HLS 200-1470] Pipelining result : Target II = NA, Final II = 1, Depth = 2, loop 'RD_Loop_Row_RD_Loop_Col'
INFO: [SCHED 204-11] Finished scheduling.
INFO: [HLS 200-111] Finished Scheduling: CPU user time: 0 seconds. CPU system time: 0 seconds. Elapsed time: 0.162 seconds; current allocated memory: 1.390 GB.
INFO: [BIND 205-100] Starting micro-architecture generation ...
INFO: [BIND 205-101] Performing variable lifetime analysis.
INFO: [BIND 205-101] Exploring resource sharing.
INFO: [BIND 205-101] Binding ...
INFO: [BIND 205-100] Finished micro-architecture generation.
INFO: [HLS 200-111] Finished Binding: CPU user time: 0 seconds. CPU system time: 0 seconds. Elapsed time: 0.051 seconds; current allocated memory: 1.390 GB.
INFO: [HLS 200-10] ----------------------------------------------------------------
INFO: [HLS 200-42] -- Implementing module 'dct_2d_Pipeline_Row_DCT_Loop_DCT_Outer_Loop' 
INFO: [HLS 200-10] ----------------------------------------------------------------
INFO: [SCHED 204-11] Starting scheduling ...
INFO: [HLS 200-486] Changing DSP latency (root=mul_ln21_6) to 3 in order to utilize available DSP registers.
INFO: [HLS 200-486] Changing DSP latency (root=mul_ln24) to 3 in order to utilize available DSP registers.
INFO: [HLS 200-486] Changing DSP latency (root=mul_ln21_5) to 3 in order to utilize available DSP registers.
INFO: [HLS 200-486] Changing DSP latency (root=mul_ln21_3) to 3 in order to utilize available DSP registers.
INFO: [HLS 200-486] Changing DSP latency (root=mul_ln21) to 3 in order to utilize available DSP registers.
INFO: [HLS 200-486] Changing DSP latency (root=mul_ln21_4) to 3 in order to utilize available DSP registers.
INFO: [HLS 200-486] Changing DSP latency (root=mul_ln21_2) to 3 in order to utilize available DSP registers.
INFO: [HLS 200-486] Changing DSP latency (root=mul_ln21_1) to 3 in order to utilize available DSP registers.
INFO: [HLS 200-1457] Automatically inferring inferring RAM_1WNR storage type for array 'in_block'. Use bind_storage pragma to override this type.
INFO: [SCHED 204-61] Pipelining loop 'Row_DCT_Loop_DCT_Outer_Loop'.
INFO: [HLS 200-1470] Pipelining result : Target II = NA, Final II = 1, Depth = 8, loop 'Row_DCT_Loop_DCT_Outer_Loop'
INFO: [SCHED 204-11] Finished scheduling.
INFO: [HLS 200-111] Finished Scheduling: CPU user time: 0 seconds. CPU system time: 0 seconds. Elapsed time: 0.193 seconds; current allocated memory: 1.390 GB.
INFO: [BIND 205-100] Starting micro-architecture generation ...
INFO: [BIND 205-101] Performing variable lifetime analysis.
INFO: [BIND 205-101] Exploring resource sharing.
INFO: [BIND 205-101] Binding ...
INFO: [BIND 205-100] Finished micro-architecture generation.
INFO: [HLS 200-111] Finished Binding: CPU user time: 0 seconds. CPU system time: 0 seconds. Elapsed time: 0.112 seconds; current allocated memory: 1.390 GB.
INFO: [HLS 200-10] ----------------------------------------------------------------
INFO: [HLS 200-42] -- Implementing module 'dct_2d_Pipeline_Xpose_Row_Outer_Loop_Xpose_Row_Inner_Loop' 
INFO: [HLS 200-10] ----------------------------------------------------------------
INFO: [SCHED 204-11] Starting scheduling ...
INFO: [HLS 200-1457] Automatically inferring inferring RAM_1WNR storage type for array 'col_inbuf'. Use bind_storage pragma to override this type.
INFO: [SCHED 204-61] Pipelining loop 'Xpose_Row_Outer_Loop_Xpose_Row_Inner_Loop'.
INFO: [HLS 200-1470] Pipelining result : Target II = NA, Final II = 1, Depth = 3, loop 'Xpose_Row_Outer_Loop_Xpose_Row_Inner_Loop'
INFO: [SCHED 204-11] Finished scheduling.
INFO: [HLS 200-111] Finished Scheduling: CPU user time: 0 seconds. CPU system time: 0 seconds. Elapsed time: 0.161 seconds; current allocated memory: 1.390 GB.
INFO: [BIND 205-100] Starting micro-architecture generation ...
INFO: [BIND 205-101] Performing variable lifetime analysis.
INFO: [BIND 205-101] Exploring resource sharing.
INFO: [BIND 205-101] Binding ...
INFO: [BIND 205-100] Finished micro-architecture generation.
INFO: [HLS 200-111] Finished Binding: CPU user time: 0 seconds. CPU system time: 0 seconds. Elapsed time: 0.057 seconds; current allocated memory: 1.390 GB.
INFO: [HLS 200-10] ----------------------------------------------------------------
INFO: [HLS 200-42] -- Implementing module 'dct_2d_Pipeline_Col_DCT_Loop_DCT_Outer_Loop' 
INFO: [HLS 200-10] ----------------------------------------------------------------
INFO: [SCHED 204-11] Starting scheduling ...
INFO: [HLS 200-486] Changing DSP latency (root=mul_ln21_12) to 3 in order to utilize available DSP registers.
INFO: [HLS 200-486] Changing DSP latency (root=mul_ln24) to 3 in order to utilize available DSP registers.
INFO: [HLS 200-486] Changing DSP latency (root=mul_ln21_11) to 3 in order to utilize available DSP registers.
INFO: [HLS 200-486] Changing DSP latency (root=mul_ln21_9) to 3 in order to utilize available DSP registers.
INFO: [HLS 200-486] Changing DSP latency (root=mul_ln21) to 3 in order to utilize available DSP registers.
INFO: [HLS 200-486] Changing DSP latency (root=mul_ln21_10) to 3 in order to utilize available DSP registers.
INFO: [HLS 200-486] Changing DSP latency (root=mul_ln21_8) to 3 in order to utilize available DSP registers.
INFO: [HLS 200-486] Changing DSP latency (root=mul_ln21_7) to 3 in order to utilize available DSP registers.
INFO: [HLS 200-1457] Automatically inferring inferring RAM_1WNR storage type for array 'col_inbuf'. Use bind_storage pragma to override this type.
INFO: [SCHED 204-61] Pipelining loop 'Col_DCT_Loop_DCT_Outer_Loop'.
INFO: [HLS 200-1470] Pipelining result : Target II = NA, Final II = 1, Depth = 8, loop 'Col_DCT_Loop_DCT_Outer_Loop'
INFO: [SCHED 204-11] Finished scheduling.
INFO: [HLS 200-111] Finished Scheduling: CPU user time: 0 seconds. CPU system time: 0 seconds. Elapsed time: 0.204 seconds; current allocated memory: 1.390 GB.
INFO: [BIND 205-100] Starting micro-architecture generation ...
INFO: [BIND 205-101] Performing variable lifetime analysis.
INFO: [BIND 205-101] Exploring resource sharing.
INFO: [BIND 205-101] Binding ...
INFO: [BIND 205-100] Finished micro-architecture generation.
INFO: [HLS 200-111] Finished Binding: CPU user time: 0 seconds. CPU system time: 0 seconds. Elapsed time: 0.123 seconds; current allocated memory: 1.390 GB.
INFO: [HLS 200-10] ----------------------------------------------------------------
INFO: [HLS 200-42] -- Implementing module 'dct_2d_Pipeline_Xpose_Col_Outer_Loop_Xpose_Col_Inner_Loop' 
INFO: [HLS 200-10] ----------------------------------------------------------------
INFO: [SCHED 204-11] Starting scheduling ...
INFO: [SCHED 204-61] Pipelining loop 'Xpose_Col_Outer_Loop_Xpose_Col_Inner_Loop'.
INFO: [HLS 200-1470] Pipelining result : Target II = NA, Final II = 1, Depth = 3, loop 'Xpose_Col_Outer_Loop_Xpose_Col_Inner_Loop'
INFO: [SCHED 204-11] Finished scheduling.
INFO: [HLS 200-111] Finished Scheduling: CPU user time: 0 seconds. CPU system time: 0 seconds. Elapsed time: 0.168 seconds; current allocated memory: 1.390 GB.
INFO: [BIND 205-100] Starting micro-architecture generation ...
INFO: [BIND 205-101] Performing variable lifetime analysis.
INFO: [BIND 205-101] Exploring resource sharing.
INFO: [BIND 205-101] Binding ...
INFO: [BIND 205-100] Finished micro-architecture generation.
INFO: [HLS 200-111] Finished Binding: CPU user time: 0 seconds. CPU system time: 0 seconds. Elapsed time: 0.059 seconds; current allocated memory: 1.390 GB.
INFO: [HLS 200-10] ----------------------------------------------------------------
INFO: [HLS 200-42] -- Implementing module 'dct_2d' 
INFO: [HLS 200-10] ----------------------------------------------------------------
INFO: [SCHED 204-11] Starting scheduling ...
INFO: [SCHED 204-11] Finished scheduling.
INFO: [HLS 200-111] Finished Scheduling: CPU user time: 1 seconds. CPU system time: 0 seconds. Elapsed time: 0.085 seconds; current allocated memory: 1.390 GB.
INFO: [BIND 205-100] Starting micro-architecture generation ...
INFO: [BIND 205-101] Performing variable lifetime analysis.
INFO: [BIND 205-101] Exploring resource sharing.
INFO: [BIND 205-101] Binding ...
INFO: [BIND 205-100] Finished micro-architecture generation.
INFO: [HLS 200-111] Finished Binding: CPU user time: 0 seconds. CPU system time: 0 seconds. Elapsed time: 0.11 seconds; current allocated memory: 1.390 GB.
INFO: [HLS 200-10] ----------------------------------------------------------------
INFO: [HLS 200-42] -- Implementing module 'write_data' 
INFO: [HLS 200-10] ----------------------------------------------------------------
INFO: [SCHED 204-11] Starting scheduling ...
INFO: [SCHED 204-61] Pipelining loop 'WR_Loop_Row_WR_Loop_Col'.
INFO: [HLS 200-1470] Pipelining result : Target II = NA, Final II = 1, Depth = 3, loop 'WR_Loop_Row_WR_Loop_Col'
INFO: [SCHED 204-11] Finished scheduling.
INFO: [HLS 200-111] Finished Scheduling: CPU user time: 0 seconds. CPU system time: 0 seconds. Elapsed time: 0.216 seconds; current allocated memory: 1.390 GB.
INFO: [BIND 205-100] Starting micro-architecture generation ...
INFO: [BIND 205-101] Performing variable lifetime analysis.
INFO: [BIND 205-101] Exploring resource sharing.
INFO: [BIND 205-101] Binding ...
INFO: [BIND 205-100] Finished micro-architecture generation.
INFO: [HLS 200-111] Finished Binding: CPU user time: 0 seconds. CPU system time: 0 seconds. Elapsed time: 0.059 seconds; current allocated memory: 1.390 GB.
INFO: [HLS 200-10] ----------------------------------------------------------------
INFO: [HLS 200-42] -- Implementing module 'dct' 
INFO: [HLS 200-10] ----------------------------------------------------------------
INFO: [SCHED 204-11] Starting scheduling ...
INFO: [SCHED 204-11] Finished scheduling.
INFO: [HLS 200-111] Finished Scheduling: CPU user time: 0 seconds. CPU system time: 0 seconds. Elapsed time: 0.075 seconds; current allocated memory: 1.390 GB.
INFO: [BIND 205-100] Starting micro-architecture generation ...
INFO: [BIND 205-101] Performing variable lifetime analysis.
INFO: [BIND 205-101] Exploring resource sharing.
INFO: [BIND 205-101] Binding ...
INFO: [BIND 205-100] Finished micro-architecture generation.
INFO: [HLS 200-111] Finished Binding: CPU user time: 0 seconds. CPU system time: 0 seconds. Elapsed time: 0.117 seconds; current allocated memory: 1.390 GB.
INFO: [HLS 200-10] ----------------------------------------------------------------
INFO: [HLS 200-10] -- Generating RTL for module 'read_data' 
INFO: [HLS 200-10] ----------------------------------------------------------------
INFO: [HLS 200-1030] Apply Unified Pipeline Control on module 'read_data' pipeline 'RD_Loop_Row_RD_Loop_Col' pipeline type 'loop pipeline'
INFO: [RTGEN 206-100] Finished creating RTL model for 'read_data'.
INFO: [HLS 200-111] Finished Creating RTL model: CPU user time: 0 seconds. CPU system time: 0 seconds. Elapsed time: 0.239 seconds; current allocated memory: 1.390 GB.
INFO: [HLS 200-10] ----------------------------------------------------------------
INFO: [HLS 200-10] -- Generating RTL for module 'dct_2d_Pipeline_Row_DCT_Loop_DCT_Outer_Loop' 
INFO: [HLS 200-10] ----------------------------------------------------------------
INFO: [HLS 200-1030] Apply Unified Pipeline Control on module 'dct_2d_Pipeline_Row_DCT_Loop_DCT_Outer_Loop' pipeline 'Row_DCT_Loop_DCT_Outer_Loop' pipeline type 'loop pipeline'
INFO: [RTGEN 206-100] Generating core module 'mac_muladd_16s_14ns_29s_29_4_1': 1 instance(s).
INFO: [RTGEN 206-100] Generating core module 'mac_muladd_16s_15s_13ns_29_4_1': 1 instance(s).
INFO: [RTGEN 206-100] Generating core module 'mac_muladd_16s_15s_29ns_29_4_1': 1 instance(s).
INFO: [RTGEN 206-100] Generating core module 'mac_muladd_16s_15s_29s_29_4_1': 2 instance(s).
INFO: [RTGEN 206-100] Generating core module 'mul_mul_16s_15s_29_4_1': 3 instance(s).
INFO: [RTGEN 206-100] Finished creating RTL model for 'dct_2d_Pipeline_Row_DCT_Loop_DCT_Outer_Loop'.
INFO: [HLS 200-111] Finished Creating RTL model: CPU user time: 0 seconds. CPU system time: 0 seconds. Elapsed time: 0.239 seconds; current allocated memory: 1.390 GB.
INFO: [HLS 200-10] ----------------------------------------------------------------
INFO: [HLS 200-10] -- Generating RTL for module 'dct_2d_Pipeline_Xpose_Row_Outer_Loop_Xpose_Row_Inner_Loop' 
INFO: [HLS 200-10] ----------------------------------------------------------------
INFO: [HLS 200-1030] Apply Unified Pipeline Control on module 'dct_2d_Pipeline_Xpose_Row_Outer_Loop_Xpose_Row_Inner_Loop' pipeline 'Xpose_Row_Outer_Loop_Xpose_Row_Inner_Loop' pipeline type 'loop pipeline'
INFO: [RTGEN 206-100] Finished creating RTL model for 'dct_2d_Pipeline_Xpose_Row_Outer_Loop_Xpose_Row_Inner_Loop'.
INFO: [HLS 200-111] Finished Creating RTL model: CPU user time: 1 seconds. CPU system time: 0 seconds. Elapsed time: 0.491 seconds; current allocated memory: 1.390 GB.
INFO: [HLS 200-10] ----------------------------------------------------------------
INFO: [HLS 200-10] -- Generating RTL for module 'dct_2d_Pipeline_Col_DCT_Loop_DCT_Outer_Loop' 
INFO: [HLS 200-10] ----------------------------------------------------------------
INFO: [HLS 200-1030] Apply Unified Pipeline Control on module 'dct_2d_Pipeline_Col_DCT_Loop_DCT_Outer_Loop' pipeline 'Col_DCT_Loop_DCT_Outer_Loop' pipeline type 'loop pipeline'
INFO: [RTGEN 206-100] Generating core module 'mac_muladd_16s_14ns_29s_29_4_1': 1 instance(s).
INFO: [RTGEN 206-100] Generating core module 'mac_muladd_16s_15s_13ns_29_4_1': 1 instance(s).
INFO: [RTGEN 206-100] Generating core module 'mac_muladd_16s_15s_29ns_29_4_1': 1 instance(s).
INFO: [RTGEN 206-100] Generating core module 'mac_muladd_16s_15s_29s_29_4_1': 2 instance(s).
INFO: [RTGEN 206-100] Generating core module 'mul_mul_16s_15s_29_4_1': 3 instance(s).
INFO: [RTGEN 206-100] Finished creating RTL model for 'dct_2d_Pipeline_Col_DCT_Loop_DCT_Outer_Loop'.
INFO: [HLS 200-111] Finished Creating RTL model: CPU user time: 0 seconds. CPU system time: 0 seconds. Elapsed time: 0.253 seconds; current allocated memory: 1.390 GB.
INFO: [HLS 200-10] ----------------------------------------------------------------
INFO: [HLS 200-10] -- Generating RTL for module 'dct_2d_Pipeline_Xpose_Col_Outer_Loop_Xpose_Col_Inner_Loop' 
INFO: [HLS 200-10] ----------------------------------------------------------------
INFO: [HLS 200-1030] Apply Unified Pipeline Control on module 'dct_2d_Pipeline_Xpose_Col_Outer_Loop_Xpose_Col_Inner_Loop' pipeline 'Xpose_Col_Outer_Loop_Xpose_Col_Inner_Loop' pipeline type 'loop pipeline'
INFO: [RTGEN 206-100] Finished creating RTL model for 'dct_2d_Pipeline_Xpose_Col_Outer_Loop_Xpose_Col_Inner_Loop'.
INFO: [HLS 200-111] Finished Creating RTL model: CPU user time: 0 seconds. CPU system time: 0 seconds. Elapsed time: 0.488 seconds; current allocated memory: 1.390 GB.
INFO: [HLS 200-10] ----------------------------------------------------------------
INFO: [HLS 200-10] -- Generating RTL for module 'dct_2d' 
INFO: [HLS 200-10] ----------------------------------------------------------------
INFO: [RTGEN 206-100] Finished creating RTL model for 'dct_2d'.
INFO: [HLS 200-111] Finished Creating RTL model: CPU user time: 0 seconds. CPU system time: 0 seconds. Elapsed time: 0.207 seconds; current allocated memory: 1.390 GB.
INFO: [HLS 200-10] ----------------------------------------------------------------
INFO: [HLS 200-10] -- Generating RTL for module 'write_data' 
INFO: [HLS 200-10] ----------------------------------------------------------------
INFO: [HLS 200-1030] Apply Unified Pipeline Control on module 'write_data' pipeline 'WR_Loop_Row_WR_Loop_Col' pipeline type 'loop pipeline'
INFO: [RTGEN 206-100] Finished creating RTL model for 'write_data'.
INFO: [HLS 200-111] Finished Creating RTL model: CPU user time: 0 seconds. CPU system time: 0 seconds. Elapsed time: 0.249 seconds; current allocated memory: 1.390 GB.
INFO: [HLS 200-10] ----------------------------------------------------------------
INFO: [HLS 200-10] -- Generating RTL for module 'dct' 
INFO: [HLS 200-10] ----------------------------------------------------------------
INFO: [RTGEN 206-500] Setting interface mode on port 'dct/input_r' to 'ap_memory'.
INFO: [RTGEN 206-500] Setting interface mode on port 'dct/output_r' to 'ap_memory'.
INFO: [RTGEN 206-500] Setting interface mode on function 'dct' to 'ap_ctrl_hs'.
INFO: [RTGEN 206-100] Finished creating RTL model for 'dct'.
INFO: [HLS 200-111] Finished Creating RTL model: CPU user time: 1 seconds. CPU system time: 0 seconds. Elapsed time: 0.21 seconds; current allocated memory: 1.390 GB.
INFO: [RTMG 210-279] Implementing memory 'dct_dct_2d_dct_coeff_table_0_ROM_AUTO_1R' using auto ROMs.
INFO: [RTMG 210-279] Implementing memory 'dct_dct_2d_dct_coeff_table_1_ROM_AUTO_1R' using auto ROMs.
INFO: [RTMG 210-279] Implementing memory 'dct_dct_2d_dct_coeff_table_2_ROM_AUTO_1R' using auto ROMs.
INFO: [RTMG 210-279] Implementing memory 'dct_dct_2d_dct_coeff_table_3_ROM_AUTO_1R' using auto ROMs.
INFO: [RTMG 210-279] Implementing memory 'dct_dct_2d_dct_coeff_table_4_ROM_AUTO_1R' using auto ROMs.
INFO: [RTMG 210-279] Implementing memory 'dct_dct_2d_dct_coeff_table_5_ROM_AUTO_1R' using auto ROMs.
INFO: [RTMG 210-279] Implementing memory 'dct_dct_2d_dct_coeff_table_6_ROM_AUTO_1R' using auto ROMs.
INFO: [RTMG 210-279] Implementing memory 'dct_dct_2d_dct_coeff_table_7_ROM_AUTO_1R' using auto ROMs.
INFO: [RTMG 210-278] Implementing memory 'dct_dct_2d_row_outbuf_RAM_AUTO_1R1W_ram (RAM)' using auto RAMs.
INFO: [RTMG 210-278] Implementing memory 'dct_dct_2d_col_inbuf_RAM_1WNR_AUTO_1R1W_ram (RAM_1WnR)' using auto RAMs.
INFO: [RTMG 210-278] Implementing memory 'dct_buf_2d_in_RAM_1WNR_AUTO_1R1W_ram (RAM_1WnR)' using auto RAMs.
INFO: [RTMG 210-278] Implementing memory 'dct_buf_2d_out_RAM_AUTO_1R1W_ram (RAM)' using auto RAMs.
INFO: [HLS 200-111] Finished Generating all RTL models: CPU user time: 1 seconds. CPU system time: 1 seconds. Elapsed time: 2.074 seconds; current allocated memory: 1.390 GB.
INFO: [HLS 200-111] Finished Updating report files: CPU user time: 1 seconds. CPU system time: 0 seconds. Elapsed time: 0.638 seconds; current allocated memory: 1.390 GB.
INFO: [VHDL 208-304] Generating VHDL RTL for dct.
INFO: [VLOG 209-307] Generating Verilog RTL for dct.
INFO: [HLS 200-790] **** Loop Constraint Status: All loop constraints were satisfied.
INFO: [HLS 200-789] **** Estimated Fmax: 153.66 MHz
INFO: [HLS 200-111] Finished Command csynth_design CPU user time: 6 seconds. CPU system time: 2 seconds. Elapsed time: 14.805 seconds; current allocated memory: 0.000 MB.
INFO: [HLS 200-112] Total CPU user time: 11 seconds. Total CPU system time: 3 seconds. Total elapsed time: 18.525 seconds; peak allocated memory: 1.390 GB.
