

================================================================
== Vitis HLS Report for 'dct_2d'
================================================================
* Date:           Sat Mar 11 11:25:46 2023

* Version:        2022.1 (Build 3526262 on Mon Apr 18 15:47:01 MDT 2022)
* Project:        dct_prj
* Solution:       DATAFLOW (Vitis Kernel Flow Target)
* Product family: virtexuplus
* Target device:  xcu50-fsvh2104-2L-e


================================================================
== Performance Estimates
================================================================
+ Timing: 
    * Summary: 
    +--------+----------+----------+------------+
    |  Clock |  Target  | Estimated| Uncertainty|
    +--------+----------+----------+------------+
    |ap_clk  |  10.00 ns|  2.692 ns|     2.70 ns|
    +--------+----------+----------+------------+

+ Latency: 
    * Summary: 
    +---------+---------+----------+----------+-----+-----+---------+
    |  Latency (cycles) |  Latency (absolute) |  Interval | Pipeline|
    |   min   |   max   |    min   |    max   | min | max |   Type  |
    +---------+---------+----------+----------+-----+-----+---------+
    |       13|       13|  0.130 us|  0.130 us|    2|    2|      yes|
    +---------+---------+----------+----------+-----+-----+---------+

    + Detail: 
        * Instance: 
        +-------------------+--------+---------+---------+-----------+-----------+-----+-----+---------+
        |                   |        |  Latency (cycles) |   Latency (absolute)  |  Interval | Pipeline|
        |      Instance     | Module |   min   |   max   |    min    |    max    | min | max |   Type  |
        +-------------------+--------+---------+---------+-----------+-----------+-----+-----+---------+
        |grp_dct_1d_fu_526  |dct_1d  |        5|        5|  50.000 ns|  50.000 ns|    1|    1|      yes|
        |grp_dct_1d_fu_546  |dct_1d  |        5|        5|  50.000 ns|  50.000 ns|    1|    1|      yes|
        |grp_dct_1d_fu_566  |dct_1d  |        5|        5|  50.000 ns|  50.000 ns|    1|    1|      yes|
        |grp_dct_1d_fu_586  |dct_1d  |        5|        5|  50.000 ns|  50.000 ns|    1|    1|      yes|
        |grp_dct_1d_fu_606  |dct_1d  |        5|        5|  50.000 ns|  50.000 ns|    1|    1|      yes|
        |grp_dct_1d_fu_626  |dct_1d  |        5|        5|  50.000 ns|  50.000 ns|    1|    1|      yes|
        |grp_dct_1d_fu_646  |dct_1d  |        5|        5|  50.000 ns|  50.000 ns|    1|    1|      yes|
        |grp_dct_1d_fu_666  |dct_1d  |        5|        5|  50.000 ns|  50.000 ns|    1|    1|      yes|
        +-------------------+--------+---------+---------+-----------+-----------+-----+-----+---------+

        * Loop: 
        N/A



================================================================
== Utilization Estimates
================================================================
* Summary: 
+---------------------+---------+------+---------+--------+-----+
|         Name        | BRAM_18K|  DSP |    FF   |   LUT  | URAM|
+---------------------+---------+------+---------+--------+-----+
|DSP                  |        -|     -|        -|       -|    -|
|Expression           |        -|     -|        0|      10|    -|
|FIFO                 |        -|     -|        -|       -|    -|
|Instance             |        -|   224|     6232|    7656|    -|
|Memory               |        -|     -|        -|       -|    -|
|Multiplexer          |        -|     -|        -|    1509|    -|
|Register             |        -|     -|     2053|       -|    -|
+---------------------+---------+------+---------+--------+-----+
|Total                |        0|   224|     8285|    9175|    0|
+---------------------+---------+------+---------+--------+-----+
|Available SLR        |     1344|  2976|   871680|  435840|  320|
+---------------------+---------+------+---------+--------+-----+
|Utilization SLR (%)  |        0|     7|       ~0|       2|    0|
+---------------------+---------+------+---------+--------+-----+
|Available            |     2688|  5952|  1743360|  871680|  640|
+---------------------+---------+------+---------+--------+-----+
|Utilization (%)      |        0|     3|       ~0|       1|    0|
+---------------------+---------+------+---------+--------+-----+

+ Detail: 
    * Instance: 
    +-------------------+--------+---------+----+-----+-----+-----+
    |      Instance     | Module | BRAM_18K| DSP|  FF | LUT | URAM|
    +-------------------+--------+---------+----+-----+-----+-----+
    |grp_dct_1d_fu_526  |dct_1d  |        0|  28|  779|  957|    0|
    |grp_dct_1d_fu_546  |dct_1d  |        0|  28|  779|  957|    0|
    |grp_dct_1d_fu_566  |dct_1d  |        0|  28|  779|  957|    0|
    |grp_dct_1d_fu_586  |dct_1d  |        0|  28|  779|  957|    0|
    |grp_dct_1d_fu_606  |dct_1d  |        0|  28|  779|  957|    0|
    |grp_dct_1d_fu_626  |dct_1d  |        0|  28|  779|  957|    0|
    |grp_dct_1d_fu_646  |dct_1d  |        0|  28|  779|  957|    0|
    |grp_dct_1d_fu_666  |dct_1d  |        0|  28|  779|  957|    0|
    +-------------------+--------+---------+----+-----+-----+-----+
    |Total              |        |        0| 224| 6232| 7656|    0|
    +-------------------+--------+---------+----+-----+-----+-----+

    * DSP: 
    N/A

    * Memory: 
    N/A

    * FIFO: 
    N/A

    * Expression: 
    +----------------------------------+----------+----+---+----+------------+------------+
    |           Variable Name          | Operation| DSP| FF| LUT| Bitwidth P0| Bitwidth P1|
    +----------------------------------+----------+----+---+----+------------+------------+
    |ap_condition_frp_pvb_no_bkwd_prs  |       and|   0|  0|   2|           1|           1|
    |ap_condition_frp_pvb_pf_start     |       and|   0|  0|   2|           1|           1|
    |pf_all_done                       |       and|   0|  0|   2|           1|           1|
    |pf_sync_continue                  |       and|   0|  0|   2|           1|           1|
    |ap_enable_pp0                     |       xor|   0|  0|   2|           1|           2|
    +----------------------------------+----------+----+---+----+------------+------------+
    |Total                             |          |   0|  0|  10|           5|           6|
    +----------------------------------+----------+----+---+----+------------+------------+

    * Multiplexer: 
    +----------------------------------+----+-----------+-----+-----------+
    |               Name               | LUT| Input Size| Bits| Total Bits|
    +----------------------------------+----+-----------+-----+-----------+
    |ap_NS_fsm                         |  14|          3|    1|          3|
    |ap_done                           |  14|          3|    1|          3|
    |ap_enable_reg_pp0_iter0           |   9|          2|    1|          2|
    |grp_dct_1d_fu_526_p_read          |  14|          3|   16|         48|
    |grp_dct_1d_fu_526_p_read1         |  14|          3|   16|         48|
    |grp_dct_1d_fu_526_p_read2         |  14|          3|   16|         48|
    |grp_dct_1d_fu_526_p_read3         |  14|          3|   16|         48|
    |grp_dct_1d_fu_526_p_read4         |  14|          3|   16|         48|
    |grp_dct_1d_fu_526_p_read5         |  14|          3|   16|         48|
    |grp_dct_1d_fu_526_p_read6         |  14|          3|   16|         48|
    |grp_dct_1d_fu_526_p_read7         |  14|          3|   16|         48|
    |grp_dct_1d_fu_546_p_read          |  14|          3|   16|         48|
    |grp_dct_1d_fu_546_p_read1         |  14|          3|   16|         48|
    |grp_dct_1d_fu_546_p_read2         |  14|          3|   16|         48|
    |grp_dct_1d_fu_546_p_read3         |  14|          3|   16|         48|
    |grp_dct_1d_fu_546_p_read4         |  14|          3|   16|         48|
    |grp_dct_1d_fu_546_p_read5         |  14|          3|   16|         48|
    |grp_dct_1d_fu_546_p_read6         |  14|          3|   16|         48|
    |grp_dct_1d_fu_546_p_read7         |  14|          3|   16|         48|
    |grp_dct_1d_fu_566_p_read          |  14|          3|   16|         48|
    |grp_dct_1d_fu_566_p_read1         |  14|          3|   16|         48|
    |grp_dct_1d_fu_566_p_read2         |  14|          3|   16|         48|
    |grp_dct_1d_fu_566_p_read3         |  14|          3|   16|         48|
    |grp_dct_1d_fu_566_p_read4         |  14|          3|   16|         48|
    |grp_dct_1d_fu_566_p_read5         |  14|          3|   16|         48|
    |grp_dct_1d_fu_566_p_read6         |  14|          3|   16|         48|
    |grp_dct_1d_fu_566_p_read7         |  14|          3|   16|         48|
    |grp_dct_1d_fu_586_p_read          |  14|          3|   16|         48|
    |grp_dct_1d_fu_586_p_read1         |  14|          3|   16|         48|
    |grp_dct_1d_fu_586_p_read2         |  14|          3|   16|         48|
    |grp_dct_1d_fu_586_p_read3         |  14|          3|   16|         48|
    |grp_dct_1d_fu_586_p_read4         |  14|          3|   16|         48|
    |grp_dct_1d_fu_586_p_read5         |  14|          3|   16|         48|
    |grp_dct_1d_fu_586_p_read6         |  14|          3|   16|         48|
    |grp_dct_1d_fu_586_p_read7         |  14|          3|   16|         48|
    |grp_dct_1d_fu_606_p_read          |  14|          3|   16|         48|
    |grp_dct_1d_fu_606_p_read1         |  14|          3|   16|         48|
    |grp_dct_1d_fu_606_p_read2         |  14|          3|   16|         48|
    |grp_dct_1d_fu_606_p_read3         |  14|          3|   16|         48|
    |grp_dct_1d_fu_606_p_read4         |  14|          3|   16|         48|
    |grp_dct_1d_fu_606_p_read5         |  14|          3|   16|         48|
    |grp_dct_1d_fu_606_p_read6         |  14|          3|   16|         48|
    |grp_dct_1d_fu_606_p_read7         |  14|          3|   16|         48|
    |grp_dct_1d_fu_626_p_read          |  14|          3|   16|         48|
    |grp_dct_1d_fu_626_p_read1         |  14|          3|   16|         48|
    |grp_dct_1d_fu_626_p_read2         |  14|          3|   16|         48|
    |grp_dct_1d_fu_626_p_read3         |  14|          3|   16|         48|
    |grp_dct_1d_fu_626_p_read4         |  14|          3|   16|         48|
    |grp_dct_1d_fu_626_p_read5         |  14|          3|   16|         48|
    |grp_dct_1d_fu_626_p_read6         |  14|          3|   16|         48|
    |grp_dct_1d_fu_626_p_read7         |  14|          3|   16|         48|
    |grp_dct_1d_fu_646_p_read          |  14|          3|   16|         48|
    |grp_dct_1d_fu_646_p_read1         |  14|          3|   16|         48|
    |grp_dct_1d_fu_646_p_read2         |  14|          3|   16|         48|
    |grp_dct_1d_fu_646_p_read3         |  14|          3|   16|         48|
    |grp_dct_1d_fu_646_p_read4         |  14|          3|   16|         48|
    |grp_dct_1d_fu_646_p_read5         |  14|          3|   16|         48|
    |grp_dct_1d_fu_646_p_read6         |  14|          3|   16|         48|
    |grp_dct_1d_fu_646_p_read7         |  14|          3|   16|         48|
    |grp_dct_1d_fu_666_p_read          |  14|          3|   16|         48|
    |grp_dct_1d_fu_666_p_read1         |  14|          3|   16|         48|
    |grp_dct_1d_fu_666_p_read2         |  14|          3|   16|         48|
    |grp_dct_1d_fu_666_p_read3         |  14|          3|   16|         48|
    |grp_dct_1d_fu_666_p_read4         |  14|          3|   16|         48|
    |grp_dct_1d_fu_666_p_read5         |  14|          3|   16|         48|
    |grp_dct_1d_fu_666_p_read6         |  14|          3|   16|         48|
    |grp_dct_1d_fu_666_p_read7         |  14|          3|   16|         48|
    |pf_ap_return_0_U_frpsig_data_in   |   9|          2|   16|         32|
    |pf_ap_return_10_U_frpsig_data_in  |   9|          2|   16|         32|
    |pf_ap_return_11_U_frpsig_data_in  |   9|          2|   16|         32|
    |pf_ap_return_12_U_frpsig_data_in  |   9|          2|   16|         32|
    |pf_ap_return_13_U_frpsig_data_in  |   9|          2|   16|         32|
    |pf_ap_return_14_U_frpsig_data_in  |   9|          2|   16|         32|
    |pf_ap_return_15_U_frpsig_data_in  |   9|          2|   16|         32|
    |pf_ap_return_16_U_frpsig_data_in  |   9|          2|   16|         32|
    |pf_ap_return_17_U_frpsig_data_in  |   9|          2|   16|         32|
    |pf_ap_return_18_U_frpsig_data_in  |   9|          2|   16|         32|
    |pf_ap_return_19_U_frpsig_data_in  |   9|          2|   16|         32|
    |pf_ap_return_1_U_frpsig_data_in   |   9|          2|   16|         32|
    |pf_ap_return_20_U_frpsig_data_in  |   9|          2|   16|         32|
    |pf_ap_return_21_U_frpsig_data_in  |   9|          2|   16|         32|
    |pf_ap_return_22_U_frpsig_data_in  |   9|          2|   16|         32|
    |pf_ap_return_23_U_frpsig_data_in  |   9|          2|   16|         32|
    |pf_ap_return_24_U_frpsig_data_in  |   9|          2|   16|         32|
    |pf_ap_return_25_U_frpsig_data_in  |   9|          2|   16|         32|
    |pf_ap_return_26_U_frpsig_data_in  |   9|          2|   16|         32|
    |pf_ap_return_27_U_frpsig_data_in  |   9|          2|   16|         32|
    |pf_ap_return_28_U_frpsig_data_in  |   9|          2|   16|         32|
    |pf_ap_return_29_U_frpsig_data_in  |   9|          2|   16|         32|
    |pf_ap_return_2_U_frpsig_data_in   |   9|          2|   16|         32|
    |pf_ap_return_30_U_frpsig_data_in  |   9|          2|   16|         32|
    |pf_ap_return_31_U_frpsig_data_in  |   9|          2|   16|         32|
    |pf_ap_return_32_U_frpsig_data_in  |   9|          2|   16|         32|
    |pf_ap_return_33_U_frpsig_data_in  |   9|          2|   16|         32|
    |pf_ap_return_34_U_frpsig_data_in  |   9|          2|   16|         32|
    |pf_ap_return_35_U_frpsig_data_in  |   9|          2|   16|         32|
    |pf_ap_return_36_U_frpsig_data_in  |   9|          2|   16|         32|
    |pf_ap_return_37_U_frpsig_data_in  |   9|          2|   16|         32|
    |pf_ap_return_38_U_frpsig_data_in  |   9|          2|   16|         32|
    |pf_ap_return_39_U_frpsig_data_in  |   9|          2|   16|         32|
    |pf_ap_return_3_U_frpsig_data_in   |   9|          2|   16|         32|
    |pf_ap_return_40_U_frpsig_data_in  |   9|          2|   16|         32|
    |pf_ap_return_41_U_frpsig_data_in  |   9|          2|   16|         32|
    |pf_ap_return_42_U_frpsig_data_in  |   9|          2|   16|         32|
    |pf_ap_return_43_U_frpsig_data_in  |   9|          2|   16|         32|
    |pf_ap_return_44_U_frpsig_data_in  |   9|          2|   16|         32|
    |pf_ap_return_45_U_frpsig_data_in  |   9|          2|   16|         32|
    |pf_ap_return_46_U_frpsig_data_in  |   9|          2|   16|         32|
    |pf_ap_return_47_U_frpsig_data_in  |   9|          2|   16|         32|
    |pf_ap_return_48_U_frpsig_data_in  |   9|          2|   16|         32|
    |pf_ap_return_49_U_frpsig_data_in  |   9|          2|   16|         32|
    |pf_ap_return_4_U_frpsig_data_in   |   9|          2|   16|         32|
    |pf_ap_return_50_U_frpsig_data_in  |   9|          2|   16|         32|
    |pf_ap_return_51_U_frpsig_data_in  |   9|          2|   16|         32|
    |pf_ap_return_52_U_frpsig_data_in  |   9|          2|   16|         32|
    |pf_ap_return_53_U_frpsig_data_in  |   9|          2|   16|         32|
    |pf_ap_return_54_U_frpsig_data_in  |   9|          2|   16|         32|
    |pf_ap_return_55_U_frpsig_data_in  |   9|          2|   16|         32|
    |pf_ap_return_56_U_frpsig_data_in  |   9|          2|   16|         32|
    |pf_ap_return_57_U_frpsig_data_in  |   9|          2|   16|         32|
    |pf_ap_return_58_U_frpsig_data_in  |   9|          2|   16|         32|
    |pf_ap_return_59_U_frpsig_data_in  |   9|          2|   16|         32|
    |pf_ap_return_5_U_frpsig_data_in   |   9|          2|   16|         32|
    |pf_ap_return_60_U_frpsig_data_in  |   9|          2|   16|         32|
    |pf_ap_return_61_U_frpsig_data_in  |   9|          2|   16|         32|
    |pf_ap_return_62_U_frpsig_data_in  |   9|          2|   16|         32|
    |pf_ap_return_63_U_frpsig_data_in  |   9|          2|   16|         32|
    |pf_ap_return_6_U_frpsig_data_in   |   9|          2|   16|         32|
    |pf_ap_return_7_U_frpsig_data_in   |   9|          2|   16|         32|
    |pf_ap_return_8_U_frpsig_data_in   |   9|          2|   16|         32|
    |pf_ap_return_9_U_frpsig_data_in   |   9|          2|   16|         32|
    +----------------------------------+----+-----------+-----+-----------+
    |Total                             |1509|        328| 2051|       5128|
    +----------------------------------+----+-----------+-----+-----------+

    * Register: 
    +-----------------------------+----+----+-----+-----------+
    |             Name            | FF | LUT| Bits| Const Bits|
    +-----------------------------+----+----+-----+-----------+
    |ap_CS_fsm                    |   2|   0|    2|          0|
    |ap_done_reg                  |   1|   0|    1|          0|
    |ap_enable_reg_pp0_iter0_reg  |   1|   0|    1|          0|
    |ap_return_0_preg             |  16|   0|   16|          0|
    |ap_return_10_preg            |  16|   0|   16|          0|
    |ap_return_11_preg            |  16|   0|   16|          0|
    |ap_return_12_preg            |  16|   0|   16|          0|
    |ap_return_13_preg            |  16|   0|   16|          0|
    |ap_return_14_preg            |  16|   0|   16|          0|
    |ap_return_15_preg            |  16|   0|   16|          0|
    |ap_return_16_preg            |  16|   0|   16|          0|
    |ap_return_17_preg            |  16|   0|   16|          0|
    |ap_return_18_preg            |  16|   0|   16|          0|
    |ap_return_19_preg            |  16|   0|   16|          0|
    |ap_return_1_preg             |  16|   0|   16|          0|
    |ap_return_20_preg            |  16|   0|   16|          0|
    |ap_return_21_preg            |  16|   0|   16|          0|
    |ap_return_22_preg            |  16|   0|   16|          0|
    |ap_return_23_preg            |  16|   0|   16|          0|
    |ap_return_24_preg            |  16|   0|   16|          0|
    |ap_return_25_preg            |  16|   0|   16|          0|
    |ap_return_26_preg            |  16|   0|   16|          0|
    |ap_return_27_preg            |  16|   0|   16|          0|
    |ap_return_28_preg            |  16|   0|   16|          0|
    |ap_return_29_preg            |  16|   0|   16|          0|
    |ap_return_2_preg             |  16|   0|   16|          0|
    |ap_return_30_preg            |  16|   0|   16|          0|
    |ap_return_31_preg            |  16|   0|   16|          0|
    |ap_return_32_preg            |  16|   0|   16|          0|
    |ap_return_33_preg            |  16|   0|   16|          0|
    |ap_return_34_preg            |  16|   0|   16|          0|
    |ap_return_35_preg            |  16|   0|   16|          0|
    |ap_return_36_preg            |  16|   0|   16|          0|
    |ap_return_37_preg            |  16|   0|   16|          0|
    |ap_return_38_preg            |  16|   0|   16|          0|
    |ap_return_39_preg            |  16|   0|   16|          0|
    |ap_return_3_preg             |  16|   0|   16|          0|
    |ap_return_40_preg            |  16|   0|   16|          0|
    |ap_return_41_preg            |  16|   0|   16|          0|
    |ap_return_42_preg            |  16|   0|   16|          0|
    |ap_return_43_preg            |  16|   0|   16|          0|
    |ap_return_44_preg            |  16|   0|   16|          0|
    |ap_return_45_preg            |  16|   0|   16|          0|
    |ap_return_46_preg            |  16|   0|   16|          0|
    |ap_return_47_preg            |  16|   0|   16|          0|
    |ap_return_48_preg            |  16|   0|   16|          0|
    |ap_return_49_preg            |  16|   0|   16|          0|
    |ap_return_4_preg             |  16|   0|   16|          0|
    |ap_return_50_preg            |  16|   0|   16|          0|
    |ap_return_51_preg            |  16|   0|   16|          0|
    |ap_return_52_preg            |  16|   0|   16|          0|
    |ap_return_53_preg            |  16|   0|   16|          0|
    |ap_return_54_preg            |  16|   0|   16|          0|
    |ap_return_55_preg            |  16|   0|   16|          0|
    |ap_return_56_preg            |  16|   0|   16|          0|
    |ap_return_57_preg            |  16|   0|   16|          0|
    |ap_return_58_preg            |  16|   0|   16|          0|
    |ap_return_59_preg            |  16|   0|   16|          0|
    |ap_return_5_preg             |  16|   0|   16|          0|
    |ap_return_60_preg            |  16|   0|   16|          0|
    |ap_return_61_preg            |  16|   0|   16|          0|
    |ap_return_62_preg            |  16|   0|   16|          0|
    |ap_return_63_preg            |  16|   0|   16|          0|
    |ap_return_6_preg             |  16|   0|   16|          0|
    |ap_return_7_preg             |  16|   0|   16|          0|
    |ap_return_8_preg             |  16|   0|   16|          0|
    |ap_return_9_preg             |  16|   0|   16|          0|
    |pf_all_done                  |   1|   0|    1|          0|
    |row_outbuf_100_reg_1831      |  16|   0|   16|          0|
    |row_outbuf_101_reg_1836      |  16|   0|   16|          0|
    |row_outbuf_102_reg_1841      |  16|   0|   16|          0|
    |row_outbuf_103_reg_1846      |  16|   0|   16|          0|
    |row_outbuf_104_reg_1851      |  16|   0|   16|          0|
    |row_outbuf_105_reg_1856      |  16|   0|   16|          0|
    |row_outbuf_106_reg_1861      |  16|   0|   16|          0|
    |row_outbuf_107_reg_1866      |  16|   0|   16|          0|
    |row_outbuf_108_reg_1871      |  16|   0|   16|          0|
    |row_outbuf_109_reg_1876      |  16|   0|   16|          0|
    |row_outbuf_110_reg_1881      |  16|   0|   16|          0|
    |row_outbuf_111_reg_1886      |  16|   0|   16|          0|
    |row_outbuf_112_reg_1891      |  16|   0|   16|          0|
    |row_outbuf_113_reg_1896      |  16|   0|   16|          0|
    |row_outbuf_114_reg_1901      |  16|   0|   16|          0|
    |row_outbuf_115_reg_1906      |  16|   0|   16|          0|
    |row_outbuf_116_reg_1911      |  16|   0|   16|          0|
    |row_outbuf_117_reg_1916      |  16|   0|   16|          0|
    |row_outbuf_118_reg_1921      |  16|   0|   16|          0|
    |row_outbuf_119_reg_1926      |  16|   0|   16|          0|
    |row_outbuf_120_reg_1931      |  16|   0|   16|          0|
    |row_outbuf_121_reg_1936      |  16|   0|   16|          0|
    |row_outbuf_122_reg_1941      |  16|   0|   16|          0|
    |row_outbuf_123_reg_1946      |  16|   0|   16|          0|
    |row_outbuf_124_reg_1951      |  16|   0|   16|          0|
    |row_outbuf_125_reg_1956      |  16|   0|   16|          0|
    |row_outbuf_126_reg_1961      |  16|   0|   16|          0|
    |row_outbuf_64_reg_1651       |  16|   0|   16|          0|
    |row_outbuf_65_reg_1656       |  16|   0|   16|          0|
    |row_outbuf_66_reg_1661       |  16|   0|   16|          0|
    |row_outbuf_67_reg_1666       |  16|   0|   16|          0|
    |row_outbuf_68_reg_1671       |  16|   0|   16|          0|
    |row_outbuf_69_reg_1676       |  16|   0|   16|          0|
    |row_outbuf_70_reg_1681       |  16|   0|   16|          0|
    |row_outbuf_71_reg_1686       |  16|   0|   16|          0|
    |row_outbuf_72_reg_1691       |  16|   0|   16|          0|
    |row_outbuf_73_reg_1696       |  16|   0|   16|          0|
    |row_outbuf_74_reg_1701       |  16|   0|   16|          0|
    |row_outbuf_75_reg_1706       |  16|   0|   16|          0|
    |row_outbuf_76_reg_1711       |  16|   0|   16|          0|
    |row_outbuf_77_reg_1716       |  16|   0|   16|          0|
    |row_outbuf_78_reg_1721       |  16|   0|   16|          0|
    |row_outbuf_79_reg_1726       |  16|   0|   16|          0|
    |row_outbuf_80_reg_1731       |  16|   0|   16|          0|
    |row_outbuf_81_reg_1736       |  16|   0|   16|          0|
    |row_outbuf_82_reg_1741       |  16|   0|   16|          0|
    |row_outbuf_83_reg_1746       |  16|   0|   16|          0|
    |row_outbuf_84_reg_1751       |  16|   0|   16|          0|
    |row_outbuf_85_reg_1756       |  16|   0|   16|          0|
    |row_outbuf_86_reg_1761       |  16|   0|   16|          0|
    |row_outbuf_87_reg_1766       |  16|   0|   16|          0|
    |row_outbuf_88_reg_1771       |  16|   0|   16|          0|
    |row_outbuf_89_reg_1776       |  16|   0|   16|          0|
    |row_outbuf_90_reg_1781       |  16|   0|   16|          0|
    |row_outbuf_91_reg_1786       |  16|   0|   16|          0|
    |row_outbuf_92_reg_1791       |  16|   0|   16|          0|
    |row_outbuf_93_reg_1796       |  16|   0|   16|          0|
    |row_outbuf_94_reg_1801       |  16|   0|   16|          0|
    |row_outbuf_95_reg_1806       |  16|   0|   16|          0|
    |row_outbuf_96_reg_1811       |  16|   0|   16|          0|
    |row_outbuf_97_reg_1816       |  16|   0|   16|          0|
    |row_outbuf_98_reg_1821       |  16|   0|   16|          0|
    |row_outbuf_99_reg_1826       |  16|   0|   16|          0|
    |row_outbuf_reg_1646          |  16|   0|   16|          0|
    +-----------------------------+----+----+-----+-----------+
    |Total                        |2053|   0| 2053|          0|
    +-----------------------------+----+----+-----+-----------+



================================================================
== Interface
================================================================
* Summary: 
+--------------+-----+-----+------------+--------------+--------------+
|   RTL Ports  | Dir | Bits|  Protocol  | Source Object|    C Type    |
+--------------+-----+-----+------------+--------------+--------------+
|ap_clk        |   in|    1|  ap_ctrl_hs|        dct_2d|  return value|
|ap_rst        |   in|    1|  ap_ctrl_hs|        dct_2d|  return value|
|ap_start      |   in|    1|  ap_ctrl_hs|        dct_2d|  return value|
|ap_done       |  out|    1|  ap_ctrl_hs|        dct_2d|  return value|
|ap_continue   |   in|    1|  ap_ctrl_hs|        dct_2d|  return value|
|ap_idle       |  out|    1|  ap_ctrl_hs|        dct_2d|  return value|
|ap_ready      |  out|    1|  ap_ctrl_hs|        dct_2d|  return value|
|ap_return_0   |  out|   16|  ap_ctrl_hs|        dct_2d|  return value|
|ap_return_1   |  out|   16|  ap_ctrl_hs|        dct_2d|  return value|
|ap_return_2   |  out|   16|  ap_ctrl_hs|        dct_2d|  return value|
|ap_return_3   |  out|   16|  ap_ctrl_hs|        dct_2d|  return value|
|ap_return_4   |  out|   16|  ap_ctrl_hs|        dct_2d|  return value|
|ap_return_5   |  out|   16|  ap_ctrl_hs|        dct_2d|  return value|
|ap_return_6   |  out|   16|  ap_ctrl_hs|        dct_2d|  return value|
|ap_return_7   |  out|   16|  ap_ctrl_hs|        dct_2d|  return value|
|ap_return_8   |  out|   16|  ap_ctrl_hs|        dct_2d|  return value|
|ap_return_9   |  out|   16|  ap_ctrl_hs|        dct_2d|  return value|
|ap_return_10  |  out|   16|  ap_ctrl_hs|        dct_2d|  return value|
|ap_return_11  |  out|   16|  ap_ctrl_hs|        dct_2d|  return value|
|ap_return_12  |  out|   16|  ap_ctrl_hs|        dct_2d|  return value|
|ap_return_13  |  out|   16|  ap_ctrl_hs|        dct_2d|  return value|
|ap_return_14  |  out|   16|  ap_ctrl_hs|        dct_2d|  return value|
|ap_return_15  |  out|   16|  ap_ctrl_hs|        dct_2d|  return value|
|ap_return_16  |  out|   16|  ap_ctrl_hs|        dct_2d|  return value|
|ap_return_17  |  out|   16|  ap_ctrl_hs|        dct_2d|  return value|
|ap_return_18  |  out|   16|  ap_ctrl_hs|        dct_2d|  return value|
|ap_return_19  |  out|   16|  ap_ctrl_hs|        dct_2d|  return value|
|ap_return_20  |  out|   16|  ap_ctrl_hs|        dct_2d|  return value|
|ap_return_21  |  out|   16|  ap_ctrl_hs|        dct_2d|  return value|
|ap_return_22  |  out|   16|  ap_ctrl_hs|        dct_2d|  return value|
|ap_return_23  |  out|   16|  ap_ctrl_hs|        dct_2d|  return value|
|ap_return_24  |  out|   16|  ap_ctrl_hs|        dct_2d|  return value|
|ap_return_25  |  out|   16|  ap_ctrl_hs|        dct_2d|  return value|
|ap_return_26  |  out|   16|  ap_ctrl_hs|        dct_2d|  return value|
|ap_return_27  |  out|   16|  ap_ctrl_hs|        dct_2d|  return value|
|ap_return_28  |  out|   16|  ap_ctrl_hs|        dct_2d|  return value|
|ap_return_29  |  out|   16|  ap_ctrl_hs|        dct_2d|  return value|
|ap_return_30  |  out|   16|  ap_ctrl_hs|        dct_2d|  return value|
|ap_return_31  |  out|   16|  ap_ctrl_hs|        dct_2d|  return value|
|ap_return_32  |  out|   16|  ap_ctrl_hs|        dct_2d|  return value|
|ap_return_33  |  out|   16|  ap_ctrl_hs|        dct_2d|  return value|
|ap_return_34  |  out|   16|  ap_ctrl_hs|        dct_2d|  return value|
|ap_return_35  |  out|   16|  ap_ctrl_hs|        dct_2d|  return value|
|ap_return_36  |  out|   16|  ap_ctrl_hs|        dct_2d|  return value|
|ap_return_37  |  out|   16|  ap_ctrl_hs|        dct_2d|  return value|
|ap_return_38  |  out|   16|  ap_ctrl_hs|        dct_2d|  return value|
|ap_return_39  |  out|   16|  ap_ctrl_hs|        dct_2d|  return value|
|ap_return_40  |  out|   16|  ap_ctrl_hs|        dct_2d|  return value|
|ap_return_41  |  out|   16|  ap_ctrl_hs|        dct_2d|  return value|
|ap_return_42  |  out|   16|  ap_ctrl_hs|        dct_2d|  return value|
|ap_return_43  |  out|   16|  ap_ctrl_hs|        dct_2d|  return value|
|ap_return_44  |  out|   16|  ap_ctrl_hs|        dct_2d|  return value|
|ap_return_45  |  out|   16|  ap_ctrl_hs|        dct_2d|  return value|
|ap_return_46  |  out|   16|  ap_ctrl_hs|        dct_2d|  return value|
|ap_return_47  |  out|   16|  ap_ctrl_hs|        dct_2d|  return value|
|ap_return_48  |  out|   16|  ap_ctrl_hs|        dct_2d|  return value|
|ap_return_49  |  out|   16|  ap_ctrl_hs|        dct_2d|  return value|
|ap_return_50  |  out|   16|  ap_ctrl_hs|        dct_2d|  return value|
|ap_return_51  |  out|   16|  ap_ctrl_hs|        dct_2d|  return value|
|ap_return_52  |  out|   16|  ap_ctrl_hs|        dct_2d|  return value|
|ap_return_53  |  out|   16|  ap_ctrl_hs|        dct_2d|  return value|
|ap_return_54  |  out|   16|  ap_ctrl_hs|        dct_2d|  return value|
|ap_return_55  |  out|   16|  ap_ctrl_hs|        dct_2d|  return value|
|ap_return_56  |  out|   16|  ap_ctrl_hs|        dct_2d|  return value|
|ap_return_57  |  out|   16|  ap_ctrl_hs|        dct_2d|  return value|
|ap_return_58  |  out|   16|  ap_ctrl_hs|        dct_2d|  return value|
|ap_return_59  |  out|   16|  ap_ctrl_hs|        dct_2d|  return value|
|ap_return_60  |  out|   16|  ap_ctrl_hs|        dct_2d|  return value|
|ap_return_61  |  out|   16|  ap_ctrl_hs|        dct_2d|  return value|
|ap_return_62  |  out|   16|  ap_ctrl_hs|        dct_2d|  return value|
|ap_return_63  |  out|   16|  ap_ctrl_hs|        dct_2d|  return value|
|p_read        |   in|   16|     ap_none|        p_read|        scalar|
|p_read1       |   in|   16|     ap_none|       p_read1|        scalar|
|p_read2       |   in|   16|     ap_none|       p_read2|        scalar|
|p_read3       |   in|   16|     ap_none|       p_read3|        scalar|
|p_read4       |   in|   16|     ap_none|       p_read4|        scalar|
|p_read5       |   in|   16|     ap_none|       p_read5|        scalar|
|p_read6       |   in|   16|     ap_none|       p_read6|        scalar|
|p_read7       |   in|   16|     ap_none|       p_read7|        scalar|
|p_read8       |   in|   16|     ap_none|       p_read8|        scalar|
|p_read9       |   in|   16|     ap_none|       p_read9|        scalar|
|p_read10      |   in|   16|     ap_none|      p_read10|        scalar|
|p_read11      |   in|   16|     ap_none|      p_read11|        scalar|
|p_read12      |   in|   16|     ap_none|      p_read12|        scalar|
|p_read13      |   in|   16|     ap_none|      p_read13|        scalar|
|p_read14      |   in|   16|     ap_none|      p_read14|        scalar|
|p_read15      |   in|   16|     ap_none|      p_read15|        scalar|
|p_read16      |   in|   16|     ap_none|      p_read16|        scalar|
|p_read17      |   in|   16|     ap_none|      p_read17|        scalar|
|p_read18      |   in|   16|     ap_none|      p_read18|        scalar|
|p_read19      |   in|   16|     ap_none|      p_read19|        scalar|
|p_read20      |   in|   16|     ap_none|      p_read20|        scalar|
|p_read21      |   in|   16|     ap_none|      p_read21|        scalar|
|p_read22      |   in|   16|     ap_none|      p_read22|        scalar|
|p_read23      |   in|   16|     ap_none|      p_read23|        scalar|
|p_read24      |   in|   16|     ap_none|      p_read24|        scalar|
|p_read25      |   in|   16|     ap_none|      p_read25|        scalar|
|p_read26      |   in|   16|     ap_none|      p_read26|        scalar|
|p_read27      |   in|   16|     ap_none|      p_read27|        scalar|
|p_read28      |   in|   16|     ap_none|      p_read28|        scalar|
|p_read29      |   in|   16|     ap_none|      p_read29|        scalar|
|p_read30      |   in|   16|     ap_none|      p_read30|        scalar|
|p_read31      |   in|   16|     ap_none|      p_read31|        scalar|
|p_read32      |   in|   16|     ap_none|      p_read32|        scalar|
|p_read33      |   in|   16|     ap_none|      p_read33|        scalar|
|p_read34      |   in|   16|     ap_none|      p_read34|        scalar|
|p_read35      |   in|   16|     ap_none|      p_read35|        scalar|
|p_read36      |   in|   16|     ap_none|      p_read36|        scalar|
|p_read37      |   in|   16|     ap_none|      p_read37|        scalar|
|p_read38      |   in|   16|     ap_none|      p_read38|        scalar|
|p_read39      |   in|   16|     ap_none|      p_read39|        scalar|
|p_read40      |   in|   16|     ap_none|      p_read40|        scalar|
|p_read41      |   in|   16|     ap_none|      p_read41|        scalar|
|p_read42      |   in|   16|     ap_none|      p_read42|        scalar|
|p_read43      |   in|   16|     ap_none|      p_read43|        scalar|
|p_read44      |   in|   16|     ap_none|      p_read44|        scalar|
|p_read45      |   in|   16|     ap_none|      p_read45|        scalar|
|p_read46      |   in|   16|     ap_none|      p_read46|        scalar|
|p_read47      |   in|   16|     ap_none|      p_read47|        scalar|
|p_read48      |   in|   16|     ap_none|      p_read48|        scalar|
|p_read49      |   in|   16|     ap_none|      p_read49|        scalar|
|p_read50      |   in|   16|     ap_none|      p_read50|        scalar|
|p_read51      |   in|   16|     ap_none|      p_read51|        scalar|
|p_read52      |   in|   16|     ap_none|      p_read52|        scalar|
|p_read53      |   in|   16|     ap_none|      p_read53|        scalar|
|p_read54      |   in|   16|     ap_none|      p_read54|        scalar|
|p_read55      |   in|   16|     ap_none|      p_read55|        scalar|
|p_read56      |   in|   16|     ap_none|      p_read56|        scalar|
|p_read57      |   in|   16|     ap_none|      p_read57|        scalar|
|p_read58      |   in|   16|     ap_none|      p_read58|        scalar|
|p_read59      |   in|   16|     ap_none|      p_read59|        scalar|
|p_read60      |   in|   16|     ap_none|      p_read60|        scalar|
|p_read61      |   in|   16|     ap_none|      p_read61|        scalar|
|p_read62      |   in|   16|     ap_none|      p_read62|        scalar|
|p_read63      |   in|   16|     ap_none|      p_read63|        scalar|
+--------------+-----+-----+------------+--------------+--------------+

