

================================================================
== Vitis HLS Report for 'read_data'
================================================================
* Date:           Sat Mar 11 11:25:45 2023

* Version:        2022.1 (Build 3526262 on Mon Apr 18 15:47:01 MDT 2022)
* Project:        dct_prj
* Solution:       DATAFLOW (Vitis Kernel Flow Target)
* Product family: virtexuplus
* Target device:  xcu50-fsvh2104-2L-e


================================================================
== Performance Estimates
================================================================
+ Timing: 
    * Summary: 
    +--------+----------+----------+------------+
    |  Clock |  Target  | Estimated| Uncertainty|
    +--------+----------+----------+------------+
    |ap_clk  |  10.00 ns|  7.300 ns|     2.70 ns|
    +--------+----------+----------+------------+

+ Latency: 
    * Summary: 
    +---------+---------+----------+----------+-----+-----+---------+
    |  Latency (cycles) |  Latency (absolute) |  Interval | Pipeline|
    |   min   |   max   |    min   |    max   | min | max |   Type  |
    +---------+---------+----------+----------+-----+-----+---------+
    |       83|       83|  0.830 us|  0.830 us|   83|   83|       no|
    +---------+---------+----------+----------+-----+-----+---------+

    + Detail: 
        * Instance: 
        +-------------------------------------------+--------------------------------+---------+---------+----------+----------+-----+-----+---------+
        |                                           |                                |  Latency (cycles) |  Latency (absolute) |  Interval | Pipeline|
        |                  Instance                 |             Module             |   min   |   max   |    min   |    max   | min | max |   Type  |
        +-------------------------------------------+--------------------------------+---------+---------+----------+----------+-----+-----+---------+
        |grp_read_data_Pipeline_RD_Loop_Row_fu_309  |read_data_Pipeline_RD_Loop_Row  |       11|       11|  0.110 us|  0.110 us|   11|   11|       no|
        +-------------------------------------------+--------------------------------+---------+---------+----------+----------+-----+-----+---------+

        * Loop: 
        N/A



================================================================
== Utilization Estimates
================================================================
* Summary: 
+---------------------+---------+------+---------+--------+-----+
|         Name        | BRAM_18K|  DSP |    FF   |   LUT  | URAM|
+---------------------+---------+------+---------+--------+-----+
|DSP                  |        -|     -|        -|       -|    -|
|Expression           |        -|     -|        0|       2|    -|
|FIFO                 |        -|     -|        -|       -|    -|
|Instance             |        -|     -|     1939|    1198|    -|
|Memory               |        -|     -|        -|       -|    -|
|Multiplexer          |        -|     -|        -|     488|    -|
|Register             |        -|     -|      133|       -|    -|
+---------------------+---------+------+---------+--------+-----+
|Total                |        0|     0|     2072|    1688|    0|
+---------------------+---------+------+---------+--------+-----+
|Available SLR        |     1344|  2976|   871680|  435840|  320|
+---------------------+---------+------+---------+--------+-----+
|Utilization SLR (%)  |        0|     0|       ~0|      ~0|    0|
+---------------------+---------+------+---------+--------+-----+
|Available            |     2688|  5952|  1743360|  871680|  640|
+---------------------+---------+------+---------+--------+-----+
|Utilization (%)      |        0|     0|       ~0|      ~0|    0|
+---------------------+---------+------+---------+--------+-----+

+ Detail: 
    * Instance: 
    +-------------------------------------------+--------------------------------+---------+----+------+------+-----+
    |                  Instance                 |             Module             | BRAM_18K| DSP|  FF  |  LUT | URAM|
    +-------------------------------------------+--------------------------------+---------+----+------+------+-----+
    |grp_read_data_Pipeline_RD_Loop_Row_fu_309  |read_data_Pipeline_RD_Loop_Row  |        0|   0|  1939|  1198|    0|
    +-------------------------------------------+--------------------------------+---------+----+------+------+-----+
    |Total                                      |                                |        0|   0|  1939|  1198|    0|
    +-------------------------------------------+--------------------------------+---------+----+------+------+-----+

    * DSP: 
    N/A

    * Memory: 
    N/A

    * FIFO: 
    N/A

    * Expression: 
    +-----------------+----------+----+---+----+------------+------------+
    |  Variable Name  | Operation| DSP| FF| LUT| Bitwidth P0| Bitwidth P1|
    +-----------------+----------+----+---+----+------------+------------+
    |ap_block_state1  |        or|   0|  0|   2|           1|           1|
    +-----------------+----------+----+---+----+------------+------------+
    |Total            |          |   0|  0|   2|           1|           1|
    +-----------------+----------+----+---+----+------------+------------+

    * Multiplexer: 
    +---------------------+-----+-----------+-----+-----------+
    |         Name        | LUT | Input Size| Bits| Total Bits|
    +---------------------+-----+-----------+-----+-----------+
    |ap_NS_fsm            |  338|         74|    1|         74|
    |ap_done              |    9|          2|    1|          2|
    |gmem_blk_n_AR        |    9|          2|    1|          2|
    |m_axi_gmem_ARADDR    |   14|          3|   64|        192|
    |m_axi_gmem_ARBURST   |    9|          2|    2|          4|
    |m_axi_gmem_ARCACHE   |    9|          2|    4|          8|
    |m_axi_gmem_ARID      |    9|          2|    1|          2|
    |m_axi_gmem_ARLEN     |   14|          3|   32|         96|
    |m_axi_gmem_ARLOCK    |    9|          2|    2|          4|
    |m_axi_gmem_ARPROT    |    9|          2|    3|          6|
    |m_axi_gmem_ARQOS     |    9|          2|    4|          8|
    |m_axi_gmem_ARREGION  |    9|          2|    4|          8|
    |m_axi_gmem_ARSIZE    |    9|          2|    3|          6|
    |m_axi_gmem_ARUSER    |    9|          2|    1|          2|
    |m_axi_gmem_ARVALID   |   14|          3|    1|          3|
    |m_axi_gmem_RREADY    |    9|          2|    1|          2|
    +---------------------+-----+-----------+-----+-----------+
    |Total                |  488|        107|  125|        419|
    +---------------------+-----+-----------+-----+-----------+

    * Register: 
    +--------------------------------------------------------+----+----+-----+-----------+
    |                          Name                          | FF | LUT| Bits| Const Bits|
    +--------------------------------------------------------+----+----+-----+-----------+
    |ap_CS_fsm                                               |  73|   0|   73|          0|
    |ap_done_reg                                             |   1|   0|    1|          0|
    |grp_read_data_Pipeline_RD_Loop_Row_fu_309_ap_start_reg  |   1|   0|    1|          0|
    |trunc_ln_reg_1361                                       |  58|   0|   58|          0|
    +--------------------------------------------------------+----+----+-----+-----------+
    |Total                                                   | 133|   0|  133|          0|
    +--------------------------------------------------------+----+----+-----+-----------+



================================================================
== Interface
================================================================
* Summary: 
+---------------------+-----+-----+------------+--------------+--------------+
|      RTL Ports      | Dir | Bits|  Protocol  | Source Object|    C Type    |
+---------------------+-----+-----+------------+--------------+--------------+
|ap_clk               |   in|    1|  ap_ctrl_hs|     read_data|  return value|
|ap_rst               |   in|    1|  ap_ctrl_hs|     read_data|  return value|
|ap_start             |   in|    1|  ap_ctrl_hs|     read_data|  return value|
|ap_done              |  out|    1|  ap_ctrl_hs|     read_data|  return value|
|ap_continue          |   in|    1|  ap_ctrl_hs|     read_data|  return value|
|ap_idle              |  out|    1|  ap_ctrl_hs|     read_data|  return value|
|ap_ready             |  out|    1|  ap_ctrl_hs|     read_data|  return value|
|ap_return_0          |  out|   16|  ap_ctrl_hs|     read_data|  return value|
|ap_return_1          |  out|   16|  ap_ctrl_hs|     read_data|  return value|
|ap_return_2          |  out|   16|  ap_ctrl_hs|     read_data|  return value|
|ap_return_3          |  out|   16|  ap_ctrl_hs|     read_data|  return value|
|ap_return_4          |  out|   16|  ap_ctrl_hs|     read_data|  return value|
|ap_return_5          |  out|   16|  ap_ctrl_hs|     read_data|  return value|
|ap_return_6          |  out|   16|  ap_ctrl_hs|     read_data|  return value|
|ap_return_7          |  out|   16|  ap_ctrl_hs|     read_data|  return value|
|ap_return_8          |  out|   16|  ap_ctrl_hs|     read_data|  return value|
|ap_return_9          |  out|   16|  ap_ctrl_hs|     read_data|  return value|
|ap_return_10         |  out|   16|  ap_ctrl_hs|     read_data|  return value|
|ap_return_11         |  out|   16|  ap_ctrl_hs|     read_data|  return value|
|ap_return_12         |  out|   16|  ap_ctrl_hs|     read_data|  return value|
|ap_return_13         |  out|   16|  ap_ctrl_hs|     read_data|  return value|
|ap_return_14         |  out|   16|  ap_ctrl_hs|     read_data|  return value|
|ap_return_15         |  out|   16|  ap_ctrl_hs|     read_data|  return value|
|ap_return_16         |  out|   16|  ap_ctrl_hs|     read_data|  return value|
|ap_return_17         |  out|   16|  ap_ctrl_hs|     read_data|  return value|
|ap_return_18         |  out|   16|  ap_ctrl_hs|     read_data|  return value|
|ap_return_19         |  out|   16|  ap_ctrl_hs|     read_data|  return value|
|ap_return_20         |  out|   16|  ap_ctrl_hs|     read_data|  return value|
|ap_return_21         |  out|   16|  ap_ctrl_hs|     read_data|  return value|
|ap_return_22         |  out|   16|  ap_ctrl_hs|     read_data|  return value|
|ap_return_23         |  out|   16|  ap_ctrl_hs|     read_data|  return value|
|ap_return_24         |  out|   16|  ap_ctrl_hs|     read_data|  return value|
|ap_return_25         |  out|   16|  ap_ctrl_hs|     read_data|  return value|
|ap_return_26         |  out|   16|  ap_ctrl_hs|     read_data|  return value|
|ap_return_27         |  out|   16|  ap_ctrl_hs|     read_data|  return value|
|ap_return_28         |  out|   16|  ap_ctrl_hs|     read_data|  return value|
|ap_return_29         |  out|   16|  ap_ctrl_hs|     read_data|  return value|
|ap_return_30         |  out|   16|  ap_ctrl_hs|     read_data|  return value|
|ap_return_31         |  out|   16|  ap_ctrl_hs|     read_data|  return value|
|ap_return_32         |  out|   16|  ap_ctrl_hs|     read_data|  return value|
|ap_return_33         |  out|   16|  ap_ctrl_hs|     read_data|  return value|
|ap_return_34         |  out|   16|  ap_ctrl_hs|     read_data|  return value|
|ap_return_35         |  out|   16|  ap_ctrl_hs|     read_data|  return value|
|ap_return_36         |  out|   16|  ap_ctrl_hs|     read_data|  return value|
|ap_return_37         |  out|   16|  ap_ctrl_hs|     read_data|  return value|
|ap_return_38         |  out|   16|  ap_ctrl_hs|     read_data|  return value|
|ap_return_39         |  out|   16|  ap_ctrl_hs|     read_data|  return value|
|ap_return_40         |  out|   16|  ap_ctrl_hs|     read_data|  return value|
|ap_return_41         |  out|   16|  ap_ctrl_hs|     read_data|  return value|
|ap_return_42         |  out|   16|  ap_ctrl_hs|     read_data|  return value|
|ap_return_43         |  out|   16|  ap_ctrl_hs|     read_data|  return value|
|ap_return_44         |  out|   16|  ap_ctrl_hs|     read_data|  return value|
|ap_return_45         |  out|   16|  ap_ctrl_hs|     read_data|  return value|
|ap_return_46         |  out|   16|  ap_ctrl_hs|     read_data|  return value|
|ap_return_47         |  out|   16|  ap_ctrl_hs|     read_data|  return value|
|ap_return_48         |  out|   16|  ap_ctrl_hs|     read_data|  return value|
|ap_return_49         |  out|   16|  ap_ctrl_hs|     read_data|  return value|
|ap_return_50         |  out|   16|  ap_ctrl_hs|     read_data|  return value|
|ap_return_51         |  out|   16|  ap_ctrl_hs|     read_data|  return value|
|ap_return_52         |  out|   16|  ap_ctrl_hs|     read_data|  return value|
|ap_return_53         |  out|   16|  ap_ctrl_hs|     read_data|  return value|
|ap_return_54         |  out|   16|  ap_ctrl_hs|     read_data|  return value|
|ap_return_55         |  out|   16|  ap_ctrl_hs|     read_data|  return value|
|ap_return_56         |  out|   16|  ap_ctrl_hs|     read_data|  return value|
|ap_return_57         |  out|   16|  ap_ctrl_hs|     read_data|  return value|
|ap_return_58         |  out|   16|  ap_ctrl_hs|     read_data|  return value|
|ap_return_59         |  out|   16|  ap_ctrl_hs|     read_data|  return value|
|ap_return_60         |  out|   16|  ap_ctrl_hs|     read_data|  return value|
|ap_return_61         |  out|   16|  ap_ctrl_hs|     read_data|  return value|
|ap_return_62         |  out|   16|  ap_ctrl_hs|     read_data|  return value|
|ap_return_63         |  out|   16|  ap_ctrl_hs|     read_data|  return value|
|m_axi_gmem_AWVALID   |  out|    1|       m_axi|          gmem|       pointer|
|m_axi_gmem_AWREADY   |   in|    1|       m_axi|          gmem|       pointer|
|m_axi_gmem_AWADDR    |  out|   64|       m_axi|          gmem|       pointer|
|m_axi_gmem_AWID      |  out|    1|       m_axi|          gmem|       pointer|
|m_axi_gmem_AWLEN     |  out|   32|       m_axi|          gmem|       pointer|
|m_axi_gmem_AWSIZE    |  out|    3|       m_axi|          gmem|       pointer|
|m_axi_gmem_AWBURST   |  out|    2|       m_axi|          gmem|       pointer|
|m_axi_gmem_AWLOCK    |  out|    2|       m_axi|          gmem|       pointer|
|m_axi_gmem_AWCACHE   |  out|    4|       m_axi|          gmem|       pointer|
|m_axi_gmem_AWPROT    |  out|    3|       m_axi|          gmem|       pointer|
|m_axi_gmem_AWQOS     |  out|    4|       m_axi|          gmem|       pointer|
|m_axi_gmem_AWREGION  |  out|    4|       m_axi|          gmem|       pointer|
|m_axi_gmem_AWUSER    |  out|    1|       m_axi|          gmem|       pointer|
|m_axi_gmem_WVALID    |  out|    1|       m_axi|          gmem|       pointer|
|m_axi_gmem_WREADY    |   in|    1|       m_axi|          gmem|       pointer|
|m_axi_gmem_WDATA     |  out|  512|       m_axi|          gmem|       pointer|
|m_axi_gmem_WSTRB     |  out|   64|       m_axi|          gmem|       pointer|
|m_axi_gmem_WLAST     |  out|    1|       m_axi|          gmem|       pointer|
|m_axi_gmem_WID       |  out|    1|       m_axi|          gmem|       pointer|
|m_axi_gmem_WUSER     |  out|    1|       m_axi|          gmem|       pointer|
|m_axi_gmem_ARVALID   |  out|    1|       m_axi|          gmem|       pointer|
|m_axi_gmem_ARREADY   |   in|    1|       m_axi|          gmem|       pointer|
|m_axi_gmem_ARADDR    |  out|   64|       m_axi|          gmem|       pointer|
|m_axi_gmem_ARID      |  out|    1|       m_axi|          gmem|       pointer|
|m_axi_gmem_ARLEN     |  out|   32|       m_axi|          gmem|       pointer|
|m_axi_gmem_ARSIZE    |  out|    3|       m_axi|          gmem|       pointer|
|m_axi_gmem_ARBURST   |  out|    2|       m_axi|          gmem|       pointer|
|m_axi_gmem_ARLOCK    |  out|    2|       m_axi|          gmem|       pointer|
|m_axi_gmem_ARCACHE   |  out|    4|       m_axi|          gmem|       pointer|
|m_axi_gmem_ARPROT    |  out|    3|       m_axi|          gmem|       pointer|
|m_axi_gmem_ARQOS     |  out|    4|       m_axi|          gmem|       pointer|
|m_axi_gmem_ARREGION  |  out|    4|       m_axi|          gmem|       pointer|
|m_axi_gmem_ARUSER    |  out|    1|       m_axi|          gmem|       pointer|
|m_axi_gmem_RVALID    |   in|    1|       m_axi|          gmem|       pointer|
|m_axi_gmem_RREADY    |  out|    1|       m_axi|          gmem|       pointer|
|m_axi_gmem_RDATA     |   in|  512|       m_axi|          gmem|       pointer|
|m_axi_gmem_RLAST     |   in|    1|       m_axi|          gmem|       pointer|
|m_axi_gmem_RID       |   in|    1|       m_axi|          gmem|       pointer|
|m_axi_gmem_RFIFONUM  |   in|    9|       m_axi|          gmem|       pointer|
|m_axi_gmem_RUSER     |   in|    1|       m_axi|          gmem|       pointer|
|m_axi_gmem_RRESP     |   in|    2|       m_axi|          gmem|       pointer|
|m_axi_gmem_BVALID    |   in|    1|       m_axi|          gmem|       pointer|
|m_axi_gmem_BREADY    |  out|    1|       m_axi|          gmem|       pointer|
|m_axi_gmem_BRESP     |   in|    2|       m_axi|          gmem|       pointer|
|m_axi_gmem_BID       |   in|    1|       m_axi|          gmem|       pointer|
|m_axi_gmem_BUSER     |   in|    1|       m_axi|          gmem|       pointer|
|input_r              |   in|   64|     ap_none|       input_r|        scalar|
+---------------------+-----+-----+------------+--------------+--------------+

