Checkpoint: i = 0
Checkpoint: j = 0; Checkpoint: j = 1; Checkpoint: j = 2; Checkpoint: j = 3; Checkpoint: j = 4; Checkpoint: j = 5; Checkpoint: j = 6; Checkpoint: j = 7; Checkpoint: j = 8; Checkpoint: j = 9; Checkpoint: j = 10; Checkpoint: j = 11; Checkpoint: j = 12; Checkpoint: j = 13; Checkpoint: j = 14; Checkpoint: j = 15; Checkpoint: j = 16; Checkpoint: j = 17; Checkpoint: j = 18; Checkpoint: j = 19; Checkpoint: j = 20; Checkpoint: j = 21; Checkpoint: j = 22; Checkpoint: j = 23; Checkpoint: j = 24; Checkpoint: j = 25; Checkpoint: j = 26; Checkpoint: j = 27; Checkpoint: j = 28; Checkpoint: j = 29; Checkpoint: j = 30; Checkpoint: j = 31; Checkpoint: j = 32; Checkpoint: j = 33; Checkpoint: j = 34; Checkpoint: j = 35; Checkpoint: j = 36; Checkpoint: j = 37; Checkpoint: j = 38; Checkpoint: j = 39; Checkpoint: j = 40; Checkpoint: j = 41; Checkpoint: j = 42; Checkpoint: j = 43; Checkpoint: j = 44; Checkpoint: j = 45; Checkpoint: j = 46; Checkpoint: j = 47; Checkpoint: j = 48; Checkpoint: j = 49; Checkpoint: j = 50; Checkpoint: j = 51; Checkpoint: j = 52; Checkpoint: j = 53; Checkpoint: j = 54; Checkpoint: j = 55; Checkpoint: j = 56; Checkpoint: j = 57; Checkpoint: j = 58; Checkpoint: j = 59; Checkpoint: j = 60; Checkpoint: j = 61; Checkpoint: j = 62; Checkpoint: j = 63; 
Copying array b to b_prime
Checkpoint: i = 1
Checkpoint: j = 0; Checkpoint: j = 1; Checkpoint: j = 2; Checkpoint: j = 3; Checkpoint: j = 4; Checkpoint: j = 5; Checkpoint: j = 6; Checkpoint: j = 7; Checkpoint: j = 8; Checkpoint: j = 9; Checkpoint: j = 10; Checkpoint: j = 11; Checkpoint: j = 12; Checkpoint: j = 13; Checkpoint: j = 14; Checkpoint: j = 15; Checkpoint: j = 16; Checkpoint: j = 17; Checkpoint: j = 18; Checkpoint: j = 19; Checkpoint: j = 20; Checkpoint: j = 21; Checkpoint: j = 22; Checkpoint: j = 23; Checkpoint: j = 24; Checkpoint: j = 25; Checkpoint: j = 26; Checkpoint: j = 27; Checkpoint: j = 28; Checkpoint: j = 29; Checkpoint: j = 30; Checkpoint: j = 31; Checkpoint: j = 32; Checkpoint: j = 33; Checkpoint: j = 34; Checkpoint: j = 35; Checkpoint: j = 36; Checkpoint: j = 37; Checkpoint: j = 38; Checkpoint: j = 39; Checkpoint: j = 40; Checkpoint: j = 41; Checkpoint: j = 42; Checkpoint: j = 43; Checkpoint: j = 44; Checkpoint: j = 45; Checkpoint: j = 46; Checkpoint: j = 47; Checkpoint: j = 48; Checkpoint: j = 49; Checkpoint: j = 50; Checkpoint: j = 51; Checkpoint: j = 52; Checkpoint: j = 53; Checkpoint: j = 54; Checkpoint: j = 55; Checkpoint: j = 56; Checkpoint: j = 57; Checkpoint: j = 58; Checkpoint: j = 59; Checkpoint: j = 60; Checkpoint: j = 61; Checkpoint: j = 62; Checkpoint: j = 63; 
Checkpoint: i = 2
Checkpoint: j = 0; Checkpoint: j = 1; Checkpoint: j = 2; Checkpoint: j = 3; Checkpoint: j = 4; Checkpoint: j = 5; Checkpoint: j = 6; Checkpoint: j = 7; Checkpoint: j = 8; Checkpoint: j = 9; Checkpoint: j = 10; Checkpoint: j = 11; Checkpoint: j = 12; Checkpoint: j = 13; Checkpoint: j = 14; Checkpoint: j = 15; Checkpoint: j = 16; Checkpoint: j = 17; Checkpoint: j = 18; Checkpoint: j = 19; Checkpoint: j = 20; Checkpoint: j = 21; Checkpoint: j = 22; Checkpoint: j = 23; Checkpoint: j = 24; Checkpoint: j = 25; Checkpoint: j = 26; Checkpoint: j = 27; Checkpoint: j = 28; Checkpoint: j = 29; Checkpoint: j = 30; Checkpoint: j = 31; Checkpoint: j = 32; Checkpoint: j = 33; Checkpoint: j = 34; Checkpoint: j = 35; Checkpoint: j = 36; Checkpoint: j = 37; Checkpoint: j = 38; Checkpoint: j = 39; Checkpoint: j = 40; Checkpoint: j = 41; Checkpoint: j = 42; Checkpoint: j = 43; Checkpoint: j = 44; Checkpoint: j = 45; Checkpoint: j = 46; Checkpoint: j = 47; Checkpoint: j = 48; Checkpoint: j = 49; Checkpoint: j = 50; Checkpoint: j = 51; Checkpoint: j = 52; Checkpoint: j = 53; Checkpoint: j = 54; Checkpoint: j = 55; Checkpoint: j = 56; Checkpoint: j = 57; Checkpoint: j = 58; Checkpoint: j = 59; Checkpoint: j = 60; Checkpoint: j = 61; Checkpoint: j = 62; Checkpoint: j = 63; 
Checkpoint: i = 3
Checkpoint: j = 0; Checkpoint: j = 1; Checkpoint: j = 2; Checkpoint: j = 3; Checkpoint: j = 4; Checkpoint: j = 5; Checkpoint: j = 6; Checkpoint: j = 7; Checkpoint: j = 8; Checkpoint: j = 9; Checkpoint: j = 10; Checkpoint: j = 11; Checkpoint: j = 12; Checkpoint: j = 13; Checkpoint: j = 14; Checkpoint: j = 15; Checkpoint: j = 16; Checkpoint: j = 17; Checkpoint: j = 18; Checkpoint: j = 19; Checkpoint: j = 20; Checkpoint: j = 21; Checkpoint: j = 22; Checkpoint: j = 23; Checkpoint: j = 24; Checkpoint: j = 25; Checkpoint: j = 26; Checkpoint: j = 27; Checkpoint: j = 28; Checkpoint: j = 29; Checkpoint: j = 30; Checkpoint: j = 31; Checkpoint: j = 32; Checkpoint: j = 33; Checkpoint: j = 34; Checkpoint: j = 35; Checkpoint: j = 36; Checkpoint: j = 37; Checkpoint: j = 38; Checkpoint: j = 39; Checkpoint: j = 40; Checkpoint: j = 41; Checkpoint: j = 42; Checkpoint: j = 43; Checkpoint: j = 44; Checkpoint: j = 45; Checkpoint: j = 46; Checkpoint: j = 47; Checkpoint: j = 48; Checkpoint: j = 49; Checkpoint: j = 50; Checkpoint: j = 51; Checkpoint: j = 52; Checkpoint: j = 53; Checkpoint: j = 54; Checkpoint: j = 55; Checkpoint: j = 56; Checkpoint: j = 57; Checkpoint: j = 58; Checkpoint: j = 59; Checkpoint: j = 60; Checkpoint: j = 61; Checkpoint: j = 62; Checkpoint: j = 63; 
Checkpoint: i = 4
Checkpoint: j = 0; Checkpoint: j = 1; Checkpoint: j = 2; Checkpoint: j = 3; Checkpoint: j = 4; Checkpoint: j = 5; Checkpoint: j = 6; Checkpoint: j = 7; Checkpoint: j = 8; Checkpoint: j = 9; Checkpoint: j = 10; Checkpoint: j = 11; Checkpoint: j = 12; Checkpoint: j = 13; Checkpoint: j = 14; Checkpoint: j = 15; Checkpoint: j = 16; Checkpoint: j = 17; Checkpoint: j = 18; Checkpoint: j = 19; Checkpoint: j = 20; Checkpoint: j = 21; Checkpoint: j = 22; Checkpoint: j = 23; Checkpoint: j = 24; Checkpoint: j = 25; Checkpoint: j = 26; Checkpoint: j = 27; Checkpoint: j = 28; Checkpoint: j = 29; Checkpoint: j = 30; Checkpoint: j = 31; Checkpoint: j = 32; Checkpoint: j = 33; Checkpoint: j = 34; Checkpoint: j = 35; Checkpoint: j = 36; Checkpoint: j = 37; Checkpoint: j = 38; Checkpoint: j = 39; Checkpoint: j = 40; Checkpoint: j = 41; Checkpoint: j = 42; Checkpoint: j = 43; Checkpoint: j = 44; Checkpoint: j = 45; Checkpoint: j = 46; Checkpoint: j = 47; Checkpoint: j = 48; Checkpoint: j = 49; Checkpoint: j = 50; Checkpoint: j = 51; Checkpoint: j = 52; Checkpoint: j = 53; Checkpoint: j = 54; Checkpoint: j = 55; Checkpoint: j = 56; Checkpoint: j = 57; Checkpoint: j = 58; Checkpoint: j = 59; Checkpoint: j = 60; Checkpoint: j = 61; Checkpoint: j = 62; Checkpoint: j = 63; 
Checkpoint: i = 5
Checkpoint: j = 0; Checkpoint: j = 1; Checkpoint: j = 2; Checkpoint: j = 3; Checkpoint: j = 4; Checkpoint: j = 5; Checkpoint: j = 6; Checkpoint: j = 7; Checkpoint: j = 8; Checkpoint: j = 9; Checkpoint: j = 10; Checkpoint: j = 11; Checkpoint: j = 12; Checkpoint: j = 13; Checkpoint: j = 14; Checkpoint: j = 15; Checkpoint: j = 16; Checkpoint: j = 17; Checkpoint: j = 18; Checkpoint: j = 19; Checkpoint: j = 20; Checkpoint: j = 21; Checkpoint: j = 22; Checkpoint: j = 23; Checkpoint: j = 24; Checkpoint: j = 25; Checkpoint: j = 26; Checkpoint: j = 27; Checkpoint: j = 28; Checkpoint: j = 29; Checkpoint: j = 30; Checkpoint: j = 31; Checkpoint: j = 32; Checkpoint: j = 33; Checkpoint: j = 34; Checkpoint: j = 35; Checkpoint: j = 36; Checkpoint: j = 37; Checkpoint: j = 38; Checkpoint: j = 39; Checkpoint: j = 40; Checkpoint: j = 41; Checkpoint: j = 42; Checkpoint: j = 43; Checkpoint: j = 44; Checkpoint: j = 45; Checkpoint: j = 46; Checkpoint: j = 47; Checkpoint: j = 48; Checkpoint: j = 49; Checkpoint: j = 50; Checkpoint: j = 51; Checkpoint: j = 52; Checkpoint: j = 53; Checkpoint: j = 54; Checkpoint: j = 55; Checkpoint: j = 56; Checkpoint: j = 57; Checkpoint: j = 58; Checkpoint: j = 59; Checkpoint: j = 60; Checkpoint: j = 61; Checkpoint: j = 62; Checkpoint: j = 63; 
Checkpoint: i = 6
Checkpoint: j = 0; Checkpoint: j = 1; Checkpoint: j = 2; Checkpoint: j = 3; Checkpoint: j = 4; Checkpoint: j = 5; Checkpoint: j = 6; Checkpoint: j = 7; Checkpoint: j = 8; Checkpoint: j = 9; Checkpoint: j = 10; Checkpoint: j = 11; Checkpoint: j = 12; Checkpoint: j = 13; Checkpoint: j = 14; Checkpoint: j = 15; Checkpoint: j = 16; Checkpoint: j = 17; Checkpoint: j = 18; Checkpoint: j = 19; Checkpoint: j = 20; Checkpoint: j = 21; Checkpoint: j = 22; Checkpoint: j = 23; Checkpoint: j = 24; Checkpoint: j = 25; Checkpoint: j = 26; Checkpoint: j = 27; Checkpoint: j = 28; Checkpoint: j = 29; Checkpoint: j = 30; Checkpoint: j = 31; Checkpoint: j = 32; Checkpoint: j = 33; Checkpoint: j = 34; Checkpoint: j = 35; Checkpoint: j = 36; Checkpoint: j = 37; Checkpoint: j = 38; Checkpoint: j = 39; Checkpoint: j = 40; Checkpoint: j = 41; Checkpoint: j = 42; Checkpoint: j = 43; Checkpoint: j = 44; Checkpoint: j = 45; Checkpoint: j = 46; Checkpoint: j = 47; Checkpoint: j = 48; Checkpoint: j = 49; Checkpoint: j = 50; Checkpoint: j = 51; Checkpoint: j = 52; Checkpoint: j = 53; Checkpoint: j = 54; Checkpoint: j = 55; Checkpoint: j = 56; Checkpoint: j = 57; Checkpoint: j = 58; Checkpoint: j = 59; Checkpoint: j = 60; Checkpoint: j = 61; Checkpoint: j = 62; Checkpoint: j = 63; 
Checkpoint: i = 7
Checkpoint: j = 0; Checkpoint: j = 1; Checkpoint: j = 2; Checkpoint: j = 3; Checkpoint: j = 4; Checkpoint: j = 5; Checkpoint: j = 6; Checkpoint: j = 7; Checkpoint: j = 8; Checkpoint: j = 9; Checkpoint: j = 10; Checkpoint: j = 11; Checkpoint: j = 12; Checkpoint: j = 13; Checkpoint: j = 14; Checkpoint: j = 15; Checkpoint: j = 16; Checkpoint: j = 17; Checkpoint: j = 18; Checkpoint: j = 19; Checkpoint: j = 20; Checkpoint: j = 21; Checkpoint: j = 22; Checkpoint: j = 23; Checkpoint: j = 24; Checkpoint: j = 25; Checkpoint: j = 26; Checkpoint: j = 27; Checkpoint: j = 28; Checkpoint: j = 29; Checkpoint: j = 30; Checkpoint: j = 31; Checkpoint: j = 32; Checkpoint: j = 33; Checkpoint: j = 34; Checkpoint: j = 35; Checkpoint: j = 36; Checkpoint: j = 37; Checkpoint: j = 38; Checkpoint: j = 39; Checkpoint: j = 40; Checkpoint: j = 41; Checkpoint: j = 42; Checkpoint: j = 43; Checkpoint: j = 44; Checkpoint: j = 45; Checkpoint: j = 46; Checkpoint: j = 47; Checkpoint: j = 48; Checkpoint: j = 49; Checkpoint: j = 50; Checkpoint: j = 51; Checkpoint: j = 52; Checkpoint: j = 53; Checkpoint: j = 54; Checkpoint: j = 55; Checkpoint: j = 56; Checkpoint: j = 57; Checkpoint: j = 58; Checkpoint: j = 59; Checkpoint: j = 60; Checkpoint: j = 61; Checkpoint: j = 62; Checkpoint: j = 63; 
Checkpoint: i = 8
Checkpoint: j = 0; Checkpoint: j = 1; Checkpoint: j = 2; Checkpoint: j = 3; Checkpoint: j = 4; Checkpoint: j = 5; Checkpoint: j = 6; Checkpoint: j = 7; Checkpoint: j = 8; Checkpoint: j = 9; Checkpoint: j = 10; Checkpoint: j = 11; Checkpoint: j = 12; Checkpoint: j = 13; Checkpoint: j = 14; Checkpoint: j = 15; Checkpoint: j = 16; Checkpoint: j = 17; Checkpoint: j = 18; Checkpoint: j = 19; Checkpoint: j = 20; Checkpoint: j = 21; Checkpoint: j = 22; Checkpoint: j = 23; Checkpoint: j = 24; Checkpoint: j = 25; Checkpoint: j = 26; Checkpoint: j = 27; Checkpoint: j = 28; Checkpoint: j = 29; Checkpoint: j = 30; Checkpoint: j = 31; Checkpoint: j = 32; Checkpoint: j = 33; Checkpoint: j = 34; Checkpoint: j = 35; Checkpoint: j = 36; Checkpoint: j = 37; Checkpoint: j = 38; Checkpoint: j = 39; Checkpoint: j = 40; Checkpoint: j = 41; Checkpoint: j = 42; Checkpoint: j = 43; Checkpoint: j = 44; Checkpoint: j = 45; Checkpoint: j = 46; Checkpoint: j = 47; Checkpoint: j = 48; Checkpoint: j = 49; Checkpoint: j = 50; Checkpoint: j = 51; Checkpoint: j = 52; Checkpoint: j = 53; Checkpoint: j = 54; Checkpoint: j = 55; Checkpoint: j = 56; Checkpoint: j = 57; Checkpoint: j = 58; Checkpoint: j = 59; Checkpoint: j = 60; Checkpoint: j = 61; Checkpoint: j = 62; Checkpoint: j = 63; 
Checkpoint: i = 9
Checkpoint: j = 0; Checkpoint: j = 1; Checkpoint: j = 2; Checkpoint: j = 3; Checkpoint: j = 4; Checkpoint: j = 5; Checkpoint: j = 6; Checkpoint: j = 7; Checkpoint: j = 8; Checkpoint: j = 9; Checkpoint: j = 10; Checkpoint: j = 11; Checkpoint: j = 12; Checkpoint: j = 13; Checkpoint: j = 14; Checkpoint: j = 15; Checkpoint: j = 16; Checkpoint: j = 17; Checkpoint: j = 18; Checkpoint: j = 19; Checkpoint: j = 20; Checkpoint: j = 21; Checkpoint: j = 22; Checkpoint: j = 23; Checkpoint: j = 24; Checkpoint: j = 25; Checkpoint: j = 26; Checkpoint: j = 27; Checkpoint: j = 28; Checkpoint: j = 29; Checkpoint: j = 30; Checkpoint: j = 31; Checkpoint: j = 32; Checkpoint: j = 33; Checkpoint: j = 34; Checkpoint: j = 35; Checkpoint: j = 36; Checkpoint: j = 37; Checkpoint: j = 38; Checkpoint: j = 39; Checkpoint: j = 40; Checkpoint: j = 41; Checkpoint: j = 42; Checkpoint: j = 43; Checkpoint: j = 44; Checkpoint: j = 45; Checkpoint: j = 46; Checkpoint: j = 47; Checkpoint: j = 48; Checkpoint: j = 49; Checkpoint: j = 50; Checkpoint: j = 51; Checkpoint: j = 52; Checkpoint: j = 53; Checkpoint: j = 54; Checkpoint: j = 55; Checkpoint: j = 56; Checkpoint: j = 57; Checkpoint: j = 58; Checkpoint: j = 59; Checkpoint: j = 60; Checkpoint: j = 61; Checkpoint: j = 62; Checkpoint: j = 63; 
Test passed !

C:\Users\Richard\Desktop\Course\AAHLS\labs\labA\ug871-design-files-ch6\dct_prj\solution2\sim\verilog>set PATH= 

C:\Users\Richard\Desktop\Course\AAHLS\labs\labA\ug871-design-files-ch6\dct_prj\solution2\sim\verilog>call C:/Xilinx/Vivado/2022.1/bin/xelab xil_defaultlib.apatb_dct_top glbl -Oenable_linking_all_libraries  -prj dct.prj -L smartconnect_v1_0 -L axi_protocol_checker_v1_1_12 -L axi_protocol_checker_v1_1_13 -L axis_protocol_checker_v1_1_11 -L axis_protocol_checker_v1_1_12 -L xil_defaultlib -L unisims_ver -L xpm  -L floating_point_v7_0_20 -L floating_point_v7_1_14 --lib "ieee_proposed=./ieee_proposed" -s dct  
Vivado Simulator v2022.1
Copyright 1986-1999, 2001-2022 Xilinx, Inc. All Rights Reserved.
Running: C:/Xilinx/Vivado/2022.1/bin/unwrapped/win64.o/xelab.exe xil_defaultlib.apatb_dct_top glbl -Oenable_linking_all_libraries -prj dct.prj -L smartconnect_v1_0 -L axi_protocol_checker_v1_1_12 -L axi_protocol_checker_v1_1_13 -L axis_protocol_checker_v1_1_11 -L axis_protocol_checker_v1_1_12 -L xil_defaultlib -L unisims_ver -L xpm -L floating_point_v7_0_20 -L floating_point_v7_1_14 --lib ieee_proposed=./ieee_proposed -s dct 
Multi-threading is on. Using 14 slave threads.
INFO: [VRFC 10-2263] Analyzing SystemVerilog file "C:/Users/Richard/Desktop/Course/AAHLS/labs/labA/ug871-design-files-ch6/dct_prj/solution2/sim/verilog/glbl.v" into library work
INFO: [VRFC 10-311] analyzing module glbl
INFO: [VRFC 10-2263] Analyzing SystemVerilog file "C:/Users/Richard/Desktop/Course/AAHLS/labs/labA/ug871-design-files-ch6/dct_prj/solution2/sim/verilog/AESL_automem_input_r.v" into library xil_defaultlib
INFO: [VRFC 10-311] analyzing module AESL_automem_input_r
INFO: [VRFC 10-2263] Analyzing SystemVerilog file "C:/Users/Richard/Desktop/Course/AAHLS/labs/labA/ug871-design-files-ch6/dct_prj/solution2/sim/verilog/AESL_automem_output_r.v" into library xil_defaultlib
INFO: [VRFC 10-311] analyzing module AESL_automem_output_r
INFO: [VRFC 10-2263] Analyzing SystemVerilog file "C:/Users/Richard/Desktop/Course/AAHLS/labs/labA/ug871-design-files-ch6/dct_prj/solution2/sim/verilog/dct.autotb.v" into library xil_defaultlib
INFO: [VRFC 10-311] analyzing module apatb_dct_top
INFO: [VRFC 10-2263] Analyzing SystemVerilog file "C:/Users/Richard/Desktop/Course/AAHLS/labs/labA/ug871-design-files-ch6/dct_prj/solution2/sim/verilog/dct.v" into library xil_defaultlib
INFO: [VRFC 10-311] analyzing module dct
INFO: [VRFC 10-2263] Analyzing SystemVerilog file "C:/Users/Richard/Desktop/Course/AAHLS/labs/labA/ug871-design-files-ch6/dct_prj/solution2/sim/verilog/dct_dct_coeff_table_ROM_AUTO_1R.v" into library xil_defaultlib
INFO: [VRFC 10-311] analyzing module dct_dct_coeff_table_ROM_AUTO_1R
INFO: [VRFC 10-2263] Analyzing SystemVerilog file "C:/Users/Richard/Desktop/Course/AAHLS/labs/labA/ug871-design-files-ch6/dct_prj/solution2/sim/verilog/dct_dct_Pipeline_DCT_Inner_Loop.v" into library xil_defaultlib
INFO: [VRFC 10-311] analyzing module dct_dct_Pipeline_DCT_Inner_Loop
INFO: [VRFC 10-2263] Analyzing SystemVerilog file "C:/Users/Richard/Desktop/Course/AAHLS/labs/labA/ug871-design-files-ch6/dct_prj/solution2/sim/verilog/dct_dct_Pipeline_DCT_Inner_Loop1.v" into library xil_defaultlib
INFO: [VRFC 10-311] analyzing module dct_dct_Pipeline_DCT_Inner_Loop1
INFO: [VRFC 10-2263] Analyzing SystemVerilog file "C:/Users/Richard/Desktop/Course/AAHLS/labs/labA/ug871-design-files-ch6/dct_prj/solution2/sim/verilog/dct_dct_Pipeline_RD_Loop_Row_RD_Loop_Col.v" into library xil_defaultlib
INFO: [VRFC 10-311] analyzing module dct_dct_Pipeline_RD_Loop_Row_RD_Loop_Col
INFO: [VRFC 10-2263] Analyzing SystemVerilog file "C:/Users/Richard/Desktop/Course/AAHLS/labs/labA/ug871-design-files-ch6/dct_prj/solution2/sim/verilog/dct_dct_Pipeline_WR_Loop_Row_WR_Loop_Col.v" into library xil_defaultlib
INFO: [VRFC 10-311] analyzing module dct_dct_Pipeline_WR_Loop_Row_WR_Loop_Col
INFO: [VRFC 10-2263] Analyzing SystemVerilog file "C:/Users/Richard/Desktop/Course/AAHLS/labs/labA/ug871-design-files-ch6/dct_prj/solution2/sim/verilog/dct_dct_Pipeline_Xpose_Col_Outer_Loop_Xpose_Col_Inner_Loop.v" into library xil_defaultlib
INFO: [VRFC 10-311] analyzing module dct_dct_Pipeline_Xpose_Col_Outer_Loop_Xpose_Col_Inner_Loop
INFO: [VRFC 10-2263] Analyzing SystemVerilog file "C:/Users/Richard/Desktop/Course/AAHLS/labs/labA/ug871-design-files-ch6/dct_prj/solution2/sim/verilog/dct_dct_Pipeline_Xpose_Row_Outer_Loop_Xpose_Row_Inner_Loop.v" into library xil_defaultlib
INFO: [VRFC 10-311] analyzing module dct_dct_Pipeline_Xpose_Row_Outer_Loop_Xpose_Row_Inner_Loop
INFO: [VRFC 10-2263] Analyzing SystemVerilog file "C:/Users/Richard/Desktop/Course/AAHLS/labs/labA/ug871-design-files-ch6/dct_prj/solution2/sim/verilog/dct_flow_control_loop_pipe_sequential_init.v" into library xil_defaultlib
INFO: [VRFC 10-311] analyzing module dct_flow_control_loop_pipe_sequential_init
INFO: [VRFC 10-2263] Analyzing SystemVerilog file "C:/Users/Richard/Desktop/Course/AAHLS/labs/labA/ug871-design-files-ch6/dct_prj/solution2/sim/verilog/dct_mac_muladd_16s_15s_32s_32_4_1.v" into library xil_defaultlib
INFO: [VRFC 10-311] analyzing module dct_mac_muladd_16s_15s_32s_32_4_1_DSP48_0
INFO: [VRFC 10-311] analyzing module dct_mac_muladd_16s_15s_32s_32_4_1
INFO: [VRFC 10-2263] Analyzing SystemVerilog file "C:/Users/Richard/Desktop/Course/AAHLS/labs/labA/ug871-design-files-ch6/dct_prj/solution2/sim/verilog/dct_row_outbuf_RAM_AUTO_1R1W.v" into library xil_defaultlib
INFO: [VRFC 10-311] analyzing module dct_row_outbuf_RAM_AUTO_1R1W
INFO: [VRFC 10-2263] Analyzing SystemVerilog file "C:/Users/Richard/Desktop/Course/AAHLS/labs/labA/ug871-design-files-ch6/dct_prj/solution2/sim/verilog/dataflow_monitor.sv" into library xil_defaultlib
INFO: [VRFC 10-311] analyzing module dataflow_monitor
Starting static elaboration
Pass Through NonSizing Optimizer
Completed static elaboration
Starting simulation data flow analysis
Completed simulation data flow analysis
Time Resolution for simulation is 1ps
Compiling package xil_defaultlib.$unit_dataflow_monitor_sv
Compiling module xil_defaultlib.dct_dct_coeff_table_ROM_AUTO_1R
Compiling module xil_defaultlib.dct_row_outbuf_RAM_AUTO_1R1W
Compiling module xil_defaultlib.dct_flow_control_loop_pipe_seque...
Compiling module xil_defaultlib.dct_dct_Pipeline_RD_Loop_Row_RD_...
Compiling module xil_defaultlib.dct_dct_Pipeline_Xpose_Row_Outer...
Compiling module xil_defaultlib.dct_mac_muladd_16s_15s_32s_32_4_...
Compiling module xil_defaultlib.dct_mac_muladd_16s_15s_32s_32_4_...
Compiling module xil_defaultlib.dct_dct_Pipeline_DCT_Inner_Loop
Compiling module xil_defaultlib.dct_dct_Pipeline_Xpose_Col_Outer...
Compiling module xil_defaultlib.dct_dct_Pipeline_DCT_Inner_Loop1
Compiling module xil_defaultlib.dct_dct_Pipeline_WR_Loop_Row_WR_...
Compiling module xil_defaultlib.dct
Compiling module xil_defaultlib.AESL_automem_input_r
Compiling module xil_defaultlib.AESL_automem_output_r
Compiling module xil_defaultlib.nodf_module_intf
Compiling module xil_defaultlib.seq_loop_intf(FSM_WIDTH=14)
Compiling module xil_defaultlib.upc_loop_intf(FSM_WIDTH=1)
Compiling module xil_defaultlib.dataflow_monitor_1
Compiling module xil_defaultlib.apatb_dct_top
Compiling module work.glbl
Built simulation snapshot dct

****** xsim v2022.1 (64-bit)
  **** SW Build 3526262 on Mon Apr 18 15:48:16 MDT 2022
  **** IP Build 3524634 on Mon Apr 18 20:55:01 MDT 2022
    ** Copyright 1986-2022 Xilinx, Inc. All Rights Reserved.

source xsim.dir/dct/xsim_script.tcl
# xsim {dct} -autoloadwcfg -tclbatch {dct.tcl}
Time resolution is 1 ps
source dct.tcl
## run all
////////////////////////////////////////////////////////////////////////////////////
// Inter-Transaction Progress: Completed Transaction / Total Transaction
// Intra-Transaction Progress: Measured Latency / Latency Estimation * 100%
//
// RTL Simulation : "Inter-Transaction Progress" ["Intra-Transaction Progress"] @ "Simulation Time"
////////////////////////////////////////////////////////////////////////////////////
// RTL Simulation : 0 / 10 [0.00%] @ "125000"
// RTL Simulation : 1 / 10 [100.00%] @ "22005000"
// RTL Simulation : 2 / 10 [100.00%] @ "43875000"
// RTL Simulation : 3 / 10 [100.00%] @ "65745000"
// RTL Simulation : 4 / 10 [100.00%] @ "87615000"
// RTL Simulation : 5 / 10 [100.00%] @ "109485000"
// RTL Simulation : 6 / 10 [100.00%] @ "131355000"
// RTL Simulation : 7 / 10 [100.00%] @ "153225000"
// RTL Simulation : 8 / 10 [100.00%] @ "175095000"
// RTL Simulation : 9 / 10 [100.00%] @ "196965000"
// RTL Simulation : 10 / 10 [100.00%] @ "218835000"
////////////////////////////////////////////////////////////////////////////////////
$finish called at time : 218895 ns : File "C:/Users/Richard/Desktop/Course/AAHLS/labs/labA/ug871-design-files-ch6/dct_prj/solution2/sim/verilog/dct.autotb.v" Line 266
## quit
INFO: [Common 17-206] Exiting xsim at Wed Mar  8 19:38:03 2023...
Checkpoint: i = 0
Checkpoint: j = 0; Checkpoint: j = 1; Checkpoint: j = 2; Checkpoint: j = 3; Checkpoint: j = 4; Checkpoint: j = 5; Checkpoint: j = 6; Checkpoint: j = 7; Checkpoint: j = 8; Checkpoint: j = 9; Checkpoint: j = 10; Checkpoint: j = 11; Checkpoint: j = 12; Checkpoint: j = 13; Checkpoint: j = 14; Checkpoint: j = 15; Checkpoint: j = 16; Checkpoint: j = 17; Checkpoint: j = 18; Checkpoint: j = 19; Checkpoint: j = 20; Checkpoint: j = 21; Checkpoint: j = 22; Checkpoint: j = 23; Checkpoint: j = 24; Checkpoint: j = 25; Checkpoint: j = 26; Checkpoint: j = 27; Checkpoint: j = 28; Checkpoint: j = 29; Checkpoint: j = 30; Checkpoint: j = 31; Checkpoint: j = 32; Checkpoint: j = 33; Checkpoint: j = 34; Checkpoint: j = 35; Checkpoint: j = 36; Checkpoint: j = 37; Checkpoint: j = 38; Checkpoint: j = 39; Checkpoint: j = 40; Checkpoint: j = 41; Checkpoint: j = 42; Checkpoint: j = 43; Checkpoint: j = 44; Checkpoint: j = 45; Checkpoint: j = 46; Checkpoint: j = 47; Checkpoint: j = 48; Checkpoint: j = 49; Checkpoint: j = 50; Checkpoint: j = 51; Checkpoint: j = 52; Checkpoint: j = 53; Checkpoint: j = 54; Checkpoint: j = 55; Checkpoint: j = 56; Checkpoint: j = 57; Checkpoint: j = 58; Checkpoint: j = 59; Checkpoint: j = 60; Checkpoint: j = 61; Checkpoint: j = 62; Checkpoint: j = 63; 
Copying array b to b_prime
Checkpoint: i = 1
Checkpoint: j = 0; Checkpoint: j = 1; Checkpoint: j = 2; Checkpoint: j = 3; Checkpoint: j = 4; Checkpoint: j = 5; Checkpoint: j = 6; Checkpoint: j = 7; Checkpoint: j = 8; Checkpoint: j = 9; Checkpoint: j = 10; Checkpoint: j = 11; Checkpoint: j = 12; Checkpoint: j = 13; Checkpoint: j = 14; Checkpoint: j = 15; Checkpoint: j = 16; Checkpoint: j = 17; Checkpoint: j = 18; Checkpoint: j = 19; Checkpoint: j = 20; Checkpoint: j = 21; Checkpoint: j = 22; Checkpoint: j = 23; Checkpoint: j = 24; Checkpoint: j = 25; Checkpoint: j = 26; Checkpoint: j = 27; Checkpoint: j = 28; Checkpoint: j = 29; Checkpoint: j = 30; Checkpoint: j = 31; Checkpoint: j = 32; Checkpoint: j = 33; Checkpoint: j = 34; Checkpoint: j = 35; Checkpoint: j = 36; Checkpoint: j = 37; Checkpoint: j = 38; Checkpoint: j = 39; Checkpoint: j = 40; Checkpoint: j = 41; Checkpoint: j = 42; Checkpoint: j = 43; Checkpoint: j = 44; Checkpoint: j = 45; Checkpoint: j = 46; Checkpoint: j = 47; Checkpoint: j = 48; Checkpoint: j = 49; Checkpoint: j = 50; Checkpoint: j = 51; Checkpoint: j = 52; Checkpoint: j = 53; Checkpoint: j = 54; Checkpoint: j = 55; Checkpoint: j = 56; Checkpoint: j = 57; Checkpoint: j = 58; Checkpoint: j = 59; Checkpoint: j = 60; Checkpoint: j = 61; Checkpoint: j = 62; Checkpoint: j = 63; 
Checkpoint: i = 2
Checkpoint: j = 0; Checkpoint: j = 1; Checkpoint: j = 2; Checkpoint: j = 3; Checkpoint: j = 4; Checkpoint: j = 5; Checkpoint: j = 6; Checkpoint: j = 7; Checkpoint: j = 8; Checkpoint: j = 9; Checkpoint: j = 10; Checkpoint: j = 11; Checkpoint: j = 12; Checkpoint: j = 13; Checkpoint: j = 14; Checkpoint: j = 15; Checkpoint: j = 16; Checkpoint: j = 17; Checkpoint: j = 18; Checkpoint: j = 19; Checkpoint: j = 20; Checkpoint: j = 21; Checkpoint: j = 22; Checkpoint: j = 23; Checkpoint: j = 24; Checkpoint: j = 25; Checkpoint: j = 26; Checkpoint: j = 27; Checkpoint: j = 28; Checkpoint: j = 29; Checkpoint: j = 30; Checkpoint: j = 31; Checkpoint: j = 32; Checkpoint: j = 33; Checkpoint: j = 34; Checkpoint: j = 35; Checkpoint: j = 36; Checkpoint: j = 37; Checkpoint: j = 38; Checkpoint: j = 39; Checkpoint: j = 40; Checkpoint: j = 41; Checkpoint: j = 42; Checkpoint: j = 43; Checkpoint: j = 44; Checkpoint: j = 45; Checkpoint: j = 46; Checkpoint: j = 47; Checkpoint: j = 48; Checkpoint: j = 49; Checkpoint: j = 50; Checkpoint: j = 51; Checkpoint: j = 52; Checkpoint: j = 53; Checkpoint: j = 54; Checkpoint: j = 55; Checkpoint: j = 56; Checkpoint: j = 57; Checkpoint: j = 58; Checkpoint: j = 59; Checkpoint: j = 60; Checkpoint: j = 61; Checkpoint: j = 62; Checkpoint: j = 63; 
Checkpoint: i = 3
Checkpoint: j = 0; Checkpoint: j = 1; Checkpoint: j = 2; Checkpoint: j = 3; Checkpoint: j = 4; Checkpoint: j = 5; Checkpoint: j = 6; Checkpoint: j = 7; Checkpoint: j = 8; Checkpoint: j = 9; Checkpoint: j = 10; Checkpoint: j = 11; Checkpoint: j = 12; Checkpoint: j = 13; Checkpoint: j = 14; Checkpoint: j = 15; Checkpoint: j = 16; Checkpoint: j = 17; Checkpoint: j = 18; Checkpoint: j = 19; Checkpoint: j = 20; Checkpoint: j = 21; Checkpoint: j = 22; Checkpoint: j = 23; Checkpoint: j = 24; Checkpoint: j = 25; Checkpoint: j = 26; Checkpoint: j = 27; Checkpoint: j = 28; Checkpoint: j = 29; Checkpoint: j = 30; Checkpoint: j = 31; Checkpoint: j = 32; Checkpoint: j = 33; Checkpoint: j = 34; Checkpoint: j = 35; Checkpoint: j = 36; Checkpoint: j = 37; Checkpoint: j = 38; Checkpoint: j = 39; Checkpoint: j = 40; Checkpoint: j = 41; Checkpoint: j = 42; Checkpoint: j = 43; Checkpoint: j = 44; Checkpoint: j = 45; Checkpoint: j = 46; Checkpoint: j = 47; Checkpoint: j = 48; Checkpoint: j = 49; Checkpoint: j = 50; Checkpoint: j = 51; Checkpoint: j = 52; Checkpoint: j = 53; Checkpoint: j = 54; Checkpoint: j = 55; Checkpoint: j = 56; Checkpoint: j = 57; Checkpoint: j = 58; Checkpoint: j = 59; Checkpoint: j = 60; Checkpoint: j = 61; Checkpoint: j = 62; Checkpoint: j = 63; 
Checkpoint: i = 4
Checkpoint: j = 0; Checkpoint: j = 1; Checkpoint: j = 2; Checkpoint: j = 3; Checkpoint: j = 4; Checkpoint: j = 5; Checkpoint: j = 6; Checkpoint: j = 7; Checkpoint: j = 8; Checkpoint: j = 9; Checkpoint: j = 10; Checkpoint: j = 11; Checkpoint: j = 12; Checkpoint: j = 13; Checkpoint: j = 14; Checkpoint: j = 15; Checkpoint: j = 16; Checkpoint: j = 17; Checkpoint: j = 18; Checkpoint: j = 19; Checkpoint: j = 20; Checkpoint: j = 21; Checkpoint: j = 22; Checkpoint: j = 23; Checkpoint: j = 24; Checkpoint: j = 25; Checkpoint: j = 26; Checkpoint: j = 27; Checkpoint: j = 28; Checkpoint: j = 29; Checkpoint: j = 30; Checkpoint: j = 31; Checkpoint: j = 32; Checkpoint: j = 33; Checkpoint: j = 34; Checkpoint: j = 35; Checkpoint: j = 36; Checkpoint: j = 37; Checkpoint: j = 38; Checkpoint: j = 39; Checkpoint: j = 40; Checkpoint: j = 41; Checkpoint: j = 42; Checkpoint: j = 43; Checkpoint: j = 44; Checkpoint: j = 45; Checkpoint: j = 46; Checkpoint: j = 47; Checkpoint: j = 48; Checkpoint: j = 49; Checkpoint: j = 50; Checkpoint: j = 51; Checkpoint: j = 52; Checkpoint: j = 53; Checkpoint: j = 54; Checkpoint: j = 55; Checkpoint: j = 56; Checkpoint: j = 57; Checkpoint: j = 58; Checkpoint: j = 59; Checkpoint: j = 60; Checkpoint: j = 61; Checkpoint: j = 62; Checkpoint: j = 63; 
Checkpoint: i = 5
Checkpoint: j = 0; Checkpoint: j = 1; Checkpoint: j = 2; Checkpoint: j = 3; Checkpoint: j = 4; Checkpoint: j = 5; Checkpoint: j = 6; Checkpoint: j = 7; Checkpoint: j = 8; Checkpoint: j = 9; Checkpoint: j = 10; Checkpoint: j = 11; Checkpoint: j = 12; Checkpoint: j = 13; Checkpoint: j = 14; Checkpoint: j = 15; Checkpoint: j = 16; Checkpoint: j = 17; Checkpoint: j = 18; Checkpoint: j = 19; Checkpoint: j = 20; Checkpoint: j = 21; Checkpoint: j = 22; Checkpoint: j = 23; Checkpoint: j = 24; Checkpoint: j = 25; Checkpoint: j = 26; Checkpoint: j = 27; Checkpoint: j = 28; Checkpoint: j = 29; Checkpoint: j = 30; Checkpoint: j = 31; Checkpoint: j = 32; Checkpoint: j = 33; Checkpoint: j = 34; Checkpoint: j = 35; Checkpoint: j = 36; Checkpoint: j = 37; Checkpoint: j = 38; Checkpoint: j = 39; Checkpoint: j = 40; Checkpoint: j = 41; Checkpoint: j = 42; Checkpoint: j = 43; Checkpoint: j = 44; Checkpoint: j = 45; Checkpoint: j = 46; Checkpoint: j = 47; Checkpoint: j = 48; Checkpoint: j = 49; Checkpoint: j = 50; Checkpoint: j = 51; Checkpoint: j = 52; Checkpoint: j = 53; Checkpoint: j = 54; Checkpoint: j = 55; Checkpoint: j = 56; Checkpoint: j = 57; Checkpoint: j = 58; Checkpoint: j = 59; Checkpoint: j = 60; Checkpoint: j = 61; Checkpoint: j = 62; Checkpoint: j = 63; 
Checkpoint: i = 6
Checkpoint: j = 0; Checkpoint: j = 1; Checkpoint: j = 2; Checkpoint: j = 3; Checkpoint: j = 4; Checkpoint: j = 5; Checkpoint: j = 6; Checkpoint: j = 7; Checkpoint: j = 8; Checkpoint: j = 9; Checkpoint: j = 10; Checkpoint: j = 11; Checkpoint: j = 12; Checkpoint: j = 13; Checkpoint: j = 14; Checkpoint: j = 15; Checkpoint: j = 16; Checkpoint: j = 17; Checkpoint: j = 18; Checkpoint: j = 19; Checkpoint: j = 20; Checkpoint: j = 21; Checkpoint: j = 22; Checkpoint: j = 23; Checkpoint: j = 24; Checkpoint: j = 25; Checkpoint: j = 26; Checkpoint: j = 27; Checkpoint: j = 28; Checkpoint: j = 29; Checkpoint: j = 30; Checkpoint: j = 31; Checkpoint: j = 32; Checkpoint: j = 33; Checkpoint: j = 34; Checkpoint: j = 35; Checkpoint: j = 36; Checkpoint: j = 37; Checkpoint: j = 38; Checkpoint: j = 39; Checkpoint: j = 40; Checkpoint: j = 41; Checkpoint: j = 42; Checkpoint: j = 43; Checkpoint: j = 44; Checkpoint: j = 45; Checkpoint: j = 46; Checkpoint: j = 47; Checkpoint: j = 48; Checkpoint: j = 49; Checkpoint: j = 50; Checkpoint: j = 51; Checkpoint: j = 52; Checkpoint: j = 53; Checkpoint: j = 54; Checkpoint: j = 55; Checkpoint: j = 56; Checkpoint: j = 57; Checkpoint: j = 58; Checkpoint: j = 59; Checkpoint: j = 60; Checkpoint: j = 61; Checkpoint: j = 62; Checkpoint: j = 63; 
Checkpoint: i = 7
Checkpoint: j = 0; Checkpoint: j = 1; Checkpoint: j = 2; Checkpoint: j = 3; Checkpoint: j = 4; Checkpoint: j = 5; Checkpoint: j = 6; Checkpoint: j = 7; Checkpoint: j = 8; Checkpoint: j = 9; Checkpoint: j = 10; Checkpoint: j = 11; Checkpoint: j = 12; Checkpoint: j = 13; Checkpoint: j = 14; Checkpoint: j = 15; Checkpoint: j = 16; Checkpoint: j = 17; Checkpoint: j = 18; Checkpoint: j = 19; Checkpoint: j = 20; Checkpoint: j = 21; Checkpoint: j = 22; Checkpoint: j = 23; Checkpoint: j = 24; Checkpoint: j = 25; Checkpoint: j = 26; Checkpoint: j = 27; Checkpoint: j = 28; Checkpoint: j = 29; Checkpoint: j = 30; Checkpoint: j = 31; Checkpoint: j = 32; Checkpoint: j = 33; Checkpoint: j = 34; Checkpoint: j = 35; Checkpoint: j = 36; Checkpoint: j = 37; Checkpoint: j = 38; Checkpoint: j = 39; Checkpoint: j = 40; Checkpoint: j = 41; Checkpoint: j = 42; Checkpoint: j = 43; Checkpoint: j = 44; Checkpoint: j = 45; Checkpoint: j = 46; Checkpoint: j = 47; Checkpoint: j = 48; Checkpoint: j = 49; Checkpoint: j = 50; Checkpoint: j = 51; Checkpoint: j = 52; Checkpoint: j = 53; Checkpoint: j = 54; Checkpoint: j = 55; Checkpoint: j = 56; Checkpoint: j = 57; Checkpoint: j = 58; Checkpoint: j = 59; Checkpoint: j = 60; Checkpoint: j = 61; Checkpoint: j = 62; Checkpoint: j = 63; 
Checkpoint: i = 8
Checkpoint: j = 0; Checkpoint: j = 1; Checkpoint: j = 2; Checkpoint: j = 3; Checkpoint: j = 4; Checkpoint: j = 5; Checkpoint: j = 6; Checkpoint: j = 7; Checkpoint: j = 8; Checkpoint: j = 9; Checkpoint: j = 10; Checkpoint: j = 11; Checkpoint: j = 12; Checkpoint: j = 13; Checkpoint: j = 14; Checkpoint: j = 15; Checkpoint: j = 16; Checkpoint: j = 17; Checkpoint: j = 18; Checkpoint: j = 19; Checkpoint: j = 20; Checkpoint: j = 21; Checkpoint: j = 22; Checkpoint: j = 23; Checkpoint: j = 24; Checkpoint: j = 25; Checkpoint: j = 26; Checkpoint: j = 27; Checkpoint: j = 28; Checkpoint: j = 29; Checkpoint: j = 30; Checkpoint: j = 31; Checkpoint: j = 32; Checkpoint: j = 33; Checkpoint: j = 34; Checkpoint: j = 35; Checkpoint: j = 36; Checkpoint: j = 37; Checkpoint: j = 38; Checkpoint: j = 39; Checkpoint: j = 40; Checkpoint: j = 41; Checkpoint: j = 42; Checkpoint: j = 43; Checkpoint: j = 44; Checkpoint: j = 45; Checkpoint: j = 46; Checkpoint: j = 47; Checkpoint: j = 48; Checkpoint: j = 49; Checkpoint: j = 50; Checkpoint: j = 51; Checkpoint: j = 52; Checkpoint: j = 53; Checkpoint: j = 54; Checkpoint: j = 55; Checkpoint: j = 56; Checkpoint: j = 57; Checkpoint: j = 58; Checkpoint: j = 59; Checkpoint: j = 60; Checkpoint: j = 61; Checkpoint: j = 62; Checkpoint: j = 63; 
Checkpoint: i = 9
Checkpoint: j = 0; Checkpoint: j = 1; Checkpoint: j = 2; Checkpoint: j = 3; Checkpoint: j = 4; Checkpoint: j = 5; Checkpoint: j = 6; Checkpoint: j = 7; Checkpoint: j = 8; Checkpoint: j = 9; Checkpoint: j = 10; Checkpoint: j = 11; Checkpoint: j = 12; Checkpoint: j = 13; Checkpoint: j = 14; Checkpoint: j = 15; Checkpoint: j = 16; Checkpoint: j = 17; Checkpoint: j = 18; Checkpoint: j = 19; Checkpoint: j = 20; Checkpoint: j = 21; Checkpoint: j = 22; Checkpoint: j = 23; Checkpoint: j = 24; Checkpoint: j = 25; Checkpoint: j = 26; Checkpoint: j = 27; Checkpoint: j = 28; Checkpoint: j = 29; Checkpoint: j = 30; Checkpoint: j = 31; Checkpoint: j = 32; Checkpoint: j = 33; Checkpoint: j = 34; Checkpoint: j = 35; Checkpoint: j = 36; Checkpoint: j = 37; Checkpoint: j = 38; Checkpoint: j = 39; Checkpoint: j = 40; Checkpoint: j = 41; Checkpoint: j = 42; Checkpoint: j = 43; Checkpoint: j = 44; Checkpoint: j = 45; Checkpoint: j = 46; Checkpoint: j = 47; Checkpoint: j = 48; Checkpoint: j = 49; Checkpoint: j = 50; Checkpoint: j = 51; Checkpoint: j = 52; Checkpoint: j = 53; Checkpoint: j = 54; Checkpoint: j = 55; Checkpoint: j = 56; Checkpoint: j = 57; Checkpoint: j = 58; Checkpoint: j = 59; Checkpoint: j = 60; Checkpoint: j = 61; Checkpoint: j = 62; Checkpoint: j = 63; 
Test passed !
