INFO: [HLS 200-10] Running 'E:/xilinx/xilinx/Vitis_HLS/2022.1/bin/unwrapped/win64.o/vitis_hls.exe'
INFO: [HLS 200-10] For user '陳揚哲' on host 'desktop-gfc63dk' (Windows NT_amd64 version 6.2) on Sun Mar 12 03:24:00 +0800 2023
INFO: [HLS 200-10] In directory 'E:/HLS/Interface_Synthesis/lab4'
Sourcing Tcl script 'E:/HLS/Interface_Synthesis/lab4/axi_interfaces_prj/solution2/export.tcl'
INFO: [HLS 200-1510] Running: source E:/HLS/Interface_Synthesis/lab4/axi_interfaces_prj/solution2/export.tcl
INFO: [HLS 200-1510] Running: open_project axi_interfaces_prj 
INFO: [HLS 200-10] Opening project 'E:/HLS/Interface_Synthesis/lab4/axi_interfaces_prj'.
INFO: [HLS 200-1510] Running: set_top axi_interfaces 
INFO: [HLS 200-1510] Running: add_files axi_interfaces.c 
INFO: [HLS 200-10] Adding design file 'axi_interfaces.c' to the project
INFO: [HLS 200-1510] Running: add_files -tb result.golden.dat -cflags -Wno-unknown-pragmas -csimflags -Wno-unknown-pragmas 
INFO: [HLS 200-10] Adding test bench file 'result.golden.dat' to the project
INFO: [HLS 200-1510] Running: add_files -tb axi_interfaces_test.c -cflags -Wno-unknown-pragmas -csimflags -Wno-unknown-pragmas 
INFO: [HLS 200-10] Adding test bench file 'axi_interfaces_test.c' to the project
INFO: [HLS 200-1510] Running: open_solution solution2 -flow_target vivado 
INFO: [HLS 200-10] Opening solution 'E:/HLS/Interface_Synthesis/lab4/axi_interfaces_prj/solution2'.
INFO: [SYN 201-201] Setting up clock 'default' with a period of 4ns.
INFO: [HLS 200-1611] Setting target device to 'xcvu9p-flgb2104-1-e'
INFO: [HLS 200-1505] Using flow_target 'vivado'
Resolution: For help on HLS 200-1505 see www.xilinx.com/cgi-bin/docs/rdoc?v=2022.1;t=hls+guidance;d=200-1505.html
INFO: [HLS 200-1464] Running solution command: config_interface -m_axi_latency=0
INFO: [HLS 200-1510] Running: set_part xcvu9p-flgb2104-1-e 
INFO: [HLS 200-1510] Running: create_clock -period 4 -name default 
INFO: [HLS 200-1510] Running: config_interface -m_axi_latency 0 
INFO: [HLS 200-1510] Running: source ./axi_interfaces_prj/solution2/directives.tcl
INFO: [HLS 200-1510] Running: set_directive_array_partition -type cyclic -factor 8 -dim 1 axi_interfaces d_o 
INFO: [HLS 200-1510] Running: set_directive_interface -mode axis -register -register_mode both axi_interfaces d_o 
INFO: [HLS 200-1510] Running: set_directive_array_partition -type cyclic -factor 8 -dim 1 axi_interfaces d_i 
INFO: [HLS 200-1510] Running: set_directive_interface -mode axis -register -register_mode both axi_interfaces d_i 
INFO: [HLS 200-1510] Running: set_directive_unroll -factor 8 axi_interfaces/For_Loop 
INFO: [HLS 200-1510] Running: set_directive_pipeline -rewind axi_interfaces/For_Loop 
INFO: [HLS 200-1510] Running: set_directive_top -name axi_interfaces axi_interfaces 
INFO: [HLS 200-1510] Running: set_directive_interface -mode s_axilite axi_interfaces 
INFO: [HLS 200-1510] Running: export_design -rtl verilog -format ip_catalog 
INFO: [IMPL 213-8] Exporting RTL as a Vivado IP.

****** Vivado v2022.1 (64-bit)
  **** SW Build 3526262 on Mon Apr 18 15:48:16 MDT 2022
  **** IP Build 3524634 on Mon Apr 18 20:55:01 MDT 2022
    ** Copyright 1986-2022 Xilinx, Inc. All Rights Reserved.

source run_ippack.tcl -notrace
ipx::create_core: Time (s): cpu = 00:00:04 ; elapsed = 00:00:06 . Memory (MB): peak = 1410.973 ; gain = 0.000
INFO: [IP_Flow 19-234] Refreshing IP repositories
INFO: [IP_Flow 19-1704] No user IP repositories specified
INFO: [IP_Flow 19-2313] Loaded Vivado IP repository 'E:/xilinx/xilinx/Vivado/2022.1/data/ip'.
INFO: [Common 17-206] Exiting Vivado at Sun Mar 12 03:24:51 2023...
INFO: [HLS 200-802] Generated output file axi_interfaces_prj/solution2/impl/export.zip
INFO: [HLS 200-111] Finished Command export_design CPU user time: 1 seconds. CPU system time: 1 seconds. Elapsed time: 50.267 seconds; current allocated memory: 0.000 MB.
INFO: [HLS 200-112] Total CPU user time: 7 seconds. Total CPU system time: 3 seconds. Total elapsed time: 56.712 seconds; peak allocated memory: 1.390 GB.
