

================================================================
== Synthesis Summary Report of 'dft'
================================================================
+ General Information: 
    * Date:           Thu Mar 30 10:49:11 2023
    * Version:        2022.1 (Build 3526262 on Mon Apr 18 15:48:16 MDT 2022)
    * Project:        DFT_256_LookUpTable
    * Solution:       solution1 (Vivado IP Flow Target)
    * Product family: zynq
    * Target device:  xc7z020-clg400-1
    

+ Performance & Resource Estimates: 
    
    PS: '+' for module; 'o' for loop; '*' for dataflow
    +--------------------+------+------+---------+-----------+----------+---------+------+----------+--------+---------+-----------+-----------+-----+
    |       Modules      | Issue|      | Latency |  Latency  | Iteration|         | Trip |          |        |         |           |           |     |
    |       & Loops      | Type | Slack| (cycles)|    (ns)   |  Latency | Interval| Count| Pipelined|  BRAM  |   DSP   |     FF    |    LUT    | URAM|
    +--------------------+------+------+---------+-----------+----------+---------+------+----------+--------+---------+-----------+-----------+-----+
    |+ dft               |     -|  0.04|  1050115|  1.050e+07|         -|  1050116|     -|        no|  6 (2%)|  16 (7%)|  1500 (1%)|  2509 (4%)|    -|
    | o READ_LOOP        |     -|  7.30|      512|  5.120e+03|         2|        -|   256|        no|       -|        -|          -|          -|    -|
    | o DFT_OUTER_LOOP   |     -|  7.30|  1049088|  1.049e+07|      4098|        -|   256|        no|       -|        -|          -|          -|    -|
    |  o DFT_INNER_LOOP  |     -|  7.30|     4096|  4.096e+04|        16|        -|   256|        no|       -|        -|          -|          -|    -|
    | o WRITE_LOOP       |     -|  7.30|      512|  5.120e+03|         2|        -|   256|        no|       -|        -|          -|          -|    -|
    +--------------------+------+------+---------+-----------+----------+---------+------+----------+--------+---------+-----------+-----------+-----+


================================================================
== HW Interfaces
================================================================
* AP_MEMORY
+----------------------+----------+
| Interface            | Bitwidth |
+----------------------+----------+
| imag_sample_address0 | 8        |
| imag_sample_d0       | 32       |
| imag_sample_q0       | 32       |
| real_sample_address0 | 8        |
| real_sample_d0       | 32       |
| real_sample_q0       | 32       |
+----------------------+----------+

* TOP LEVEL CONTROL
+-----------+------------+-----------------------------------+
| Interface | Type       | Ports                             |
+-----------+------------+-----------------------------------+
| ap_clk    | clock      | ap_clk                            |
| ap_rst    | reset      | ap_rst                            |
| ap_ctrl   | ap_ctrl_hs | ap_done ap_idle ap_ready ap_start |
+-----------+------------+-----------------------------------+


================================================================
== SW I/O Information
================================================================
* Top Function Arguments
+-------------+-----------+----------+
| Argument    | Direction | Datatype |
+-------------+-----------+----------+
| real_sample | inout     | float*   |
| imag_sample | inout     | float*   |
+-------------+-----------+----------+

* SW-to-HW Mapping
+-------------+----------------------+---------+----------+
| Argument    | HW Interface         | HW Type | HW Usage |
+-------------+----------------------+---------+----------+
| real_sample | real_sample_address0 | port    | offset   |
| real_sample | real_sample_ce0      | port    |          |
| real_sample | real_sample_we0      | port    |          |
| real_sample | real_sample_d0       | port    |          |
| real_sample | real_sample_q0       | port    |          |
| imag_sample | imag_sample_address0 | port    | offset   |
| imag_sample | imag_sample_ce0      | port    |          |
| imag_sample | imag_sample_we0      | port    |          |
| imag_sample | imag_sample_d0       | port    |          |
| imag_sample | imag_sample_q0       | port    |          |
+-------------+----------------------+---------+----------+


================================================================
== Bind Op Report
================================================================
+-----------------------------------------+-----+--------+----------+------+---------+---------+
| Name                                    | DSP | Pragma | Variable | Op   | Impl    | Latency |
+-----------------------------------------+-----+--------+----------+------+---------+---------+
| + dft                                   | 16  |        |          |      |         |         |
|   add_ln10_fu_318_p2                    | -   |        | add_ln10 | add  | fabric  | 0       |
|   add_ln24_fu_363_p2                    | -   |        | add_ln24 | add  | fabric  | 0       |
|   add_ln28_fu_386_p2                    | -   |        | add_ln28 | add  | fabric  | 0       |
|   add_ln29_fu_392_p2                    | -   |        | add_ln29 | add  | fabric  | 0       |
|   fmul_32ns_32ns_32_4_max_dsp_1_U3      | 3   |        | mul10_i  | fmul | maxdsp  | 3       |
|   fmul_32ns_32ns_32_4_max_dsp_1_U4      | 3   |        | mul17_i  | fmul | maxdsp  | 3       |
|   faddfsub_32ns_32ns_32_5_full_dsp_1_U1 | 2   |        | sub_i    | fsub | fulldsp | 4       |
|   faddfsub_32ns_32ns_32_5_full_dsp_1_U1 | 2   |        | add_i    | fsub | fulldsp | 4       |
|   fmul_32ns_32ns_32_4_max_dsp_1_U5      | 3   |        | mul26_i  | fmul | maxdsp  | 3       |
|   fmul_32ns_32ns_32_4_max_dsp_1_U6      | 3   |        | mul33_i  | fmul | maxdsp  | 3       |
|   fadd_32ns_32ns_32_5_full_dsp_1_U2     | 2   |        | add34_i  | fadd | fulldsp | 4       |
|   fadd_32ns_32ns_32_5_full_dsp_1_U2     | 2   |        | add37_i  | fadd | fulldsp | 4       |
|   add_ln42_fu_422_p2                    | -   |        | add_ln42 | add  | fabric  | 0       |
+-----------------------------------------+-----+--------+----------+------+---------+---------+


================================================================
== Bind Storage Report
================================================================
+----------------------------+------+------+--------+------------------------+---------+------+---------+
| Name                       | BRAM | URAM | Pragma | Variable               | Storage | Impl | Latency |
+----------------------------+------+------+--------+------------------------+---------+------+---------+
| + dft                      | 6    | 0    |        |                        |         |      |         |
|   real_in_U                | 1    | -    |        | real_in                | ram_1p  | auto | 1       |
|   imag_in_U                | 1    | -    |        | imag_in                | ram_1p  | auto | 1       |
|   real_out_U               | 1    | -    |        | real_out               | ram_1p  | auto | 1       |
|   imag_out_U               | 1    | -    |        | imag_out               | ram_1p  | auto | 1       |
|   cos_coefficients_table_U | 1    | -    |        | cos_coefficients_table | rom_1p  | auto | 1       |
|   sin_coefficients_table_U | 1    | -    |        | sin_coefficients_table | rom_1p  | auto | 1       |
+----------------------------+------+------+--------+------------------------+---------+------+---------+


================================================================
== Pragma Report
================================================================
* Valid Pragma Syntax
+----------+---------+-------------------------------------------------------+
| Type     | Options | Location                                              |
+----------+---------+-------------------------------------------------------+
| pipeline | off     | DFT_256_LookUpTable/solution1/directives.tcl:7 in dft |
+----------+---------+-------------------------------------------------------+


