

================================================================
== Vitis HLS Report for 'array_io'
================================================================
* Date:           Mon Mar 13 01:38:19 2023

* Version:        2022.1 (Build 3526262 on Mon Apr 18 15:48:16 MDT 2022)
* Project:        array_io_prj
* Solution:       solution9 (Vivado IP Flow Target)
* Product family: virtexuplus
* Target device:  xcvu9p-flgb2104-1-e


================================================================
== Performance Estimates
================================================================
+ Timing: 
    * Summary: 
    +--------+---------+----------+------------+
    |  Clock |  Target | Estimated| Uncertainty|
    +--------+---------+----------+------------+
    |ap_clk  |  4.00 ns|  2.581 ns|     1.08 ns|
    +--------+---------+----------+------------+

+ Latency: 
    * Summary: 
    +---------+---------+-----------+-----------+-----+-----+---------+
    |  Latency (cycles) |   Latency (absolute)  |  Interval | Pipeline|
    |   min   |   max   |    min    |    max    | min | max |   Type  |
    +---------+---------+-----------+-----------+-----+-----+---------+
    |       17|       17|  68.000 ns|  68.000 ns|   18|   18|       no|
    +---------+---------+-----------+-----------+-----+-----+---------+

    + Detail: 
        * Instance: 
        N/A

        * Loop: 
        N/A



================================================================
== Utilization Estimates
================================================================
* Summary: 
+---------------------+---------+------+---------+---------+-----+
|         Name        | BRAM_18K|  DSP |    FF   |   LUT   | URAM|
+---------------------+---------+------+---------+---------+-----+
|DSP                  |        -|     -|        -|        -|    -|
|Expression           |        -|     -|        0|     1642|    -|
|FIFO                 |        -|     -|        -|        -|    -|
|Instance             |        -|     -|        -|        -|    -|
|Memory               |        -|     -|        -|        -|    -|
|Multiplexer          |        -|     -|        -|      557|    -|
|Register             |        -|     -|     1242|        -|    -|
+---------------------+---------+------+---------+---------+-----+
|Total                |        0|     0|     1242|     2199|    0|
+---------------------+---------+------+---------+---------+-----+
|Available SLR        |     1440|  2280|   788160|   394080|  320|
+---------------------+---------+------+---------+---------+-----+
|Utilization SLR (%)  |        0|     0|       ~0|       ~0|    0|
+---------------------+---------+------+---------+---------+-----+
|Available            |     4320|  6840|  2364480|  1182240|  960|
+---------------------+---------+------+---------+---------+-----+
|Utilization (%)      |        0|     0|       ~0|       ~0|    0|
+---------------------+---------+------+---------+---------+-----+

+ Detail: 
    * Instance: 
    N/A

    * DSP: 
    N/A

    * Memory: 
    N/A

    * FIFO: 
    N/A

    * Expression: 
    +------------------------+----------+----+---+----+------------+------------+
    |      Variable Name     | Operation| DSP| FF| LUT| Bitwidth P0| Bitwidth P1|
    +------------------------+----------+----+---+----+------------+------------+
    |add_ln67_10_fu_782_p2   |         +|   0|  0|  25|          18|          18|
    |add_ln67_12_fu_804_p2   |         +|   0|  0|  32|          32|          32|
    |add_ln67_13_fu_744_p2   |         +|   0|  0|  24|          17|          17|
    |add_ln67_14_fu_812_p2   |         +|   0|  0|  25|          18|          18|
    |add_ln67_16_fu_898_p2   |         +|   0|  0|  32|          32|          32|
    |add_ln67_17_fu_838_p2   |         +|   0|  0|  24|          17|          17|
    |add_ln67_18_fu_906_p2   |         +|   0|  0|  25|          18|          18|
    |add_ln67_1_fu_580_p2    |         +|   0|  0|  24|          17|          17|
    |add_ln67_20_fu_928_p2   |         +|   0|  0|  32|          32|          32|
    |add_ln67_21_fu_848_p2   |         +|   0|  0|  24|          17|          17|
    |add_ln67_22_fu_936_p2   |         +|   0|  0|  25|          18|          18|
    |add_ln67_24_fu_1002_p2  |         +|   0|  0|  32|          32|          32|
    |add_ln67_25_fu_962_p2   |         +|   0|  0|  24|          17|          17|
    |add_ln67_26_fu_1010_p2  |         +|   0|  0|  25|          18|          18|
    |add_ln67_28_fu_1032_p2  |         +|   0|  0|  32|          32|          32|
    |add_ln67_29_fu_972_p2   |         +|   0|  0|  24|          17|          17|
    |add_ln67_2_fu_678_p2    |         +|   0|  0|  25|          18|          18|
    |add_ln67_30_fu_1040_p2  |         +|   0|  0|  25|          18|          18|
    |add_ln67_4_fu_700_p2    |         +|   0|  0|  32|          32|          32|
    |add_ln67_5_fu_590_p2    |         +|   0|  0|  24|          17|          17|
    |add_ln67_6_fu_708_p2    |         +|   0|  0|  25|          18|          18|
    |add_ln67_8_fu_774_p2    |         +|   0|  0|  32|          32|          32|
    |add_ln67_9_fu_734_p2    |         +|   0|  0|  24|          17|          17|
    |add_ln67_fu_670_p2      |         +|   0|  0|  32|          32|          32|
    |add_ln69_10_fu_640_p2   |         +|   0|  0|  23|          16|          16|
    |add_ln69_11_fu_645_p2   |         +|   0|  0|  23|          16|          16|
    |add_ln69_12_fu_864_p2   |         +|   0|  0|  23|          16|          16|
    |add_ln69_13_fu_873_p2   |         +|   0|  0|  23|          16|          16|
    |add_ln69_14_fu_988_p2   |         +|   0|  0|  23|          16|          16|
    |add_ln69_15_fu_997_p2   |         +|   0|  0|  23|          16|          16|
    |add_ln69_16_fu_560_p2   |         +|   0|  0|  23|          16|          16|
    |add_ln69_17_fu_570_p2   |         +|   0|  0|  23|          16|          16|
    |add_ln69_18_fu_654_p2   |         +|   0|  0|  23|          16|          16|
    |add_ln69_19_fu_664_p2   |         +|   0|  0|  23|          16|          16|
    |add_ln69_1_fu_481_p2    |         +|   0|  0|  23|          16|          16|
    |add_ln69_20_fu_878_p2   |         +|   0|  0|  23|          16|          16|
    |add_ln69_21_fu_884_p2   |         +|   0|  0|  23|          16|          16|
    |add_ln69_22_fu_1062_p2  |         +|   0|  0|  23|          16|          16|
    |add_ln69_23_fu_1067_p2  |         +|   0|  0|  23|          16|          16|
    |add_ln69_24_fu_1072_p2  |         +|   0|  0|  23|          16|          16|
    |add_ln69_25_fu_1076_p2  |         +|   0|  0|  23|          16|          16|
    |add_ln69_26_fu_1080_p2  |         +|   0|  0|  23|          16|          16|
    |add_ln69_27_fu_1084_p2  |         +|   0|  0|  23|          16|          16|
    |add_ln69_28_fu_1088_p2  |         +|   0|  0|  23|          16|          16|
    |add_ln69_29_fu_1093_p2  |         +|   0|  0|  23|          16|          16|
    |add_ln69_2_fu_496_p2    |         +|   0|  0|  23|          16|          16|
    |add_ln69_30_fu_1098_p2  |         +|   0|  0|  23|          16|          16|
    |add_ln69_31_fu_1103_p2  |         +|   0|  0|  23|          16|          16|
    |add_ln69_3_fu_511_p2    |         +|   0|  0|  23|          16|          16|
    |add_ln69_4_fu_526_p2    |         +|   0|  0|  23|          16|          16|
    |add_ln69_5_fu_540_p2    |         +|   0|  0|  23|          16|          16|
    |add_ln69_6_fu_612_p2    |         +|   0|  0|  23|          16|          16|
    |add_ln69_7_fu_626_p2    |         +|   0|  0|  23|          16|          16|
    |add_ln69_8_fu_546_p2    |         +|   0|  0|  23|          16|          16|
    |add_ln69_9_fu_551_p2    |         +|   0|  0|  23|          16|          16|
    |add_ln69_fu_466_p2      |         +|   0|  0|  23|          16|          16|
    |temp_1_fu_718_p2        |         +|   0|  0|  32|          32|          32|
    |temp_2_fu_792_p2        |         +|   0|  0|  32|          32|          32|
    |temp_3_fu_822_p2        |         +|   0|  0|  32|          32|          32|
    |temp_4_fu_916_p2        |         +|   0|  0|  32|          32|          32|
    |temp_5_fu_946_p2        |         +|   0|  0|  32|          32|          32|
    |temp_6_fu_1020_p2       |         +|   0|  0|  32|          32|          32|
    |temp_7_fu_1050_p2       |         +|   0|  0|  32|          32|          32|
    |temp_fu_688_p2          |         +|   0|  0|  32|          32|          32|
    |ap_block_state10        |        or|   0|  0|   2|           1|           1|
    +------------------------+----------+----+---+----+------------+------------+
    |Total                   |          |   0|  0|1642|        1305|        1305|
    +------------------------+----------+----+---+----+------------+------------+

    * Multiplexer: 
    +----------------+----+-----------+-----+-----------+
    |      Name      | LUT| Input Size| Bits| Total Bits|
    +----------------+----+-----------+-----+-----------+
    |ap_NS_fsm       |  97|         19|    1|         19|
    |d_i_0_address0  |  26|          5|    3|         15|
    |d_i_0_address1  |  26|          5|    3|         15|
    |d_i_1_address0  |  26|          5|    3|         15|
    |d_i_1_address1  |  26|          5|    3|         15|
    |d_i_2_address0  |  26|          5|    3|         15|
    |d_i_2_address1  |  26|          5|    3|         15|
    |d_i_3_address0  |  26|          5|    3|         15|
    |d_i_3_address1  |  26|          5|    3|         15|
    |d_o_0_blk_n     |   9|          2|    1|          2|
    |d_o_0_din       |  81|         17|   16|        272|
    |d_o_1_blk_n     |   9|          2|    1|          2|
    |d_o_1_din       |  81|         17|   16|        272|
    |reg_402         |   9|          2|   16|         32|
    |reg_407         |   9|          2|   16|         32|
    |reg_412         |   9|          2|   16|         32|
    |reg_417         |   9|          2|   16|         32|
    |reg_422         |   9|          2|   16|         32|
    |reg_427         |   9|          2|   16|         32|
    |reg_432         |   9|          2|   16|         32|
    |reg_437         |   9|          2|   16|         32|
    +----------------+----+-----------+-----+-----------+
    |Total           | 557|        113|  187|        943|
    +----------------+----+-----------+-----+-----------+

    * Register: 
    +-----------------------+----+----+-----+-----------+
    |          Name         | FF | LUT| Bits| Const Bits|
    +-----------------------+----+----+-----+-----------+
    |acc_0                  |  32|   0|   32|          0|
    |acc_1                  |  32|   0|   32|          0|
    |acc_2                  |  32|   0|   32|          0|
    |acc_3                  |  32|   0|   32|          0|
    |acc_4                  |  32|   0|   32|          0|
    |acc_5                  |  32|   0|   32|          0|
    |acc_6                  |  32|   0|   32|          0|
    |acc_7                  |  32|   0|   32|          0|
    |add_ln67_13_reg_1415   |  17|   0|   17|          0|
    |add_ln67_17_reg_1430   |  17|   0|   17|          0|
    |add_ln67_1_reg_1327    |  17|   0|   17|          0|
    |add_ln67_21_reg_1435   |  17|   0|   17|          0|
    |add_ln67_25_reg_1472   |  17|   0|   17|          0|
    |add_ln67_29_reg_1477   |  17|   0|   17|          0|
    |add_ln67_5_reg_1337    |  17|   0|   17|          0|
    |add_ln67_9_reg_1405    |  17|   0|   17|          0|
    |add_ln69_10_reg_1368   |  16|   0|   16|          0|
    |add_ln69_11_reg_1373   |  16|   0|   16|          0|
    |add_ln69_12_reg_1450   |  16|   0|   16|          0|
    |add_ln69_13_reg_1455   |  16|   0|   16|          0|
    |add_ln69_14_reg_1482   |  16|   0|   16|          0|
    |add_ln69_15_reg_1488   |  16|   0|   16|          0|
    |add_ln69_16_reg_1300   |  16|   0|   16|          0|
    |add_ln69_17_reg_1306   |  16|   0|   16|          0|
    |add_ln69_18_reg_1378   |  16|   0|   16|          0|
    |add_ln69_19_reg_1384   |  16|   0|   16|          0|
    |add_ln69_1_reg_1149    |  16|   0|   16|          0|
    |add_ln69_20_reg_1460   |  16|   0|   16|          0|
    |add_ln69_21_reg_1466   |  16|   0|   16|          0|
    |add_ln69_22_reg_1494   |  16|   0|   16|          0|
    |add_ln69_23_reg_1500   |  16|   0|   16|          0|
    |add_ln69_24_reg_1506   |  16|   0|   16|          0|
    |add_ln69_25_reg_1511   |  16|   0|   16|          0|
    |add_ln69_26_reg_1516   |  16|   0|   16|          0|
    |add_ln69_27_reg_1521   |  16|   0|   16|          0|
    |add_ln69_28_reg_1526   |  16|   0|   16|          0|
    |add_ln69_29_reg_1531   |  16|   0|   16|          0|
    |add_ln69_2_reg_1187    |  16|   0|   16|          0|
    |add_ln69_30_reg_1536   |  16|   0|   16|          0|
    |add_ln69_31_reg_1541   |  16|   0|   16|          0|
    |add_ln69_3_reg_1195    |  16|   0|   16|          0|
    |add_ln69_4_reg_1255    |  16|   0|   16|          0|
    |add_ln69_5_reg_1263    |  16|   0|   16|          0|
    |add_ln69_6_reg_1355    |  16|   0|   16|          0|
    |add_ln69_7_reg_1363    |  16|   0|   16|          0|
    |add_ln69_8_reg_1280    |  16|   0|   16|          0|
    |add_ln69_9_reg_1285    |  16|   0|   16|          0|
    |add_ln69_reg_1141      |  16|   0|   16|          0|
    |ap_CS_fsm              |  18|   0|   18|          0|
    |d_i_0_load_1_reg_1200  |  16|   0|   16|          0|
    |d_i_0_load_6_reg_1322  |  16|   0|   16|          0|
    |d_i_1_load_1_reg_1206  |  16|   0|   16|          0|
    |d_i_1_load_6_reg_1332  |  16|   0|   16|          0|
    |d_i_2_load_1_reg_1268  |  16|   0|   16|          0|
    |d_i_2_load_6_reg_1400  |  16|   0|   16|          0|
    |d_i_3_load_1_reg_1274  |  16|   0|   16|          0|
    |d_i_3_load_6_reg_1410  |  16|   0|   16|          0|
    |reg_402                |  16|   0|   16|          0|
    |reg_407                |  16|   0|   16|          0|
    |reg_412                |  16|   0|   16|          0|
    |reg_417                |  16|   0|   16|          0|
    |reg_422                |  16|   0|   16|          0|
    |reg_427                |  16|   0|   16|          0|
    |reg_432                |  16|   0|   16|          0|
    |reg_437                |  16|   0|   16|          0|
    |reg_442                |  16|   0|   16|          0|
    |reg_446                |  16|   0|   16|          0|
    |reg_450                |  16|   0|   16|          0|
    |reg_454                |  16|   0|   16|          0|
    +-----------------------+----+----+-----+-----------+
    |Total                  |1242|   0| 1242|          0|
    +-----------------------+----+----+-----+-----------+



================================================================
== Interface
================================================================
* Summary: 
+----------------+-----+-----+------------+--------------+--------------+
|    RTL Ports   | Dir | Bits|  Protocol  | Source Object|    C Type    |
+----------------+-----+-----+------------+--------------+--------------+
|ap_clk          |   in|    1|  ap_ctrl_hs|      array_io|  return value|
|ap_rst          |   in|    1|  ap_ctrl_hs|      array_io|  return value|
|ap_start        |   in|    1|  ap_ctrl_hs|      array_io|  return value|
|ap_done         |  out|    1|  ap_ctrl_hs|      array_io|  return value|
|ap_idle         |  out|    1|  ap_ctrl_hs|      array_io|  return value|
|ap_ready        |  out|    1|  ap_ctrl_hs|      array_io|  return value|
|d_o_0_din       |  out|   16|     ap_fifo|         d_o_0|       pointer|
|d_o_0_full_n    |   in|    1|     ap_fifo|         d_o_0|       pointer|
|d_o_0_write     |  out|    1|     ap_fifo|         d_o_0|       pointer|
|d_o_1_din       |  out|   16|     ap_fifo|         d_o_1|       pointer|
|d_o_1_full_n    |   in|    1|     ap_fifo|         d_o_1|       pointer|
|d_o_1_write     |  out|    1|     ap_fifo|         d_o_1|       pointer|
|d_i_0_address0  |  out|    3|   ap_memory|         d_i_0|         array|
|d_i_0_ce0       |  out|    1|   ap_memory|         d_i_0|         array|
|d_i_0_q0        |   in|   16|   ap_memory|         d_i_0|         array|
|d_i_0_address1  |  out|    3|   ap_memory|         d_i_0|         array|
|d_i_0_ce1       |  out|    1|   ap_memory|         d_i_0|         array|
|d_i_0_q1        |   in|   16|   ap_memory|         d_i_0|         array|
|d_i_1_address0  |  out|    3|   ap_memory|         d_i_1|         array|
|d_i_1_ce0       |  out|    1|   ap_memory|         d_i_1|         array|
|d_i_1_q0        |   in|   16|   ap_memory|         d_i_1|         array|
|d_i_1_address1  |  out|    3|   ap_memory|         d_i_1|         array|
|d_i_1_ce1       |  out|    1|   ap_memory|         d_i_1|         array|
|d_i_1_q1        |   in|   16|   ap_memory|         d_i_1|         array|
|d_i_2_address0  |  out|    3|   ap_memory|         d_i_2|         array|
|d_i_2_ce0       |  out|    1|   ap_memory|         d_i_2|         array|
|d_i_2_q0        |   in|   16|   ap_memory|         d_i_2|         array|
|d_i_2_address1  |  out|    3|   ap_memory|         d_i_2|         array|
|d_i_2_ce1       |  out|    1|   ap_memory|         d_i_2|         array|
|d_i_2_q1        |   in|   16|   ap_memory|         d_i_2|         array|
|d_i_3_address0  |  out|    3|   ap_memory|         d_i_3|         array|
|d_i_3_ce0       |  out|    1|   ap_memory|         d_i_3|         array|
|d_i_3_q0        |   in|   16|   ap_memory|         d_i_3|         array|
|d_i_3_address1  |  out|    3|   ap_memory|         d_i_3|         array|
|d_i_3_ce1       |  out|    1|   ap_memory|         d_i_3|         array|
|d_i_3_q1        |   in|   16|   ap_memory|         d_i_3|         array|
+----------------+-----+-----+------------+--------------+--------------+

