

================================================================
== Vitis HLS Report for 'array_io'
================================================================
* Date:           Mon Mar 13 01:37:29 2023

* Version:        2022.1 (Build 3526262 on Mon Apr 18 15:48:16 MDT 2022)
* Project:        array_io_prj
* Solution:       solution8 (Vivado IP Flow Target)
* Product family: virtexuplus
* Target device:  xcvu9p-flgb2104-1-e


================================================================
== Performance Estimates
================================================================
+ Timing: 
    * Summary: 
    +--------+---------+----------+------------+
    |  Clock |  Target | Estimated| Uncertainty|
    +--------+---------+----------+------------+
    |ap_clk  |  4.00 ns|  2.581 ns|     1.08 ns|
    +--------+---------+----------+------------+

+ Latency: 
    * Summary: 
    +---------+---------+-----------+-----------+-----+-----+---------+
    |  Latency (cycles) |   Latency (absolute)  |  Interval | Pipeline|
    |   min   |   max   |    min    |    max    | min | max |   Type  |
    +---------+---------+-----------+-----------+-----+-----+---------+
    |        9|        9|  36.000 ns|  36.000 ns|   10|   10|       no|
    +---------+---------+-----------+-----------+-----+-----+---------+

    + Detail: 
        * Instance: 
        N/A

        * Loop: 
        N/A



================================================================
== Utilization Estimates
================================================================
* Summary: 
+---------------------+---------+------+---------+---------+-----+
|         Name        | BRAM_18K|  DSP |    FF   |   LUT   | URAM|
+---------------------+---------+------+---------+---------+-----+
|DSP                  |        -|     -|        -|        -|    -|
|Expression           |        -|     -|        0|     1642|    -|
|FIFO                 |        -|     -|        -|        -|    -|
|Instance             |        -|     -|        -|        -|    -|
|Memory               |        -|     -|        -|        -|    -|
|Multiplexer          |        -|     -|        -|      535|    -|
|Register             |        -|     -|     1234|        -|    -|
+---------------------+---------+------+---------+---------+-----+
|Total                |        0|     0|     1234|     2177|    0|
+---------------------+---------+------+---------+---------+-----+
|Available SLR        |     1440|  2280|   788160|   394080|  320|
+---------------------+---------+------+---------+---------+-----+
|Utilization SLR (%)  |        0|     0|       ~0|       ~0|    0|
+---------------------+---------+------+---------+---------+-----+
|Available            |     4320|  6840|  2364480|  1182240|  960|
+---------------------+---------+------+---------+---------+-----+
|Utilization (%)      |        0|     0|       ~0|       ~0|    0|
+---------------------+---------+------+---------+---------+-----+

+ Detail: 
    * Instance: 
    N/A

    * DSP: 
    N/A

    * Memory: 
    N/A

    * FIFO: 
    N/A

    * Expression: 
    +------------------------+----------+----+---+----+------------+------------+
    |      Variable Name     | Operation| DSP| FF| LUT| Bitwidth P0| Bitwidth P1|
    +------------------------+----------+----+---+----+------------+------------+
    |add_ln67_10_fu_812_p2   |         +|   0|  0|  25|          18|          18|
    |add_ln67_12_fu_834_p2   |         +|   0|  0|  32|          32|          32|
    |add_ln67_13_fu_672_p2   |         +|   0|  0|  24|          17|          17|
    |add_ln67_14_fu_842_p2   |         +|   0|  0|  25|          18|          18|
    |add_ln67_16_fu_952_p2   |         +|   0|  0|  32|          32|          32|
    |add_ln67_17_fu_868_p2   |         +|   0|  0|  24|          17|          17|
    |add_ln67_18_fu_960_p2   |         +|   0|  0|  25|          18|          18|
    |add_ln67_1_fu_624_p2    |         +|   0|  0|  24|          17|          17|
    |add_ln67_20_fu_982_p2   |         +|   0|  0|  32|          32|          32|
    |add_ln67_21_fu_884_p2   |         +|   0|  0|  24|          17|          17|
    |add_ln67_22_fu_990_p2   |         +|   0|  0|  25|          18|          18|
    |add_ln67_24_fu_1012_p2  |         +|   0|  0|  32|          32|          32|
    |add_ln67_25_fu_900_p2   |         +|   0|  0|  24|          17|          17|
    |add_ln67_26_fu_1020_p2  |         +|   0|  0|  25|          18|          18|
    |add_ln67_28_fu_1042_p2  |         +|   0|  0|  32|          32|          32|
    |add_ln67_29_fu_916_p2   |         +|   0|  0|  24|          17|          17|
    |add_ln67_2_fu_752_p2    |         +|   0|  0|  25|          18|          18|
    |add_ln67_30_fu_1050_p2  |         +|   0|  0|  25|          18|          18|
    |add_ln67_4_fu_774_p2    |         +|   0|  0|  32|          32|          32|
    |add_ln67_5_fu_640_p2    |         +|   0|  0|  24|          17|          17|
    |add_ln67_6_fu_782_p2    |         +|   0|  0|  25|          18|          18|
    |add_ln67_8_fu_804_p2    |         +|   0|  0|  32|          32|          32|
    |add_ln67_9_fu_656_p2    |         +|   0|  0|  24|          17|          17|
    |add_ln67_fu_744_p2      |         +|   0|  0|  32|          32|          32|
    |add_ln69_10_fu_560_p2   |         +|   0|  0|  23|          16|          16|
    |add_ln69_11_fu_564_p2   |         +|   0|  0|  23|          16|          16|
    |add_ln69_12_fu_568_p2   |         +|   0|  0|  23|          16|          16|
    |add_ln69_13_fu_572_p2   |         +|   0|  0|  23|          16|          16|
    |add_ln69_14_fu_576_p2   |         +|   0|  0|  23|          16|          16|
    |add_ln69_15_fu_580_p2   |         +|   0|  0|  23|          16|          16|
    |add_ln69_16_fu_588_p2   |         +|   0|  0|  23|          16|          16|
    |add_ln69_17_fu_597_p2   |         +|   0|  0|  23|          16|          16|
    |add_ln69_18_fu_606_p2   |         +|   0|  0|  23|          16|          16|
    |add_ln69_19_fu_615_p2   |         +|   0|  0|  23|          16|          16|
    |add_ln69_1_fu_462_p2    |         +|   0|  0|  23|          16|          16|
    |add_ln69_20_fu_712_p2   |         +|   0|  0|  23|          16|          16|
    |add_ln69_21_fu_721_p2   |         +|   0|  0|  23|          16|          16|
    |add_ln69_22_fu_730_p2   |         +|   0|  0|  23|          16|          16|
    |add_ln69_23_fu_739_p2   |         +|   0|  0|  23|          16|          16|
    |add_ln69_24_fu_630_p2   |         +|   0|  0|  23|          16|          16|
    |add_ln69_25_fu_646_p2   |         +|   0|  0|  23|          16|          16|
    |add_ln69_26_fu_662_p2   |         +|   0|  0|  23|          16|          16|
    |add_ln69_27_fu_678_p2   |         +|   0|  0|  23|          16|          16|
    |add_ln69_28_fu_874_p2   |         +|   0|  0|  23|          16|          16|
    |add_ln69_29_fu_890_p2   |         +|   0|  0|  23|          16|          16|
    |add_ln69_2_fu_476_p2    |         +|   0|  0|  23|          16|          16|
    |add_ln69_30_fu_906_p2   |         +|   0|  0|  23|          16|          16|
    |add_ln69_31_fu_922_p2   |         +|   0|  0|  23|          16|          16|
    |add_ln69_3_fu_490_p2    |         +|   0|  0|  23|          16|          16|
    |add_ln69_4_fu_504_p2    |         +|   0|  0|  23|          16|          16|
    |add_ln69_5_fu_518_p2    |         +|   0|  0|  23|          16|          16|
    |add_ln69_6_fu_532_p2    |         +|   0|  0|  23|          16|          16|
    |add_ln69_7_fu_546_p2    |         +|   0|  0|  23|          16|          16|
    |add_ln69_8_fu_552_p2    |         +|   0|  0|  23|          16|          16|
    |add_ln69_9_fu_556_p2    |         +|   0|  0|  23|          16|          16|
    |add_ln69_fu_448_p2      |         +|   0|  0|  23|          16|          16|
    |temp_1_fu_792_p2        |         +|   0|  0|  32|          32|          32|
    |temp_2_fu_822_p2        |         +|   0|  0|  32|          32|          32|
    |temp_3_fu_852_p2        |         +|   0|  0|  32|          32|          32|
    |temp_4_fu_970_p2        |         +|   0|  0|  32|          32|          32|
    |temp_5_fu_1000_p2       |         +|   0|  0|  32|          32|          32|
    |temp_6_fu_1030_p2       |         +|   0|  0|  32|          32|          32|
    |temp_7_fu_1060_p2       |         +|   0|  0|  32|          32|          32|
    |temp_fu_762_p2          |         +|   0|  0|  32|          32|          32|
    |ap_block_state10        |        or|   0|  0|   2|           1|           1|
    +------------------------+----------+----+---+----+------------+------------+
    |Total                   |          |   0|  0|1642|        1305|        1305|
    +------------------------+----------+----+---+----+------------+------------+

    * Multiplexer: 
    +----------------+----+-----------+-----+-----------+
    |      Name      | LUT| Input Size| Bits| Total Bits|
    +----------------+----+-----------+-----+-----------+
    |ap_NS_fsm       |  59|         11|    1|         11|
    |d_i_0_address0  |  26|          5|    3|         15|
    |d_i_0_address1  |  26|          5|    3|         15|
    |d_i_1_address0  |  26|          5|    3|         15|
    |d_i_1_address1  |  26|          5|    3|         15|
    |d_i_2_address0  |  26|          5|    3|         15|
    |d_i_2_address1  |  26|          5|    3|         15|
    |d_i_3_address0  |  26|          5|    3|         15|
    |d_i_3_address1  |  26|          5|    3|         15|
    |d_o_0_blk_n     |   9|          2|    1|          2|
    |d_o_0_din       |  49|          9|   16|        144|
    |d_o_1_blk_n     |   9|          2|    1|          2|
    |d_o_1_din       |  49|          9|   16|        144|
    |d_o_2_blk_n     |   9|          2|    1|          2|
    |d_o_2_din       |  49|          9|   16|        144|
    |d_o_3_blk_n     |   9|          2|    1|          2|
    |d_o_3_din       |  49|          9|   16|        144|
    |reg_420         |   9|          2|   16|         32|
    |reg_425         |   9|          2|   16|         32|
    |reg_430         |   9|          2|   16|         32|
    |reg_435         |   9|          2|   16|         32|
    +----------------+----+-----------+-----+-----------+
    |Total           | 535|        103|  157|        843|
    +----------------+----+-----------+-----+-----------+

    * Register: 
    +-----------------------+----+----+-----+-----------+
    |          Name         | FF | LUT| Bits| Const Bits|
    +-----------------------+----+----+-----+-----------+
    |acc_0                  |  32|   0|   32|          0|
    |acc_1                  |  32|   0|   32|          0|
    |acc_2                  |  32|   0|   32|          0|
    |acc_3                  |  32|   0|   32|          0|
    |acc_4                  |  32|   0|   32|          0|
    |acc_5                  |  32|   0|   32|          0|
    |acc_6                  |  32|   0|   32|          0|
    |acc_7                  |  32|   0|   32|          0|
    |add_ln67_13_reg_1470   |  17|   0|   17|          0|
    |add_ln67_17_reg_1520   |  17|   0|   17|          0|
    |add_ln67_1_reg_1440    |  17|   0|   17|          0|
    |add_ln67_21_reg_1530   |  17|   0|   17|          0|
    |add_ln67_25_reg_1540   |  17|   0|   17|          0|
    |add_ln67_29_reg_1550   |  17|   0|   17|          0|
    |add_ln67_5_reg_1450    |  17|   0|   17|          0|
    |add_ln67_9_reg_1460    |  17|   0|   17|          0|
    |add_ln69_10_reg_1320   |  16|   0|   16|          0|
    |add_ln69_11_reg_1326   |  16|   0|   16|          0|
    |add_ln69_12_reg_1396   |  16|   0|   16|          0|
    |add_ln69_13_reg_1402   |  16|   0|   16|          0|
    |add_ln69_14_reg_1408   |  16|   0|   16|          0|
    |add_ln69_15_reg_1414   |  16|   0|   16|          0|
    |add_ln69_16_reg_1420   |  16|   0|   16|          0|
    |add_ln69_17_reg_1425   |  16|   0|   16|          0|
    |add_ln69_18_reg_1430   |  16|   0|   16|          0|
    |add_ln69_19_reg_1435   |  16|   0|   16|          0|
    |add_ln69_1_reg_1167    |  16|   0|   16|          0|
    |add_ln69_20_reg_1500   |  16|   0|   16|          0|
    |add_ln69_21_reg_1505   |  16|   0|   16|          0|
    |add_ln69_22_reg_1510   |  16|   0|   16|          0|
    |add_ln69_23_reg_1515   |  16|   0|   16|          0|
    |add_ln69_24_reg_1445   |  16|   0|   16|          0|
    |add_ln69_25_reg_1455   |  16|   0|   16|          0|
    |add_ln69_26_reg_1465   |  16|   0|   16|          0|
    |add_ln69_27_reg_1475   |  16|   0|   16|          0|
    |add_ln69_28_reg_1525   |  16|   0|   16|          0|
    |add_ln69_29_reg_1535   |  16|   0|   16|          0|
    |add_ln69_2_reg_1175    |  16|   0|   16|          0|
    |add_ln69_30_reg_1545   |  16|   0|   16|          0|
    |add_ln69_31_reg_1555   |  16|   0|   16|          0|
    |add_ln69_3_reg_1183    |  16|   0|   16|          0|
    |add_ln69_4_reg_1279    |  16|   0|   16|          0|
    |add_ln69_5_reg_1287    |  16|   0|   16|          0|
    |add_ln69_6_reg_1295    |  16|   0|   16|          0|
    |add_ln69_7_reg_1303    |  16|   0|   16|          0|
    |add_ln69_8_reg_1308    |  16|   0|   16|          0|
    |add_ln69_9_reg_1314    |  16|   0|   16|          0|
    |add_ln69_reg_1159      |  16|   0|   16|          0|
    |ap_CS_fsm              |  10|   0|   10|          0|
    |d_i_0_load_1_reg_1188  |  16|   0|   16|          0|
    |d_i_0_load_2_reg_1212  |  16|   0|   16|          0|
    |d_i_0_load_3_reg_1332  |  16|   0|   16|          0|
    |d_i_0_load_reg_1092    |  16|   0|   16|          0|
    |d_i_1_load_1_reg_1194  |  16|   0|   16|          0|
    |d_i_1_load_2_reg_1218  |  16|   0|   16|          0|
    |d_i_1_load_3_reg_1338  |  16|   0|   16|          0|
    |d_i_1_load_reg_1098    |  16|   0|   16|          0|
    |d_i_2_load_1_reg_1200  |  16|   0|   16|          0|
    |d_i_2_load_2_reg_1224  |  16|   0|   16|          0|
    |d_i_2_load_3_reg_1344  |  16|   0|   16|          0|
    |d_i_2_load_reg_1104    |  16|   0|   16|          0|
    |d_i_3_load_1_reg_1206  |  16|   0|   16|          0|
    |d_i_3_load_2_reg_1230  |  16|   0|   16|          0|
    |d_i_3_load_3_reg_1350  |  16|   0|   16|          0|
    |d_i_3_load_reg_1110    |  16|   0|   16|          0|
    |reg_420                |  16|   0|   16|          0|
    |reg_425                |  16|   0|   16|          0|
    |reg_430                |  16|   0|   16|          0|
    |reg_435                |  16|   0|   16|          0|
    +-----------------------+----+----+-----+-----------+
    |Total                  |1234|   0| 1234|          0|
    +-----------------------+----+----+-----+-----------+



================================================================
== Interface
================================================================
* Summary: 
+----------------+-----+-----+------------+--------------+--------------+
|    RTL Ports   | Dir | Bits|  Protocol  | Source Object|    C Type    |
+----------------+-----+-----+------------+--------------+--------------+
|ap_clk          |   in|    1|  ap_ctrl_hs|      array_io|  return value|
|ap_rst          |   in|    1|  ap_ctrl_hs|      array_io|  return value|
|ap_start        |   in|    1|  ap_ctrl_hs|      array_io|  return value|
|ap_done         |  out|    1|  ap_ctrl_hs|      array_io|  return value|
|ap_idle         |  out|    1|  ap_ctrl_hs|      array_io|  return value|
|ap_ready        |  out|    1|  ap_ctrl_hs|      array_io|  return value|
|d_o_0_din       |  out|   16|     ap_fifo|         d_o_0|       pointer|
|d_o_0_full_n    |   in|    1|     ap_fifo|         d_o_0|       pointer|
|d_o_0_write     |  out|    1|     ap_fifo|         d_o_0|       pointer|
|d_o_1_din       |  out|   16|     ap_fifo|         d_o_1|       pointer|
|d_o_1_full_n    |   in|    1|     ap_fifo|         d_o_1|       pointer|
|d_o_1_write     |  out|    1|     ap_fifo|         d_o_1|       pointer|
|d_o_2_din       |  out|   16|     ap_fifo|         d_o_2|       pointer|
|d_o_2_full_n    |   in|    1|     ap_fifo|         d_o_2|       pointer|
|d_o_2_write     |  out|    1|     ap_fifo|         d_o_2|       pointer|
|d_o_3_din       |  out|   16|     ap_fifo|         d_o_3|       pointer|
|d_o_3_full_n    |   in|    1|     ap_fifo|         d_o_3|       pointer|
|d_o_3_write     |  out|    1|     ap_fifo|         d_o_3|       pointer|
|d_i_0_address0  |  out|    3|   ap_memory|         d_i_0|         array|
|d_i_0_ce0       |  out|    1|   ap_memory|         d_i_0|         array|
|d_i_0_q0        |   in|   16|   ap_memory|         d_i_0|         array|
|d_i_0_address1  |  out|    3|   ap_memory|         d_i_0|         array|
|d_i_0_ce1       |  out|    1|   ap_memory|         d_i_0|         array|
|d_i_0_q1        |   in|   16|   ap_memory|         d_i_0|         array|
|d_i_1_address0  |  out|    3|   ap_memory|         d_i_1|         array|
|d_i_1_ce0       |  out|    1|   ap_memory|         d_i_1|         array|
|d_i_1_q0        |   in|   16|   ap_memory|         d_i_1|         array|
|d_i_1_address1  |  out|    3|   ap_memory|         d_i_1|         array|
|d_i_1_ce1       |  out|    1|   ap_memory|         d_i_1|         array|
|d_i_1_q1        |   in|   16|   ap_memory|         d_i_1|         array|
|d_i_2_address0  |  out|    3|   ap_memory|         d_i_2|         array|
|d_i_2_ce0       |  out|    1|   ap_memory|         d_i_2|         array|
|d_i_2_q0        |   in|   16|   ap_memory|         d_i_2|         array|
|d_i_2_address1  |  out|    3|   ap_memory|         d_i_2|         array|
|d_i_2_ce1       |  out|    1|   ap_memory|         d_i_2|         array|
|d_i_2_q1        |   in|   16|   ap_memory|         d_i_2|         array|
|d_i_3_address0  |  out|    3|   ap_memory|         d_i_3|         array|
|d_i_3_ce0       |  out|    1|   ap_memory|         d_i_3|         array|
|d_i_3_q0        |   in|   16|   ap_memory|         d_i_3|         array|
|d_i_3_address1  |  out|    3|   ap_memory|         d_i_3|         array|
|d_i_3_ce1       |  out|    1|   ap_memory|         d_i_3|         array|
|d_i_3_q1        |   in|   16|   ap_memory|         d_i_3|         array|
+----------------+-----+-----+------------+--------------+--------------+

