

================================================================
== Vitis HLS Report for 'dct_2d'
================================================================
* Date:           Mon Mar  6 13:53:04 2023

* Version:        2022.1 (Build 3526262 on Mon Apr 18 15:48:16 MDT 2022)
* Project:        dct_prj
* Solution:       solution5 (Vivado IP Flow Target)
* Product family: zynq
* Target device:  xc7z020-clg400-1


================================================================
== Performance Estimates
================================================================
+ Timing: 
    * Summary: 
    +--------+----------+----------+------------+
    |  Clock |  Target  | Estimated| Uncertainty|
    +--------+----------+----------+------------+
    |ap_clk  |  10.00 ns|  6.508 ns|     2.70 ns|
    +--------+----------+----------+------------+

+ Latency: 
    * Summary: 
    +---------+---------+----------+----------+-----+-----+---------+
    |  Latency (cycles) |  Latency (absolute) |  Interval | Pipeline|
    |   min   |   max   |    min   |    max   | min | max |   Type  |
    +---------+---------+----------+----------+-----+-----+---------+
    |      442|      442|  4.420 us|  4.420 us|  442|  442|       no|
    +---------+---------+----------+----------+-----+-----+---------+

    + Detail: 
        * Instance: 
        N/A

        * Loop: 
        +----------------+---------+---------+----------+-----------+-----------+------+----------+
        |                |  Latency (cycles) | Iteration|  Initiation Interval  | Trip |          |
        |    Loop Name   |   min   |   max   |  Latency |  achieved |   target  | Count| Pipelined|
        +----------------+---------+---------+----------+-----------+-----------+------+----------+
        |- Row_DCT_Loop  |      152|      152|        19|          -|          -|     8|        no|
        |- Col_DCT_Loop  |      152|      152|        19|          -|          -|     8|        no|
        +----------------+---------+---------+----------+-----------+-----------+------+----------+

============================================================
+ Verbose Summary: Synthesis Manager
============================================================
InlineROM: 1
ExposeGlobal: 0
============================================================
+ Verbose Summary: CDFG Model
============================================================
IsTopModel: 0
ResetActiveHigh: 1
IsCombinational: 2
IsDatapathOnly: 0
HasWiredReturn: 1
HasMFsm: 0
HasVarLatency: 1
IsPipeline: 0
IsRtlPipelined: 0
IsInstanceOverlapped: 0
IsDontTouch: 0
HasImplIP: 0
IsGatedGlobalClock: 0


============================================================
+ Verbose Summary: Schedule
============================================================
* Number of FSM states : 9
* Pipeline : 0
* Dataflow Pipeline: 0

* FSM state transitions: 
1 --> 2 
2 --> 3 5 
3 --> 4 
4 --> 2 
5 --> 6 
6 --> 7 9 
7 --> 8 
8 --> 6 
9 --> 

* FSM state operations: 

State 1 <SV = 0> <Delay = 1.58>
ST_1 : Operation 10 [1/1] (0.00ns)   --->   "%i = alloca i32 1"   --->   Operation 10 'alloca' 'i' <Predicate = true> <Delay = 0.00>
ST_1 : Operation 11 [1/1] (0.00ns)   --->   "%row_outbuf = alloca i64 1"   --->   Operation 11 'alloca' 'row_outbuf' <Predicate = true> <Delay = 0.00>
ST_1 : Operation 12 [1/1] (0.00ns)   --->   "%col_outbuf = alloca i64 1"   --->   Operation 12 'alloca' 'col_outbuf' <Predicate = true> <Delay = 0.00>
ST_1 : Operation 13 [1/1] (0.00ns)   --->   "%col_inbuf = alloca i64 1" [dct.cpp:33]   --->   Operation 13 'alloca' 'col_inbuf' <Predicate = true> <Delay = 0.00> <CoreInst = "RAM">   --->   Core 82 'RAM' <Latency = 1> <II = 1> <Delay = 2.32> <Storage> <Opcode : 'load' 'store'> <Ports = 2> <Width = 16> <Depth = 8> <RAM>
ST_1 : Operation 14 [1/1] (0.00ns)   --->   "%col_inbuf_1 = alloca i64 1" [dct.cpp:33]   --->   Operation 14 'alloca' 'col_inbuf_1' <Predicate = true> <Delay = 0.00> <CoreInst = "RAM">   --->   Core 82 'RAM' <Latency = 1> <II = 1> <Delay = 2.32> <Storage> <Opcode : 'load' 'store'> <Ports = 2> <Width = 16> <Depth = 8> <RAM>
ST_1 : Operation 15 [1/1] (0.00ns)   --->   "%col_inbuf_2 = alloca i64 1" [dct.cpp:33]   --->   Operation 15 'alloca' 'col_inbuf_2' <Predicate = true> <Delay = 0.00> <CoreInst = "RAM">   --->   Core 82 'RAM' <Latency = 1> <II = 1> <Delay = 2.32> <Storage> <Opcode : 'load' 'store'> <Ports = 2> <Width = 16> <Depth = 8> <RAM>
ST_1 : Operation 16 [1/1] (0.00ns)   --->   "%col_inbuf_3 = alloca i64 1" [dct.cpp:33]   --->   Operation 16 'alloca' 'col_inbuf_3' <Predicate = true> <Delay = 0.00> <CoreInst = "RAM">   --->   Core 82 'RAM' <Latency = 1> <II = 1> <Delay = 2.32> <Storage> <Opcode : 'load' 'store'> <Ports = 2> <Width = 16> <Depth = 8> <RAM>
ST_1 : Operation 17 [1/1] (0.00ns)   --->   "%col_inbuf_4 = alloca i64 1" [dct.cpp:33]   --->   Operation 17 'alloca' 'col_inbuf_4' <Predicate = true> <Delay = 0.00> <CoreInst = "RAM">   --->   Core 82 'RAM' <Latency = 1> <II = 1> <Delay = 2.32> <Storage> <Opcode : 'load' 'store'> <Ports = 2> <Width = 16> <Depth = 8> <RAM>
ST_1 : Operation 18 [1/1] (0.00ns)   --->   "%col_inbuf_5 = alloca i64 1" [dct.cpp:33]   --->   Operation 18 'alloca' 'col_inbuf_5' <Predicate = true> <Delay = 0.00> <CoreInst = "RAM">   --->   Core 82 'RAM' <Latency = 1> <II = 1> <Delay = 2.32> <Storage> <Opcode : 'load' 'store'> <Ports = 2> <Width = 16> <Depth = 8> <RAM>
ST_1 : Operation 19 [1/1] (0.00ns)   --->   "%col_inbuf_6 = alloca i64 1" [dct.cpp:33]   --->   Operation 19 'alloca' 'col_inbuf_6' <Predicate = true> <Delay = 0.00> <CoreInst = "RAM">   --->   Core 82 'RAM' <Latency = 1> <II = 1> <Delay = 2.32> <Storage> <Opcode : 'load' 'store'> <Ports = 2> <Width = 16> <Depth = 8> <RAM>
ST_1 : Operation 20 [1/1] (0.00ns)   --->   "%col_inbuf_7 = alloca i64 1" [dct.cpp:33]   --->   Operation 20 'alloca' 'col_inbuf_7' <Predicate = true> <Delay = 0.00> <CoreInst = "RAM">   --->   Core 82 'RAM' <Latency = 1> <II = 1> <Delay = 2.32> <Storage> <Opcode : 'load' 'store'> <Ports = 2> <Width = 16> <Depth = 8> <RAM>
ST_1 : Operation 21 [1/1] (1.58ns)   --->   "%store_ln39 = store i4 0, i4 %i" [dct.cpp:39]   --->   Operation 21 'store' 'store_ln39' <Predicate = true> <Delay = 1.58>
ST_1 : Operation 22 [1/1] (0.00ns)   --->   "%br_ln39 = br void %for.inc" [dct.cpp:39]   --->   Operation 22 'br' 'br_ln39' <Predicate = true> <Delay = 0.00>

State 2 <SV = 1> <Delay = 3.32>
ST_2 : Operation 23 [1/1] (0.00ns)   --->   "%i_2 = load i4 %i" [dct.cpp:39]   --->   Operation 23 'load' 'i_2' <Predicate = true> <Delay = 0.00>
ST_2 : Operation 24 [1/1] (0.00ns)   --->   "%zext_ln39 = zext i4 %i_2" [dct.cpp:39]   --->   Operation 24 'zext' 'zext_ln39' <Predicate = true> <Delay = 0.00>
ST_2 : Operation 25 [1/1] (0.00ns)   --->   "%trunc_ln39 = trunc i4 %i_2" [dct.cpp:39]   --->   Operation 25 'trunc' 'trunc_ln39' <Predicate = true> <Delay = 0.00>
ST_2 : Operation 26 [1/1] (1.30ns)   --->   "%icmp_ln39 = icmp_eq  i4 %i_2, i4 8" [dct.cpp:39]   --->   Operation 26 'icmp' 'icmp_ln39' <Predicate = true> <Delay = 1.30> <CoreInst = "Cmp">   --->   Core 9 'Cmp' <Latency = 0> <II = 1> <Delay = 1.30> <FuncUnit> <Opcode : 'icmp'> <InPorts = 2> <OutPorts = 1>
ST_2 : Operation 27 [1/1] (0.00ns)   --->   "%empty = speclooptripcount i32 @_ssdm_op_SpecLoopTripCount, i64 8, i64 8, i64 8"   --->   Operation 27 'speclooptripcount' 'empty' <Predicate = true> <Delay = 0.00>
ST_2 : Operation 28 [1/1] (1.73ns)   --->   "%add_ln39 = add i4 %i_2, i4 1" [dct.cpp:39]   --->   Operation 28 'add' 'add_ln39' <Predicate = true> <Delay = 1.73> <CoreInst = "Adder">   --->   Core 1 'Adder' <Latency = 0> <II = 1> <Delay = 1.73> <FuncUnit> <Opcode : 'add' 'sub'> <InPorts = 2> <OutPorts = 1>
ST_2 : Operation 29 [1/1] (0.00ns)   --->   "%br_ln39 = br i1 %icmp_ln39, void %for.inc.split, void %for.inc18.preheader" [dct.cpp:39]   --->   Operation 29 'br' 'br_ln39' <Predicate = true> <Delay = 0.00>
ST_2 : Operation 30 [1/1] (0.00ns)   --->   "%in_block_0_addr = getelementptr i16 %in_block_0, i64 0, i64 %zext_ln39" [dct.cpp:40]   --->   Operation 30 'getelementptr' 'in_block_0_addr' <Predicate = (!icmp_ln39)> <Delay = 0.00>
ST_2 : Operation 31 [1/1] (0.00ns)   --->   "%in_block_1_addr = getelementptr i16 %in_block_1, i64 0, i64 %zext_ln39" [dct.cpp:40]   --->   Operation 31 'getelementptr' 'in_block_1_addr' <Predicate = (!icmp_ln39)> <Delay = 0.00>
ST_2 : Operation 32 [1/1] (0.00ns)   --->   "%in_block_2_addr = getelementptr i16 %in_block_2, i64 0, i64 %zext_ln39" [dct.cpp:40]   --->   Operation 32 'getelementptr' 'in_block_2_addr' <Predicate = (!icmp_ln39)> <Delay = 0.00>
ST_2 : Operation 33 [1/1] (0.00ns)   --->   "%in_block_3_addr = getelementptr i16 %in_block_3, i64 0, i64 %zext_ln39" [dct.cpp:40]   --->   Operation 33 'getelementptr' 'in_block_3_addr' <Predicate = (!icmp_ln39)> <Delay = 0.00>
ST_2 : Operation 34 [1/1] (0.00ns)   --->   "%in_block_4_addr = getelementptr i16 %in_block_4, i64 0, i64 %zext_ln39" [dct.cpp:40]   --->   Operation 34 'getelementptr' 'in_block_4_addr' <Predicate = (!icmp_ln39)> <Delay = 0.00>
ST_2 : Operation 35 [1/1] (0.00ns)   --->   "%in_block_5_addr = getelementptr i16 %in_block_5, i64 0, i64 %zext_ln39" [dct.cpp:40]   --->   Operation 35 'getelementptr' 'in_block_5_addr' <Predicate = (!icmp_ln39)> <Delay = 0.00>
ST_2 : Operation 36 [1/1] (0.00ns)   --->   "%in_block_6_addr = getelementptr i16 %in_block_6, i64 0, i64 %zext_ln39" [dct.cpp:40]   --->   Operation 36 'getelementptr' 'in_block_6_addr' <Predicate = (!icmp_ln39)> <Delay = 0.00>
ST_2 : Operation 37 [1/1] (0.00ns)   --->   "%in_block_7_addr = getelementptr i16 %in_block_7, i64 0, i64 %zext_ln39" [dct.cpp:40]   --->   Operation 37 'getelementptr' 'in_block_7_addr' <Predicate = (!icmp_ln39)> <Delay = 0.00>
ST_2 : Operation 38 [2/2] (2.32ns)   --->   "%in_block_0_load = load i3 %in_block_0_addr" [dct.cpp:40]   --->   Operation 38 'load' 'in_block_0_load' <Predicate = (!icmp_ln39)> <Delay = 2.32> <CoreInst = "RAM">   --->   Core 82 'RAM' <Latency = 1> <II = 1> <Delay = 2.32> <Storage> <Opcode : 'load' 'store'> <Ports = 2> <Width = 16> <Depth = 8> <RAM>
ST_2 : Operation 39 [2/2] (2.32ns)   --->   "%in_block_1_load = load i3 %in_block_1_addr" [dct.cpp:40]   --->   Operation 39 'load' 'in_block_1_load' <Predicate = (!icmp_ln39)> <Delay = 2.32> <CoreInst = "RAM">   --->   Core 82 'RAM' <Latency = 1> <II = 1> <Delay = 2.32> <Storage> <Opcode : 'load' 'store'> <Ports = 2> <Width = 16> <Depth = 8> <RAM>
ST_2 : Operation 40 [2/2] (2.32ns)   --->   "%in_block_2_load = load i3 %in_block_2_addr" [dct.cpp:40]   --->   Operation 40 'load' 'in_block_2_load' <Predicate = (!icmp_ln39)> <Delay = 2.32> <CoreInst = "RAM">   --->   Core 82 'RAM' <Latency = 1> <II = 1> <Delay = 2.32> <Storage> <Opcode : 'load' 'store'> <Ports = 2> <Width = 16> <Depth = 8> <RAM>
ST_2 : Operation 41 [2/2] (2.32ns)   --->   "%in_block_3_load = load i3 %in_block_3_addr" [dct.cpp:40]   --->   Operation 41 'load' 'in_block_3_load' <Predicate = (!icmp_ln39)> <Delay = 2.32> <CoreInst = "RAM">   --->   Core 82 'RAM' <Latency = 1> <II = 1> <Delay = 2.32> <Storage> <Opcode : 'load' 'store'> <Ports = 2> <Width = 16> <Depth = 8> <RAM>
ST_2 : Operation 42 [2/2] (2.32ns)   --->   "%in_block_4_load = load i3 %in_block_4_addr" [dct.cpp:40]   --->   Operation 42 'load' 'in_block_4_load' <Predicate = (!icmp_ln39)> <Delay = 2.32> <CoreInst = "RAM">   --->   Core 82 'RAM' <Latency = 1> <II = 1> <Delay = 2.32> <Storage> <Opcode : 'load' 'store'> <Ports = 2> <Width = 16> <Depth = 8> <RAM>
ST_2 : Operation 43 [2/2] (2.32ns)   --->   "%in_block_5_load = load i3 %in_block_5_addr" [dct.cpp:40]   --->   Operation 43 'load' 'in_block_5_load' <Predicate = (!icmp_ln39)> <Delay = 2.32> <CoreInst = "RAM">   --->   Core 82 'RAM' <Latency = 1> <II = 1> <Delay = 2.32> <Storage> <Opcode : 'load' 'store'> <Ports = 2> <Width = 16> <Depth = 8> <RAM>
ST_2 : Operation 44 [2/2] (2.32ns)   --->   "%in_block_6_load = load i3 %in_block_6_addr" [dct.cpp:40]   --->   Operation 44 'load' 'in_block_6_load' <Predicate = (!icmp_ln39)> <Delay = 2.32> <CoreInst = "RAM">   --->   Core 82 'RAM' <Latency = 1> <II = 1> <Delay = 2.32> <Storage> <Opcode : 'load' 'store'> <Ports = 2> <Width = 16> <Depth = 8> <RAM>
ST_2 : Operation 45 [2/2] (2.32ns)   --->   "%in_block_7_load = load i3 %in_block_7_addr" [dct.cpp:40]   --->   Operation 45 'load' 'in_block_7_load' <Predicate = (!icmp_ln39)> <Delay = 2.32> <CoreInst = "RAM">   --->   Core 82 'RAM' <Latency = 1> <II = 1> <Delay = 2.32> <Storage> <Opcode : 'load' 'store'> <Ports = 2> <Width = 16> <Depth = 8> <RAM>
ST_2 : Operation 46 [1/1] (1.58ns)   --->   "%store_ln39 = store i4 %add_ln39, i4 %i" [dct.cpp:39]   --->   Operation 46 'store' 'store_ln39' <Predicate = (!icmp_ln39)> <Delay = 1.58>
ST_2 : Operation 47 [1/1] (0.00ns)   --->   "%i_1 = alloca i32 1"   --->   Operation 47 'alloca' 'i_1' <Predicate = (icmp_ln39)> <Delay = 0.00>
ST_2 : Operation 48 [2/2] (0.00ns)   --->   "%call_ln0 = call void @dct_2d_Pipeline_Xpose_Row_Outer_Loop_Xpose_Row_Inner_Loop, i16 %col_inbuf, i16 %row_outbuf, i16 %col_inbuf_1, i16 %col_inbuf_2, i16 %col_inbuf_3, i16 %col_inbuf_4, i16 %col_inbuf_5, i16 %col_inbuf_6, i16 %col_inbuf_7"   --->   Operation 48 'call' 'call_ln0' <Predicate = (icmp_ln39)> <Delay = 0.00> <CoreType = "Generic">   --->   Core 0 '' <Latency = 0> <II = 1> <Delay = 1.00> <Generic> <Opcode : >
ST_2 : Operation 49 [1/1] (1.58ns)   --->   "%store_ln54 = store i4 0, i4 %i_1" [dct.cpp:54]   --->   Operation 49 'store' 'store_ln54' <Predicate = (icmp_ln39)> <Delay = 1.58>

State 3 <SV = 2> <Delay = 2.32>
ST_3 : Operation 50 [1/2] (2.32ns)   --->   "%in_block_0_load = load i3 %in_block_0_addr" [dct.cpp:40]   --->   Operation 50 'load' 'in_block_0_load' <Predicate = true> <Delay = 2.32> <CoreInst = "RAM">   --->   Core 82 'RAM' <Latency = 1> <II = 1> <Delay = 2.32> <Storage> <Opcode : 'load' 'store'> <Ports = 2> <Width = 16> <Depth = 8> <RAM>
ST_3 : Operation 51 [1/2] (2.32ns)   --->   "%in_block_1_load = load i3 %in_block_1_addr" [dct.cpp:40]   --->   Operation 51 'load' 'in_block_1_load' <Predicate = true> <Delay = 2.32> <CoreInst = "RAM">   --->   Core 82 'RAM' <Latency = 1> <II = 1> <Delay = 2.32> <Storage> <Opcode : 'load' 'store'> <Ports = 2> <Width = 16> <Depth = 8> <RAM>
ST_3 : Operation 52 [1/2] (2.32ns)   --->   "%in_block_2_load = load i3 %in_block_2_addr" [dct.cpp:40]   --->   Operation 52 'load' 'in_block_2_load' <Predicate = true> <Delay = 2.32> <CoreInst = "RAM">   --->   Core 82 'RAM' <Latency = 1> <II = 1> <Delay = 2.32> <Storage> <Opcode : 'load' 'store'> <Ports = 2> <Width = 16> <Depth = 8> <RAM>
ST_3 : Operation 53 [1/2] (2.32ns)   --->   "%in_block_3_load = load i3 %in_block_3_addr" [dct.cpp:40]   --->   Operation 53 'load' 'in_block_3_load' <Predicate = true> <Delay = 2.32> <CoreInst = "RAM">   --->   Core 82 'RAM' <Latency = 1> <II = 1> <Delay = 2.32> <Storage> <Opcode : 'load' 'store'> <Ports = 2> <Width = 16> <Depth = 8> <RAM>
ST_3 : Operation 54 [1/2] (2.32ns)   --->   "%in_block_4_load = load i3 %in_block_4_addr" [dct.cpp:40]   --->   Operation 54 'load' 'in_block_4_load' <Predicate = true> <Delay = 2.32> <CoreInst = "RAM">   --->   Core 82 'RAM' <Latency = 1> <II = 1> <Delay = 2.32> <Storage> <Opcode : 'load' 'store'> <Ports = 2> <Width = 16> <Depth = 8> <RAM>
ST_3 : Operation 55 [1/2] (2.32ns)   --->   "%in_block_5_load = load i3 %in_block_5_addr" [dct.cpp:40]   --->   Operation 55 'load' 'in_block_5_load' <Predicate = true> <Delay = 2.32> <CoreInst = "RAM">   --->   Core 82 'RAM' <Latency = 1> <II = 1> <Delay = 2.32> <Storage> <Opcode : 'load' 'store'> <Ports = 2> <Width = 16> <Depth = 8> <RAM>
ST_3 : Operation 56 [1/2] (2.32ns)   --->   "%in_block_6_load = load i3 %in_block_6_addr" [dct.cpp:40]   --->   Operation 56 'load' 'in_block_6_load' <Predicate = true> <Delay = 2.32> <CoreInst = "RAM">   --->   Core 82 'RAM' <Latency = 1> <II = 1> <Delay = 2.32> <Storage> <Opcode : 'load' 'store'> <Ports = 2> <Width = 16> <Depth = 8> <RAM>
ST_3 : Operation 57 [1/2] (2.32ns)   --->   "%in_block_7_load = load i3 %in_block_7_addr" [dct.cpp:40]   --->   Operation 57 'load' 'in_block_7_load' <Predicate = true> <Delay = 2.32> <CoreInst = "RAM">   --->   Core 82 'RAM' <Latency = 1> <II = 1> <Delay = 2.32> <Storage> <Opcode : 'load' 'store'> <Ports = 2> <Width = 16> <Depth = 8> <RAM>
ST_3 : Operation 58 [2/2] (0.00ns)   --->   "%call_ln40 = call void @dct_1d, i16 %in_block_0_load, i16 %in_block_1_load, i16 %in_block_2_load, i16 %in_block_3_load, i16 %in_block_4_load, i16 %in_block_5_load, i16 %in_block_6_load, i16 %in_block_7_load, i16 %row_outbuf, i3 %trunc_ln39, i14 %dct_1d_short_short_dct_coeff_table, i15 %dct_1d_short_short_dct_coeff_table_1, i15 %dct_1d_short_short_dct_coeff_table_2, i15 %dct_1d_short_short_dct_coeff_table_3, i15 %dct_1d_short_short_dct_coeff_table_4, i15 %dct_1d_short_short_dct_coeff_table_5, i15 %dct_1d_short_short_dct_coeff_table_6, i15 %dct_1d_short_short_dct_coeff_table_7" [dct.cpp:40]   --->   Operation 58 'call' 'call_ln40' <Predicate = true> <Delay = 0.00> <CoreType = "Generic">   --->   Core 0 '' <Latency = 0> <II = 1> <Delay = 1.00> <Generic> <Opcode : >

State 4 <SV = 3> <Delay = 0.00>
ST_4 : Operation 59 [1/1] (0.00ns)   --->   "%specloopname_ln34 = specloopname void @_ssdm_op_SpecLoopName, void @empty_6" [dct.cpp:34]   --->   Operation 59 'specloopname' 'specloopname_ln34' <Predicate = true> <Delay = 0.00>
ST_4 : Operation 60 [1/2] (0.00ns)   --->   "%call_ln40 = call void @dct_1d, i16 %in_block_0_load, i16 %in_block_1_load, i16 %in_block_2_load, i16 %in_block_3_load, i16 %in_block_4_load, i16 %in_block_5_load, i16 %in_block_6_load, i16 %in_block_7_load, i16 %row_outbuf, i3 %trunc_ln39, i14 %dct_1d_short_short_dct_coeff_table, i15 %dct_1d_short_short_dct_coeff_table_1, i15 %dct_1d_short_short_dct_coeff_table_2, i15 %dct_1d_short_short_dct_coeff_table_3, i15 %dct_1d_short_short_dct_coeff_table_4, i15 %dct_1d_short_short_dct_coeff_table_5, i15 %dct_1d_short_short_dct_coeff_table_6, i15 %dct_1d_short_short_dct_coeff_table_7" [dct.cpp:40]   --->   Operation 60 'call' 'call_ln40' <Predicate = true> <Delay = 0.00> <CoreType = "Generic">   --->   Core 0 '' <Latency = 0> <II = 1> <Delay = 1.00> <Generic> <Opcode : >
ST_4 : Operation 61 [1/1] (0.00ns)   --->   "%br_ln39 = br void %for.inc" [dct.cpp:39]   --->   Operation 61 'br' 'br_ln39' <Predicate = true> <Delay = 0.00>

State 5 <SV = 2> <Delay = 0.00>
ST_5 : Operation 62 [1/2] (0.00ns)   --->   "%call_ln0 = call void @dct_2d_Pipeline_Xpose_Row_Outer_Loop_Xpose_Row_Inner_Loop, i16 %col_inbuf, i16 %row_outbuf, i16 %col_inbuf_1, i16 %col_inbuf_2, i16 %col_inbuf_3, i16 %col_inbuf_4, i16 %col_inbuf_5, i16 %col_inbuf_6, i16 %col_inbuf_7"   --->   Operation 62 'call' 'call_ln0' <Predicate = true> <Delay = 0.00> <CoreType = "Generic">   --->   Core 0 '' <Latency = 0> <II = 1> <Delay = 1.00> <Generic> <Opcode : >
ST_5 : Operation 63 [1/1] (0.00ns)   --->   "%br_ln54 = br void %for.inc33" [dct.cpp:54]   --->   Operation 63 'br' 'br_ln54' <Predicate = true> <Delay = 0.00>

State 6 <SV = 3> <Delay = 3.32>
ST_6 : Operation 64 [1/1] (0.00ns)   --->   "%i_3 = load i4 %i_1" [dct.cpp:54]   --->   Operation 64 'load' 'i_3' <Predicate = true> <Delay = 0.00>
ST_6 : Operation 65 [1/1] (0.00ns)   --->   "%zext_ln54 = zext i4 %i_3" [dct.cpp:54]   --->   Operation 65 'zext' 'zext_ln54' <Predicate = true> <Delay = 0.00>
ST_6 : Operation 66 [1/1] (0.00ns)   --->   "%trunc_ln54 = trunc i4 %i_3" [dct.cpp:54]   --->   Operation 66 'trunc' 'trunc_ln54' <Predicate = true> <Delay = 0.00>
ST_6 : Operation 67 [1/1] (1.30ns)   --->   "%icmp_ln54 = icmp_eq  i4 %i_3, i4 8" [dct.cpp:54]   --->   Operation 67 'icmp' 'icmp_ln54' <Predicate = true> <Delay = 1.30> <CoreInst = "Cmp">   --->   Core 9 'Cmp' <Latency = 0> <II = 1> <Delay = 1.30> <FuncUnit> <Opcode : 'icmp'> <InPorts = 2> <OutPorts = 1>
ST_6 : Operation 68 [1/1] (0.00ns)   --->   "%empty_14 = speclooptripcount i32 @_ssdm_op_SpecLoopTripCount, i64 8, i64 8, i64 8"   --->   Operation 68 'speclooptripcount' 'empty_14' <Predicate = true> <Delay = 0.00>
ST_6 : Operation 69 [1/1] (1.73ns)   --->   "%add_ln54 = add i4 %i_3, i4 1" [dct.cpp:54]   --->   Operation 69 'add' 'add_ln54' <Predicate = true> <Delay = 1.73> <CoreInst = "Adder">   --->   Core 1 'Adder' <Latency = 0> <II = 1> <Delay = 1.73> <FuncUnit> <Opcode : 'add' 'sub'> <InPorts = 2> <OutPorts = 1>
ST_6 : Operation 70 [1/1] (0.00ns)   --->   "%br_ln54 = br i1 %icmp_ln54, void %for.inc33.split, void %for.inc50.preheader" [dct.cpp:54]   --->   Operation 70 'br' 'br_ln54' <Predicate = true> <Delay = 0.00>
ST_6 : Operation 71 [1/1] (0.00ns)   --->   "%col_inbuf_addr = getelementptr i16 %col_inbuf, i64 0, i64 %zext_ln54" [dct.cpp:55]   --->   Operation 71 'getelementptr' 'col_inbuf_addr' <Predicate = (!icmp_ln54)> <Delay = 0.00>
ST_6 : Operation 72 [1/1] (0.00ns)   --->   "%col_inbuf_1_addr = getelementptr i16 %col_inbuf_1, i64 0, i64 %zext_ln54" [dct.cpp:55]   --->   Operation 72 'getelementptr' 'col_inbuf_1_addr' <Predicate = (!icmp_ln54)> <Delay = 0.00>
ST_6 : Operation 73 [1/1] (0.00ns)   --->   "%col_inbuf_2_addr = getelementptr i16 %col_inbuf_2, i64 0, i64 %zext_ln54" [dct.cpp:55]   --->   Operation 73 'getelementptr' 'col_inbuf_2_addr' <Predicate = (!icmp_ln54)> <Delay = 0.00>
ST_6 : Operation 74 [1/1] (0.00ns)   --->   "%col_inbuf_3_addr = getelementptr i16 %col_inbuf_3, i64 0, i64 %zext_ln54" [dct.cpp:55]   --->   Operation 74 'getelementptr' 'col_inbuf_3_addr' <Predicate = (!icmp_ln54)> <Delay = 0.00>
ST_6 : Operation 75 [1/1] (0.00ns)   --->   "%col_inbuf_4_addr = getelementptr i16 %col_inbuf_4, i64 0, i64 %zext_ln54" [dct.cpp:55]   --->   Operation 75 'getelementptr' 'col_inbuf_4_addr' <Predicate = (!icmp_ln54)> <Delay = 0.00>
ST_6 : Operation 76 [1/1] (0.00ns)   --->   "%col_inbuf_5_addr = getelementptr i16 %col_inbuf_5, i64 0, i64 %zext_ln54" [dct.cpp:55]   --->   Operation 76 'getelementptr' 'col_inbuf_5_addr' <Predicate = (!icmp_ln54)> <Delay = 0.00>
ST_6 : Operation 77 [1/1] (0.00ns)   --->   "%col_inbuf_6_addr = getelementptr i16 %col_inbuf_6, i64 0, i64 %zext_ln54" [dct.cpp:55]   --->   Operation 77 'getelementptr' 'col_inbuf_6_addr' <Predicate = (!icmp_ln54)> <Delay = 0.00>
ST_6 : Operation 78 [1/1] (0.00ns)   --->   "%col_inbuf_7_addr = getelementptr i16 %col_inbuf_7, i64 0, i64 %zext_ln54" [dct.cpp:55]   --->   Operation 78 'getelementptr' 'col_inbuf_7_addr' <Predicate = (!icmp_ln54)> <Delay = 0.00>
ST_6 : Operation 79 [2/2] (2.32ns)   --->   "%col_inbuf_load = load i3 %col_inbuf_addr" [dct.cpp:55]   --->   Operation 79 'load' 'col_inbuf_load' <Predicate = (!icmp_ln54)> <Delay = 2.32> <CoreInst = "RAM">   --->   Core 82 'RAM' <Latency = 1> <II = 1> <Delay = 2.32> <Storage> <Opcode : 'load' 'store'> <Ports = 2> <Width = 16> <Depth = 8> <RAM>
ST_6 : Operation 80 [2/2] (2.32ns)   --->   "%col_inbuf_1_load = load i3 %col_inbuf_1_addr" [dct.cpp:55]   --->   Operation 80 'load' 'col_inbuf_1_load' <Predicate = (!icmp_ln54)> <Delay = 2.32> <CoreInst = "RAM">   --->   Core 82 'RAM' <Latency = 1> <II = 1> <Delay = 2.32> <Storage> <Opcode : 'load' 'store'> <Ports = 2> <Width = 16> <Depth = 8> <RAM>
ST_6 : Operation 81 [2/2] (2.32ns)   --->   "%col_inbuf_2_load = load i3 %col_inbuf_2_addr" [dct.cpp:55]   --->   Operation 81 'load' 'col_inbuf_2_load' <Predicate = (!icmp_ln54)> <Delay = 2.32> <CoreInst = "RAM">   --->   Core 82 'RAM' <Latency = 1> <II = 1> <Delay = 2.32> <Storage> <Opcode : 'load' 'store'> <Ports = 2> <Width = 16> <Depth = 8> <RAM>
ST_6 : Operation 82 [2/2] (2.32ns)   --->   "%col_inbuf_3_load = load i3 %col_inbuf_3_addr" [dct.cpp:55]   --->   Operation 82 'load' 'col_inbuf_3_load' <Predicate = (!icmp_ln54)> <Delay = 2.32> <CoreInst = "RAM">   --->   Core 82 'RAM' <Latency = 1> <II = 1> <Delay = 2.32> <Storage> <Opcode : 'load' 'store'> <Ports = 2> <Width = 16> <Depth = 8> <RAM>
ST_6 : Operation 83 [2/2] (2.32ns)   --->   "%col_inbuf_4_load = load i3 %col_inbuf_4_addr" [dct.cpp:55]   --->   Operation 83 'load' 'col_inbuf_4_load' <Predicate = (!icmp_ln54)> <Delay = 2.32> <CoreInst = "RAM">   --->   Core 82 'RAM' <Latency = 1> <II = 1> <Delay = 2.32> <Storage> <Opcode : 'load' 'store'> <Ports = 2> <Width = 16> <Depth = 8> <RAM>
ST_6 : Operation 84 [2/2] (2.32ns)   --->   "%col_inbuf_5_load = load i3 %col_inbuf_5_addr" [dct.cpp:55]   --->   Operation 84 'load' 'col_inbuf_5_load' <Predicate = (!icmp_ln54)> <Delay = 2.32> <CoreInst = "RAM">   --->   Core 82 'RAM' <Latency = 1> <II = 1> <Delay = 2.32> <Storage> <Opcode : 'load' 'store'> <Ports = 2> <Width = 16> <Depth = 8> <RAM>
ST_6 : Operation 85 [2/2] (2.32ns)   --->   "%col_inbuf_6_load = load i3 %col_inbuf_6_addr" [dct.cpp:55]   --->   Operation 85 'load' 'col_inbuf_6_load' <Predicate = (!icmp_ln54)> <Delay = 2.32> <CoreInst = "RAM">   --->   Core 82 'RAM' <Latency = 1> <II = 1> <Delay = 2.32> <Storage> <Opcode : 'load' 'store'> <Ports = 2> <Width = 16> <Depth = 8> <RAM>
ST_6 : Operation 86 [2/2] (2.32ns)   --->   "%col_inbuf_7_load = load i3 %col_inbuf_7_addr" [dct.cpp:55]   --->   Operation 86 'load' 'col_inbuf_7_load' <Predicate = (!icmp_ln54)> <Delay = 2.32> <CoreInst = "RAM">   --->   Core 82 'RAM' <Latency = 1> <II = 1> <Delay = 2.32> <Storage> <Opcode : 'load' 'store'> <Ports = 2> <Width = 16> <Depth = 8> <RAM>
ST_6 : Operation 87 [1/1] (1.58ns)   --->   "%store_ln54 = store i4 %add_ln54, i4 %i_1" [dct.cpp:54]   --->   Operation 87 'store' 'store_ln54' <Predicate = (!icmp_ln54)> <Delay = 1.58>
ST_6 : Operation 88 [2/2] (0.00ns)   --->   "%call_ln0 = call void @dct_2d_Pipeline_Xpose_Col_Outer_Loop_Xpose_Col_Inner_Loop, i16 %out_block, i16 %col_outbuf"   --->   Operation 88 'call' 'call_ln0' <Predicate = (icmp_ln54)> <Delay = 0.00> <CoreType = "Generic">   --->   Core 0 '' <Latency = 0> <II = 1> <Delay = 1.00> <Generic> <Opcode : >

State 7 <SV = 4> <Delay = 2.32>
ST_7 : Operation 89 [1/2] (2.32ns)   --->   "%col_inbuf_load = load i3 %col_inbuf_addr" [dct.cpp:55]   --->   Operation 89 'load' 'col_inbuf_load' <Predicate = true> <Delay = 2.32> <CoreInst = "RAM">   --->   Core 82 'RAM' <Latency = 1> <II = 1> <Delay = 2.32> <Storage> <Opcode : 'load' 'store'> <Ports = 2> <Width = 16> <Depth = 8> <RAM>
ST_7 : Operation 90 [1/2] (2.32ns)   --->   "%col_inbuf_1_load = load i3 %col_inbuf_1_addr" [dct.cpp:55]   --->   Operation 90 'load' 'col_inbuf_1_load' <Predicate = true> <Delay = 2.32> <CoreInst = "RAM">   --->   Core 82 'RAM' <Latency = 1> <II = 1> <Delay = 2.32> <Storage> <Opcode : 'load' 'store'> <Ports = 2> <Width = 16> <Depth = 8> <RAM>
ST_7 : Operation 91 [1/2] (2.32ns)   --->   "%col_inbuf_2_load = load i3 %col_inbuf_2_addr" [dct.cpp:55]   --->   Operation 91 'load' 'col_inbuf_2_load' <Predicate = true> <Delay = 2.32> <CoreInst = "RAM">   --->   Core 82 'RAM' <Latency = 1> <II = 1> <Delay = 2.32> <Storage> <Opcode : 'load' 'store'> <Ports = 2> <Width = 16> <Depth = 8> <RAM>
ST_7 : Operation 92 [1/2] (2.32ns)   --->   "%col_inbuf_3_load = load i3 %col_inbuf_3_addr" [dct.cpp:55]   --->   Operation 92 'load' 'col_inbuf_3_load' <Predicate = true> <Delay = 2.32> <CoreInst = "RAM">   --->   Core 82 'RAM' <Latency = 1> <II = 1> <Delay = 2.32> <Storage> <Opcode : 'load' 'store'> <Ports = 2> <Width = 16> <Depth = 8> <RAM>
ST_7 : Operation 93 [1/2] (2.32ns)   --->   "%col_inbuf_4_load = load i3 %col_inbuf_4_addr" [dct.cpp:55]   --->   Operation 93 'load' 'col_inbuf_4_load' <Predicate = true> <Delay = 2.32> <CoreInst = "RAM">   --->   Core 82 'RAM' <Latency = 1> <II = 1> <Delay = 2.32> <Storage> <Opcode : 'load' 'store'> <Ports = 2> <Width = 16> <Depth = 8> <RAM>
ST_7 : Operation 94 [1/2] (2.32ns)   --->   "%col_inbuf_5_load = load i3 %col_inbuf_5_addr" [dct.cpp:55]   --->   Operation 94 'load' 'col_inbuf_5_load' <Predicate = true> <Delay = 2.32> <CoreInst = "RAM">   --->   Core 82 'RAM' <Latency = 1> <II = 1> <Delay = 2.32> <Storage> <Opcode : 'load' 'store'> <Ports = 2> <Width = 16> <Depth = 8> <RAM>
ST_7 : Operation 95 [1/2] (2.32ns)   --->   "%col_inbuf_6_load = load i3 %col_inbuf_6_addr" [dct.cpp:55]   --->   Operation 95 'load' 'col_inbuf_6_load' <Predicate = true> <Delay = 2.32> <CoreInst = "RAM">   --->   Core 82 'RAM' <Latency = 1> <II = 1> <Delay = 2.32> <Storage> <Opcode : 'load' 'store'> <Ports = 2> <Width = 16> <Depth = 8> <RAM>
ST_7 : Operation 96 [1/2] (2.32ns)   --->   "%col_inbuf_7_load = load i3 %col_inbuf_7_addr" [dct.cpp:55]   --->   Operation 96 'load' 'col_inbuf_7_load' <Predicate = true> <Delay = 2.32> <CoreInst = "RAM">   --->   Core 82 'RAM' <Latency = 1> <II = 1> <Delay = 2.32> <Storage> <Opcode : 'load' 'store'> <Ports = 2> <Width = 16> <Depth = 8> <RAM>
ST_7 : Operation 97 [2/2] (0.00ns)   --->   "%call_ln55 = call void @dct_1d, i16 %col_inbuf_load, i16 %col_inbuf_1_load, i16 %col_inbuf_2_load, i16 %col_inbuf_3_load, i16 %col_inbuf_4_load, i16 %col_inbuf_5_load, i16 %col_inbuf_6_load, i16 %col_inbuf_7_load, i16 %col_outbuf, i3 %trunc_ln54, i14 %dct_1d_short_short_dct_coeff_table, i15 %dct_1d_short_short_dct_coeff_table_1, i15 %dct_1d_short_short_dct_coeff_table_2, i15 %dct_1d_short_short_dct_coeff_table_3, i15 %dct_1d_short_short_dct_coeff_table_4, i15 %dct_1d_short_short_dct_coeff_table_5, i15 %dct_1d_short_short_dct_coeff_table_6, i15 %dct_1d_short_short_dct_coeff_table_7" [dct.cpp:55]   --->   Operation 97 'call' 'call_ln55' <Predicate = true> <Delay = 0.00> <CoreType = "Generic">   --->   Core 0 '' <Latency = 0> <II = 1> <Delay = 1.00> <Generic> <Opcode : >

State 8 <SV = 5> <Delay = 0.00>
ST_8 : Operation 98 [1/1] (0.00ns)   --->   "%specloopname_ln34 = specloopname void @_ssdm_op_SpecLoopName, void @empty_4" [dct.cpp:34]   --->   Operation 98 'specloopname' 'specloopname_ln34' <Predicate = true> <Delay = 0.00>
ST_8 : Operation 99 [1/2] (0.00ns)   --->   "%call_ln55 = call void @dct_1d, i16 %col_inbuf_load, i16 %col_inbuf_1_load, i16 %col_inbuf_2_load, i16 %col_inbuf_3_load, i16 %col_inbuf_4_load, i16 %col_inbuf_5_load, i16 %col_inbuf_6_load, i16 %col_inbuf_7_load, i16 %col_outbuf, i3 %trunc_ln54, i14 %dct_1d_short_short_dct_coeff_table, i15 %dct_1d_short_short_dct_coeff_table_1, i15 %dct_1d_short_short_dct_coeff_table_2, i15 %dct_1d_short_short_dct_coeff_table_3, i15 %dct_1d_short_short_dct_coeff_table_4, i15 %dct_1d_short_short_dct_coeff_table_5, i15 %dct_1d_short_short_dct_coeff_table_6, i15 %dct_1d_short_short_dct_coeff_table_7" [dct.cpp:55]   --->   Operation 99 'call' 'call_ln55' <Predicate = true> <Delay = 0.00> <CoreType = "Generic">   --->   Core 0 '' <Latency = 0> <II = 1> <Delay = 1.00> <Generic> <Opcode : >
ST_8 : Operation 100 [1/1] (0.00ns)   --->   "%br_ln54 = br void %for.inc33" [dct.cpp:54]   --->   Operation 100 'br' 'br_ln54' <Predicate = true> <Delay = 0.00>

State 9 <SV = 4> <Delay = 0.00>
ST_9 : Operation 101 [1/2] (0.00ns)   --->   "%call_ln0 = call void @dct_2d_Pipeline_Xpose_Col_Outer_Loop_Xpose_Col_Inner_Loop, i16 %out_block, i16 %col_outbuf"   --->   Operation 101 'call' 'call_ln0' <Predicate = true> <Delay = 0.00> <CoreType = "Generic">   --->   Core 0 '' <Latency = 0> <II = 1> <Delay = 1.00> <Generic> <Opcode : >
ST_9 : Operation 102 [1/1] (0.00ns)   --->   "%ret_ln66 = ret" [dct.cpp:66]   --->   Operation 102 'ret' 'ret_ln66' <Predicate = true> <Delay = 0.00>


============================================================
+ Verbose Summary: Timing violations
============================================================
Target clock period: 10ns, clock uncertainty: 2.7ns.

 <State 1>: 1.59ns
The critical path consists of the following:
	'alloca' operation ('i') [18]  (0 ns)
	'store' operation ('store_ln39', dct.cpp:39) of constant 0 on local variable 'i' [29]  (1.59 ns)

 <State 2>: 3.32ns
The critical path consists of the following:
	'load' operation ('i', dct.cpp:39) on local variable 'i' [32]  (0 ns)
	'add' operation ('add_ln39', dct.cpp:39) [37]  (1.74 ns)
	'store' operation ('store_ln39', dct.cpp:39) of variable 'add_ln39', dct.cpp:39 on local variable 'i' [58]  (1.59 ns)

 <State 3>: 2.32ns
The critical path consists of the following:
	'load' operation ('in_block_0_load', dct.cpp:40) on array 'in_block_0' [49]  (2.32 ns)

 <State 4>: 0ns
The critical path consists of the following:

 <State 5>: 0ns
The critical path consists of the following:

 <State 6>: 3.32ns
The critical path consists of the following:
	'load' operation ('i', dct.cpp:54) on local variable 'i' [66]  (0 ns)
	'add' operation ('add_ln54', dct.cpp:54) [71]  (1.74 ns)
	'store' operation ('store_ln54', dct.cpp:54) of variable 'add_ln54', dct.cpp:54 on local variable 'i' [92]  (1.59 ns)

 <State 7>: 2.32ns
The critical path consists of the following:
	'load' operation ('col_inbuf_load', dct.cpp:55) on array 'col_inbuf', dct.cpp:33 [83]  (2.32 ns)

 <State 8>: 0ns
The critical path consists of the following:

 <State 9>: 0ns
The critical path consists of the following:


============================================================
+ Verbose Summary: Binding
============================================================
N/A
* FSMD analyzer results:
  - Output states:
 - Input state : 
  - Chain level:
	State 1
	State 2
	State 3
	State 4
	State 5
	State 6
	State 7
	State 8
	State 9


============================================================
+ Verbose Summary: Datapath Resource usage 
============================================================
N/A
