

================================================================
== Synthesis Summary Report of 'dft'
================================================================
+ General Information: 
    * Date:           Thu Mar 30 17:49:09 2023
    * Version:        2022.1 (Build 3526262 on Mon Apr 18 15:48:16 MDT 2022)
    * Project:        DFT_256_IOArray
    * Solution:       solution1 (Vivado IP Flow Target)
    * Product family: zynq
    * Target device:  xc7z020-clg400-1
    

+ Performance & Resource Estimates: 
    
    PS: '+' for module; 'o' for loop; '*' for dataflow
    +--------------------+------+------+---------+-----------+----------+---------+------+----------+--------+---------+-----------+-----------+-----+
    |       Modules      | Issue|      | Latency |  Latency  | Iteration|         | Trip |          |        |         |           |           |     |
    |       & Loops      | Type | Slack| (cycles)|    (ns)   |  Latency | Interval| Count| Pipelined|  BRAM  |   DSP   |     FF    |    LUT    | URAM|
    +--------------------+------+------+---------+-----------+----------+---------+------+----------+--------+---------+-----------+-----------+-----+
    |+ dft               |     -|  0.04|  1116164|  1.116e+07|         -|  1116165|     -|        no|  6 (2%)|  16 (7%)|  1512 (1%)|  2541 (4%)|    -|
    | o READ_LOOP        |     -|  7.30|      512|  5.120e+03|         2|        -|   256|        no|       -|        -|          -|          -|    -|
    | o DFT_INIT_LOOP    |     -|  7.30|      256|  2.560e+03|         1|        -|   256|        no|       -|        -|          -|          -|    -|
    | o DFT_OUTER_LOOP   |     -|  7.30|  1114880|  1.115e+07|      4355|        -|   256|        no|       -|        -|          -|          -|    -|
    |  o DFT_INNER_LOOP  |     -|  7.30|     4352|  4.352e+04|        17|        -|   256|        no|       -|        -|          -|          -|    -|
    | o WRITE_LOOP       |     -|  7.30|      512|  5.120e+03|         2|        -|   256|        no|       -|        -|          -|          -|    -|
    +--------------------+------+------+---------+-----------+----------+---------+------+----------+--------+---------+-----------+-----------+-----+


================================================================
== HW Interfaces
================================================================
* AP_MEMORY
+----------------------+----------+
| Interface            | Bitwidth |
+----------------------+----------+
| Imag_freq_address0   | 8        |
| Imag_freq_d0         | 32       |
| Real_freq_address0   | 8        |
| Real_freq_d0         | 32       |
| imag_sample_address0 | 8        |
| imag_sample_q0       | 32       |
| real_sample_address0 | 8        |
| real_sample_q0       | 32       |
+----------------------+----------+

* TOP LEVEL CONTROL
+-----------+------------+-----------------------------------+
| Interface | Type       | Ports                             |
+-----------+------------+-----------------------------------+
| ap_clk    | clock      | ap_clk                            |
| ap_rst    | reset      | ap_rst                            |
| ap_ctrl   | ap_ctrl_hs | ap_done ap_idle ap_ready ap_start |
+-----------+------------+-----------------------------------+


================================================================
== SW I/O Information
================================================================
* Top Function Arguments
+-------------+-----------+----------+
| Argument    | Direction | Datatype |
+-------------+-----------+----------+
| real_sample | in        | float*   |
| imag_sample | in        | float*   |
| Real_freq   | out       | float*   |
| Imag_freq   | out       | float*   |
+-------------+-----------+----------+

* SW-to-HW Mapping
+-------------+----------------------+---------+----------+
| Argument    | HW Interface         | HW Type | HW Usage |
+-------------+----------------------+---------+----------+
| real_sample | real_sample_address0 | port    | offset   |
| real_sample | real_sample_ce0      | port    |          |
| real_sample | real_sample_q0       | port    |          |
| imag_sample | imag_sample_address0 | port    | offset   |
| imag_sample | imag_sample_ce0      | port    |          |
| imag_sample | imag_sample_q0       | port    |          |
| Real_freq   | Real_freq_address0   | port    | offset   |
| Real_freq   | Real_freq_ce0        | port    |          |
| Real_freq   | Real_freq_we0        | port    |          |
| Real_freq   | Real_freq_d0         | port    |          |
| Imag_freq   | Imag_freq_address0   | port    | offset   |
| Imag_freq   | Imag_freq_ce0        | port    |          |
| Imag_freq   | Imag_freq_we0        | port    |          |
| Imag_freq   | Imag_freq_d0         | port    |          |
+-------------+----------------------+---------+----------+


================================================================
== Bind Op Report
================================================================
+-----------------------------------------+-----+--------+----------+------+---------+---------+
| Name                                    | DSP | Pragma | Variable | Op   | Impl    | Latency |
+-----------------------------------------+-----+--------+----------+------+---------+---------+
| + dft                                   | 16  |        |          |      |         |         |
|   add_ln10_fu_338_p2                    | -   |        | add_ln10 | add  | fabric  | 0       |
|   add_ln24_fu_379_p2                    | -   |        | add_ln24 | add  | fabric  | 0       |
|   add_ln30_fu_414_p2                    | -   |        | add_ln30 | add  | fabric  | 0       |
|   add_ln32_fu_437_p2                    | -   |        | add_ln32 | add  | fabric  | 0       |
|   add_ln33_fu_443_p2                    | -   |        | add_ln33 | add  | fabric  | 0       |
|   fmul_32ns_32ns_32_4_max_dsp_1_U3      | 3   |        | mul13_i  | fmul | maxdsp  | 3       |
|   fmul_32ns_32ns_32_4_max_dsp_1_U4      | 3   |        | mul20_i  | fmul | maxdsp  | 3       |
|   faddfsub_32ns_32ns_32_5_full_dsp_1_U1 | 2   |        | sub_i    | fsub | fulldsp | 4       |
|   faddfsub_32ns_32ns_32_5_full_dsp_1_U1 | 2   |        | add_i    | fsub | fulldsp | 4       |
|   fmul_32ns_32ns_32_4_max_dsp_1_U5      | 3   |        | mul29_i  | fmul | maxdsp  | 3       |
|   fmul_32ns_32ns_32_4_max_dsp_1_U6      | 3   |        | mul36_i  | fmul | maxdsp  | 3       |
|   fadd_32ns_32ns_32_5_full_dsp_1_U2     | 2   |        | add37_i  | fadd | fulldsp | 4       |
|   fadd_32ns_32ns_32_5_full_dsp_1_U2     | 2   |        | add40_i  | fadd | fulldsp | 4       |
|   add_ln46_fu_473_p2                    | -   |        | add_ln46 | add  | fabric  | 0       |
+-----------------------------------------+-----+--------+----------+------+---------+---------+


================================================================
== Bind Storage Report
================================================================
+----------------------------+------+------+--------+------------------------+---------+------+---------+
| Name                       | BRAM | URAM | Pragma | Variable               | Storage | Impl | Latency |
+----------------------------+------+------+--------+------------------------+---------+------+---------+
| + dft                      | 6    | 0    |        |                        |         |      |         |
|   real_in_U                | 1    | -    |        | real_in                | ram_1p  | auto | 1       |
|   imag_in_U                | 1    | -    |        | imag_in                | ram_1p  | auto | 1       |
|   real_out_U               | 1    | -    |        | real_out               | ram_1p  | auto | 1       |
|   imag_out_U               | 1    | -    |        | imag_out               | ram_1p  | auto | 1       |
|   cos_coefficients_table_U | 1    | -    |        | cos_coefficients_table | rom_1p  | auto | 1       |
|   sin_coefficients_table_U | 1    | -    |        | sin_coefficients_table | rom_1p  | auto | 1       |
+----------------------------+------+------+--------+------------------------+---------+------+---------+


================================================================
== Pragma Report
================================================================
* Valid Pragma Syntax
+----------+---------+---------------------------------------------------+
| Type     | Options | Location                                          |
+----------+---------+---------------------------------------------------+
| pipeline | off     | DFT_256_IOArray/solution1/directives.tcl:6 in dft |
+----------+---------+---------------------------------------------------+


