   Build using "D:/Xilinx/Vitis_HLS/2022.1/tps/win64/msys64/mingw64/bin/g++"
   Compiling apatb_adders.cpp
   Compiling (apcc) adders.c_pre.c.tb.c
INFO: [HLS 200-10] Running 'D:/Xilinx/Vitis_HLS/2022.1/bin/unwrapped/win64.o/apcc.exe'
INFO: [HLS 200-10] For user 'Bill' on host 'desktop-650nisa' (Windows NT_amd64 version 6.2) on Sun Mar 12 23:24:04 +0800 2023
INFO: [HLS 200-10] In directory 'D:/LAB/Interface_Synthesis/lab1/adders_prj/solution1/sim/wrapc'
clang: warning: argument unused during compilation: '-fno-builtin-isinf'
clang: warning: argument unused during compilation: '-fno-builtin-isnan'
INFO: [APCC 202-3] Tmp directory is apcc_db
INFO: [APCC 202-1] APCC is done.
INFO: [HLS 200-112] Total CPU user time: 0 seconds. Total CPU system time: 0 seconds. Total elapsed time: 2.396 seconds; peak allocated memory: 0.461 MB.
   Compiling (apcc) adders_test.c_pre.c.tb.c
INFO: [HLS 200-10] Running 'D:/Xilinx/Vitis_HLS/2022.1/bin/unwrapped/win64.o/apcc.exe'
INFO: [HLS 200-10] For user 'Bill' on host 'desktop-650nisa' (Windows NT_amd64 version 6.2) on Sun Mar 12 23:24:08 +0800 2023
INFO: [HLS 200-10] In directory 'D:/LAB/Interface_Synthesis/lab1/adders_prj/solution1/sim/wrapc'
clang: warning: argument unused during compilation: '-fno-builtin-isinf'
clang: warning: argument unused during compilation: '-fno-builtin-isnan'
INFO: [APCC 202-3] Tmp directory is apcc_db
INFO: [APCC 202-1] APCC is done.
INFO: [HLS 200-112] Total CPU user time: 0 seconds. Total CPU system time: 0 seconds. Total elapsed time: 2.395 seconds; peak allocated memory: 0.863 MB.
   Compiling apatb_adders_ir.ll
   Generating cosim.tv.exe
